#-----------------------------------------------------------
# Vivado v2017.4 (64-bit)
# SW Build 2086221 on Fri Dec 15 20:55:39 MST 2017
# IP Build 2085800 on Fri Dec 15 22:25:07 MST 2017
# Start of session at: Wed Feb  8 00:03:20 2023
# Process ID: 18524
# Current directory: C:/Users/panze/Documents/Project/Vivado_Work/Spectral_Analyzer
# Command line: vivado.exe -gui_launcher_event rodinguilauncherevent19284 C:\Users\panze\Documents\Project\Vivado_Work\Spectral_Analyzer\Spectral_Analyzer.xpr
# Log file: C:/Users/panze/Documents/Project/Vivado_Work/Spectral_Analyzer/vivado.log
# Journal file: C:/Users/panze/Documents/Project/Vivado_Work/Spectral_Analyzer\vivado.jou
#-----------------------------------------------------------
start_gui
open_project C:/Users/panze/Documents/Project/Vivado_Work/Spectral_Analyzer/Spectral_Analyzer.xpr
Scanning sources...
Finished scanning sources
INFO: [IP_Flow 19-234] Refreshing IP repositories
INFO: [IP_Flow 19-1700] Loaded user IP repository 'c:/Users/panze/Documents/Project/Vivado_Work/ip_repo'.
INFO: [IP_Flow 19-2313] Loaded Vivado IP repository 'C:/Xilinx/Vivado/2017.4/data/ip'.
open_project: Time (s): cpu = 00:00:15 ; elapsed = 00:00:11 . Memory (MB): peak = 808.133 ; gain = 93.621
update_compile_order -fileset sources_1
launch_sdk -workspace C:/Users/panze/Documents/Project/Vivado_Work/Spectral_Analyzer/Spectral_Analyzer.sdk -hwspec C:/Users/panze/Documents/Project/Vivado_Work/Spectral_Analyzer/Spectral_Analyzer.sdk/Audio_Interface_wrapper.hdf
INFO: [Vivado 12-393] Launching SDK...
INFO: [Vivado 12-417] Running xsdk -workspace C:/Users/panze/Documents/Project/Vivado_Work/Spectral_Analyzer/Spectral_Analyzer.sdk -hwspec C:/Users/panze/Documents/Project/Vivado_Work/Spectral_Analyzer/Spectral_Analyzer.sdk/Audio_Interface_wrapper.hdf
INFO: [Vivado 12-3157] SDK launch initiated. Please check console for any further messages.
launch_sdk -workspace C:/Users/panze/Documents/Project/Vivado_Work/Spectral_Analyzer/Spectral_Analyzer.sdk -hwspec C:/Users/panze/Documents/Project/Vivado_Work/Spectral_Analyzer/Spectral_Analyzer.sdk/Audio_Interface_wrapper.hdf
INFO: [Vivado 12-393] Launching SDK...
INFO: [Vivado 12-417] Running xsdk -workspace C:/Users/panze/Documents/Project/Vivado_Work/Spectral_Analyzer/Spectral_Analyzer.sdk -hwspec C:/Users/panze/Documents/Project/Vivado_Work/Spectral_Analyzer/Spectral_Analyzer.sdk/Audio_Interface_wrapper.hdf
INFO: [Vivado 12-3157] SDK launch initiated. Please check console for any further messages.
launch_sdk -workspace C:/Users/panze/Documents/Project/Vivado_Work/Spectral_Analyzer/Spectral_Analyzer.sdk -hwspec C:/Users/panze/Documents/Project/Vivado_Work/Spectral_Analyzer/Spectral_Analyzer.sdk/Audio_Interface_wrapper.hdf
INFO: [Vivado 12-393] Launching SDK...
INFO: [Vivado 12-417] Running xsdk -workspace C:/Users/panze/Documents/Project/Vivado_Work/Spectral_Analyzer/Spectral_Analyzer.sdk -hwspec C:/Users/panze/Documents/Project/Vivado_Work/Spectral_Analyzer/Spectral_Analyzer.sdk/Audio_Interface_wrapper.hdf
INFO: [Vivado 12-3157] SDK launch initiated. Please check console for any further messages.
