
*** Running vivado
    with args -log Audio_Interface_axi_data_fifo_0_0.vds -m64 -product Vivado -mode batch -messageDb vivado.pb -notrace -source Audio_Interface_axi_data_fifo_0_0.tcl


****** Vivado v2017.4 (64-bit)
  **** SW Build 2086221 on Fri Dec 15 20:55:39 MST 2017
  **** IP Build 2085800 on Fri Dec 15 22:25:07 MST 2017
    ** Copyright 1986-2017 Xilinx, Inc. All Rights Reserved.

source Audio_Interface_axi_data_fifo_0_0.tcl -notrace
Command: synth_design -top Audio_Interface_axi_data_fifo_0_0 -part xc7z020clg400-1 -mode out_of_context
Starting synth_design
Attempting to get a license for feature 'Synthesis' and/or device 'xc7z020'
INFO: [Common 17-349] Got license for feature 'Synthesis' and/or device 'xc7z020'
INFO: Launching helper process for spawning children vivado processes
INFO: Helper process launched with PID 7836 
---------------------------------------------------------------------------------
Starting RTL Elaboration : Time (s): cpu = 00:00:07 ; elapsed = 00:00:08 . Memory (MB): peak = 364.496 ; gain = 103.602
---------------------------------------------------------------------------------
INFO: [Synth 8-638] synthesizing module 'Audio_Interface_axi_data_fifo_0_0' [c:/Users/panze/Documents/Project/Vivado_Work/Spectral_Analyzer/Spectral_Analyzer.srcs/sources_1/bd/Audio_Interface/ip/Audio_Interface_axi_data_fifo_0_0/synth/Audio_Interface_axi_data_fifo_0_0.v:58]
INFO: [Synth 8-638] synthesizing module 'axi_data_fifo_v2_1_14_axi_data_fifo' [c:/Users/panze/Documents/Project/Vivado_Work/Spectral_Analyzer/Spectral_Analyzer.srcs/sources_1/bd/Audio_Interface/ipshared/9909/hdl/axi_data_fifo_v2_1_vl_rfs.v:1283]
	Parameter C_FAMILY bound to: zynq - type: string 
	Parameter C_AXI_PROTOCOL bound to: 2 - type: integer 
	Parameter C_AXI_ID_WIDTH bound to: 1 - type: integer 
	Parameter C_AXI_ADDR_WIDTH bound to: 32 - type: integer 
	Parameter C_AXI_DATA_WIDTH bound to: 32 - type: integer 
	Parameter C_AXI_SUPPORTS_USER_SIGNALS bound to: 0 - type: integer 
	Parameter C_AXI_AWUSER_WIDTH bound to: 1 - type: integer 
	Parameter C_AXI_ARUSER_WIDTH bound to: 1 - type: integer 
	Parameter C_AXI_WUSER_WIDTH bound to: 1 - type: integer 
	Parameter C_AXI_RUSER_WIDTH bound to: 1 - type: integer 
	Parameter C_AXI_BUSER_WIDTH bound to: 1 - type: integer 
	Parameter C_AXI_WRITE_FIFO_DEPTH bound to: 0 - type: integer 
	Parameter C_AXI_WRITE_FIFO_TYPE bound to: lut - type: string 
	Parameter C_AXI_WRITE_FIFO_DELAY bound to: 0 - type: integer 
	Parameter C_AXI_READ_FIFO_DEPTH bound to: 0 - type: integer 
	Parameter C_AXI_READ_FIFO_TYPE bound to: lut - type: string 
	Parameter C_AXI_READ_FIFO_DELAY bound to: 0 - type: integer 
	Parameter P_WIDTH_RACH bound to: 63 - type: integer 
	Parameter P_WIDTH_WACH bound to: 63 - type: integer 
	Parameter P_WIDTH_RDCH bound to: 37 - type: integer 
	Parameter P_WIDTH_WDCH bound to: 38 - type: integer 
	Parameter P_WIDTH_WRCH bound to: 4 - type: integer 
	Parameter P_PRIM_FIFO_TYPE bound to: 512x72 - type: string 
	Parameter P_AXI4 bound to: 0 - type: integer 
	Parameter P_AXI3 bound to: 1 - type: integer 
	Parameter P_AXILITE bound to: 2 - type: integer 
	Parameter P_WRITE_FIFO_DEPTH_LOG bound to: 1 - type: integer 
	Parameter P_READ_FIFO_DEPTH_LOG bound to: 1 - type: integer 
INFO: [Synth 8-256] done synthesizing module 'axi_data_fifo_v2_1_14_axi_data_fifo' (1#1) [c:/Users/panze/Documents/Project/Vivado_Work/Spectral_Analyzer/Spectral_Analyzer.srcs/sources_1/bd/Audio_Interface/ipshared/9909/hdl/axi_data_fifo_v2_1_vl_rfs.v:1283]
INFO: [Synth 8-256] done synthesizing module 'Audio_Interface_axi_data_fifo_0_0' (2#1) [c:/Users/panze/Documents/Project/Vivado_Work/Spectral_Analyzer/Spectral_Analyzer.srcs/sources_1/bd/Audio_Interface/ip/Audio_Interface_axi_data_fifo_0_0/synth/Audio_Interface_axi_data_fifo_0_0.v:58]
WARNING: [Synth 8-3331] design axi_data_fifo_v2_1_14_axi_data_fifo has unconnected port aclk
WARNING: [Synth 8-3331] design axi_data_fifo_v2_1_14_axi_data_fifo has unconnected port aresetn
---------------------------------------------------------------------------------
Finished RTL Elaboration : Time (s): cpu = 00:00:13 ; elapsed = 00:00:15 . Memory (MB): peak = 511.559 ; gain = 250.664
---------------------------------------------------------------------------------

Report Check Netlist: 
+------+------------------+-------+---------+-------+------------------+
|      |Item              |Errors |Warnings |Status |Description       |
+------+------------------+-------+---------+-------+------------------+
|1     |multi_driven_nets |      0|        0|Passed |Multi driven nets |
+------+------------------+-------+---------+-------+------------------+
---------------------------------------------------------------------------------
Finished RTL Optimization Phase 1 : Time (s): cpu = 00:00:13 ; elapsed = 00:00:15 . Memory (MB): peak = 511.559 ; gain = 250.664
---------------------------------------------------------------------------------
INFO: [Device 21-403] Loading part xc7z020clg400-1
INFO: [Project 1-570] Preparing netlist for logic optimization

Processing XDC Constraints
Initializing timing engine
Parsing XDC File [c:/Users/panze/Documents/Project/Vivado_Work/Spectral_Analyzer/Spectral_Analyzer.srcs/sources_1/bd/Audio_Interface/ip/Audio_Interface_axi_data_fifo_0_0/Audio_Interface_axi_data_fifo_0_0_ooc.xdc] for cell 'inst'
Finished Parsing XDC File [c:/Users/panze/Documents/Project/Vivado_Work/Spectral_Analyzer/Spectral_Analyzer.srcs/sources_1/bd/Audio_Interface/ip/Audio_Interface_axi_data_fifo_0_0/Audio_Interface_axi_data_fifo_0_0_ooc.xdc] for cell 'inst'
Parsing XDC File [C:/Users/panze/Documents/Project/Vivado_Work/Spectral_Analyzer/Spectral_Analyzer.runs/Audio_Interface_axi_data_fifo_0_0_synth_1/dont_touch.xdc]
Finished Parsing XDC File [C:/Users/panze/Documents/Project/Vivado_Work/Spectral_Analyzer/Spectral_Analyzer.runs/Audio_Interface_axi_data_fifo_0_0_synth_1/dont_touch.xdc]
Completed Processing XDC Constraints

INFO: [Project 1-111] Unisim Transformation Summary:
No Unisim elements were transformed.

Constraint Validation Runtime : Time (s): cpu = 00:00:00 ; elapsed = 00:00:00.018 . Memory (MB): peak = 690.090 ; gain = 0.000
---------------------------------------------------------------------------------
Finished Constraint Validation : Time (s): cpu = 00:00:24 ; elapsed = 00:00:26 . Memory (MB): peak = 690.090 ; gain = 429.195
---------------------------------------------------------------------------------
---------------------------------------------------------------------------------
Start Loading Part and Timing Information
---------------------------------------------------------------------------------
Loading part: xc7z020clg400-1
---------------------------------------------------------------------------------
Finished Loading Part and Timing Information : Time (s): cpu = 00:00:24 ; elapsed = 00:00:26 . Memory (MB): peak = 690.090 ; gain = 429.195
---------------------------------------------------------------------------------
---------------------------------------------------------------------------------
Start Applying 'set_property' XDC Constraints
---------------------------------------------------------------------------------
Applied set_property DONT_TOUCH = true for inst. (constraint file  C:/Users/panze/Documents/Project/Vivado_Work/Spectral_Analyzer/Spectral_Analyzer.runs/Audio_Interface_axi_data_fifo_0_0_synth_1/dont_touch.xdc, line 9).
---------------------------------------------------------------------------------
Finished applying 'set_property' XDC Constraints : Time (s): cpu = 00:00:24 ; elapsed = 00:00:26 . Memory (MB): peak = 690.090 ; gain = 429.195
---------------------------------------------------------------------------------
---------------------------------------------------------------------------------
Finished RTL Optimization Phase 2 : Time (s): cpu = 00:00:24 ; elapsed = 00:00:26 . Memory (MB): peak = 690.090 ; gain = 429.195
---------------------------------------------------------------------------------

Report RTL Partitions: 
+-+--------------+------------+----------+
| |RTL Partition |Replication |Instances |
+-+--------------+------------+----------+
+-+--------------+------------+----------+
---------------------------------------------------------------------------------
Start RTL Component Statistics 
---------------------------------------------------------------------------------
Detailed RTL Component Info : 
---------------------------------------------------------------------------------
Finished RTL Component Statistics 
---------------------------------------------------------------------------------
---------------------------------------------------------------------------------
Start RTL Hierarchical Component Statistics 
---------------------------------------------------------------------------------
Hierarchical RTL Component report 
---------------------------------------------------------------------------------
Finished RTL Hierarchical Component Statistics
---------------------------------------------------------------------------------
---------------------------------------------------------------------------------
Start Part Resource Summary
---------------------------------------------------------------------------------
Part Resources:
DSPs: 220 (col length:60)
BRAMs: 280 (col length: RAMB18 60 RAMB36 30)
---------------------------------------------------------------------------------
Finished Part Resource Summary
---------------------------------------------------------------------------------
---------------------------------------------------------------------------------
Start Cross Boundary and Area Optimization
---------------------------------------------------------------------------------
WARNING: [Synth 8-3331] design axi_data_fifo_v2_1_14_axi_data_fifo has unconnected port aclk
WARNING: [Synth 8-3331] design axi_data_fifo_v2_1_14_axi_data_fifo has unconnected port aresetn
---------------------------------------------------------------------------------
Finished Cross Boundary and Area Optimization : Time (s): cpu = 00:00:24 ; elapsed = 00:00:27 . Memory (MB): peak = 690.090 ; gain = 429.195
---------------------------------------------------------------------------------

Report RTL Partitions: 
+-+--------------+------------+----------+
| |RTL Partition |Replication |Instances |
+-+--------------+------------+----------+
+-+--------------+------------+----------+
---------------------------------------------------------------------------------
Start Applying XDC Timing Constraints
---------------------------------------------------------------------------------
---------------------------------------------------------------------------------
Finished Applying XDC Timing Constraints : Time (s): cpu = 00:00:32 ; elapsed = 00:00:35 . Memory (MB): peak = 748.402 ; gain = 487.508
---------------------------------------------------------------------------------
---------------------------------------------------------------------------------
Start Timing Optimization
---------------------------------------------------------------------------------
---------------------------------------------------------------------------------
Finished Timing Optimization : Time (s): cpu = 00:00:32 ; elapsed = 00:00:35 . Memory (MB): peak = 748.477 ; gain = 487.582
---------------------------------------------------------------------------------

Report RTL Partitions: 
+-+--------------+------------+----------+
| |RTL Partition |Replication |Instances |
+-+--------------+------------+----------+
+-+--------------+------------+----------+
---------------------------------------------------------------------------------
Start Technology Mapping
---------------------------------------------------------------------------------
---------------------------------------------------------------------------------
Finished Technology Mapping : Time (s): cpu = 00:00:32 ; elapsed = 00:00:35 . Memory (MB): peak = 758.137 ; gain = 497.242
---------------------------------------------------------------------------------

Report RTL Partitions: 
+-+--------------+------------+----------+
| |RTL Partition |Replication |Instances |
+-+--------------+------------+----------+
+-+--------------+------------+----------+
---------------------------------------------------------------------------------
Start IO Insertion
---------------------------------------------------------------------------------
---------------------------------------------------------------------------------
Start Flattening Before IO Insertion
---------------------------------------------------------------------------------
---------------------------------------------------------------------------------
Finished Flattening Before IO Insertion
---------------------------------------------------------------------------------
---------------------------------------------------------------------------------
Start Final Netlist Cleanup
---------------------------------------------------------------------------------
---------------------------------------------------------------------------------
Finished Final Netlist Cleanup
---------------------------------------------------------------------------------
---------------------------------------------------------------------------------
Finished IO Insertion : Time (s): cpu = 00:00:33 ; elapsed = 00:00:36 . Memory (MB): peak = 758.137 ; gain = 497.242
---------------------------------------------------------------------------------

Report Check Netlist: 
+------+------------------+-------+---------+-------+------------------+
|      |Item              |Errors |Warnings |Status |Description       |
+------+------------------+-------+---------+-------+------------------+
|1     |multi_driven_nets |      0|        0|Passed |Multi driven nets |
+------+------------------+-------+---------+-------+------------------+
---------------------------------------------------------------------------------
Start Renaming Generated Instances
---------------------------------------------------------------------------------
---------------------------------------------------------------------------------
Finished Renaming Generated Instances : Time (s): cpu = 00:00:33 ; elapsed = 00:00:36 . Memory (MB): peak = 758.137 ; gain = 497.242
---------------------------------------------------------------------------------

Report RTL Partitions: 
+-+--------------+------------+----------+
| |RTL Partition |Replication |Instances |
+-+--------------+------------+----------+
+-+--------------+------------+----------+
---------------------------------------------------------------------------------
Start Rebuilding User Hierarchy
---------------------------------------------------------------------------------
---------------------------------------------------------------------------------
Finished Rebuilding User Hierarchy : Time (s): cpu = 00:00:33 ; elapsed = 00:00:36 . Memory (MB): peak = 758.137 ; gain = 497.242
---------------------------------------------------------------------------------
---------------------------------------------------------------------------------
Start Renaming Generated Ports
---------------------------------------------------------------------------------
---------------------------------------------------------------------------------
Finished Renaming Generated Ports : Time (s): cpu = 00:00:33 ; elapsed = 00:00:36 . Memory (MB): peak = 758.137 ; gain = 497.242
---------------------------------------------------------------------------------
---------------------------------------------------------------------------------
Start Handling Custom Attributes
---------------------------------------------------------------------------------
---------------------------------------------------------------------------------
Finished Handling Custom Attributes : Time (s): cpu = 00:00:33 ; elapsed = 00:00:36 . Memory (MB): peak = 758.137 ; gain = 497.242
---------------------------------------------------------------------------------
---------------------------------------------------------------------------------
Start Renaming Generated Nets
---------------------------------------------------------------------------------
---------------------------------------------------------------------------------
Finished Renaming Generated Nets : Time (s): cpu = 00:00:33 ; elapsed = 00:00:36 . Memory (MB): peak = 758.137 ; gain = 497.242
---------------------------------------------------------------------------------
---------------------------------------------------------------------------------
Start Writing Synthesis Report
---------------------------------------------------------------------------------

Report BlackBoxes: 
+-+--------------+----------+
| |BlackBox name |Instances |
+-+--------------+----------+
+-+--------------+----------+

Report Cell Usage: 
+-+-----+------+
| |Cell |Count |
+-+-----+------+
+-+-----+------+

Report Instance Areas: 
+------+---------+------------------------------------+------+
|      |Instance |Module                              |Cells |
+------+---------+------------------------------------+------+
|1     |top      |                                    |     0|
|2     |  inst   |axi_data_fifo_v2_1_14_axi_data_fifo |     0|
+------+---------+------------------------------------+------+
---------------------------------------------------------------------------------
Finished Writing Synthesis Report : Time (s): cpu = 00:00:33 ; elapsed = 00:00:36 . Memory (MB): peak = 758.137 ; gain = 497.242
---------------------------------------------------------------------------------
Synthesis finished with 0 errors, 0 critical warnings and 2 warnings.
Synthesis Optimization Runtime : Time (s): cpu = 00:00:14 ; elapsed = 00:00:29 . Memory (MB): peak = 758.137 ; gain = 318.711
Synthesis Optimization Complete : Time (s): cpu = 00:00:33 ; elapsed = 00:00:36 . Memory (MB): peak = 758.137 ; gain = 497.242
INFO: [Project 1-571] Translating synthesized netlist
INFO: [Project 1-570] Preparing netlist for logic optimization
INFO: [Opt 31-138] Pushed 0 inverter(s) to 0 load pin(s).
INFO: [Project 1-111] Unisim Transformation Summary:
No Unisim elements were transformed.

INFO: [Common 17-83] Releasing license: Synthesis
13 Infos, 4 Warnings, 0 Critical Warnings and 0 Errors encountered.
synth_design completed successfully
synth_design: Time (s): cpu = 00:00:34 ; elapsed = 00:00:38 . Memory (MB): peak = 776.574 ; gain = 527.164
INFO: [Common 17-1381] The checkpoint 'C:/Users/panze/Documents/Project/Vivado_Work/Spectral_Analyzer/Spectral_Analyzer.runs/Audio_Interface_axi_data_fifo_0_0_synth_1/Audio_Interface_axi_data_fifo_0_0.dcp' has been generated.
