
*** Running vivado
    with args -log Audio_Interface_axi_i2s_adi_0_2.vds -m64 -product Vivado -mode batch -messageDb vivado.pb -notrace -source Audio_Interface_axi_i2s_adi_0_2.tcl


****** Vivado v2017.4 (64-bit)
  **** SW Build 2086221 on Fri Dec 15 20:55:39 MST 2017
  **** IP Build 2085800 on Fri Dec 15 22:25:07 MST 2017
    ** Copyright 1986-2017 Xilinx, Inc. All Rights Reserved.

source Audio_Interface_axi_i2s_adi_0_2.tcl -notrace
Command: synth_design -top Audio_Interface_axi_i2s_adi_0_2 -part xc7z020clg400-1 -mode out_of_context
Starting synth_design
Attempting to get a license for feature 'Synthesis' and/or device 'xc7z020'
INFO: [Common 17-349] Got license for feature 'Synthesis' and/or device 'xc7z020'
INFO: Launching helper process for spawning children vivado processes
INFO: Helper process launched with PID 15712 
---------------------------------------------------------------------------------
Starting RTL Elaboration : Time (s): cpu = 00:00:05 ; elapsed = 00:00:05 . Memory (MB): peak = 361.168 ; gain = 101.520
---------------------------------------------------------------------------------
INFO: [Synth 8-638] synthesizing module 'Audio_Interface_axi_i2s_adi_0_2' [c:/Users/panze/Documents/Project/Vivado_Work/Spectral_Analyzer/Spectral_Analyzer.srcs/sources_1/bd/Audio_Interface/ip/Audio_Interface_axi_i2s_adi_0_2/synth/Audio_Interface_axi_i2s_adi_0_2.vhd:102]
	Parameter C_S00_AXI_DATA_WIDTH bound to: 32 - type: integer 
	Parameter C_S00_AXI_ADDR_WIDTH bound to: 6 - type: integer 
	Parameter C_SLOT_WIDTH bound to: 24 - type: integer 
	Parameter C_LRCLK_POL bound to: 0 - type: integer 
	Parameter C_BCLK_POL bound to: 0 - type: integer 
	Parameter C_DMA_TYPE bound to: 0 - type: integer 
	Parameter C_NUM_CH bound to: 1 - type: integer 
	Parameter C_HAS_TX bound to: 1 - type: integer 
	Parameter C_HAS_RX bound to: 1 - type: integer 
INFO: [Synth 8-3491] module 'axi_i2s_adi_v1_2' declared at 'c:/Users/panze/Documents/Project/Vivado_Work/Spectral_Analyzer/Spectral_Analyzer.srcs/sources_1/bd/Audio_Interface/ipshared/596e/hdl/axi_i2s_adi_v1_2.vhd:17' bound to instance 'U0' of component 'axi_i2s_adi_v1_2' [c:/Users/panze/Documents/Project/Vivado_Work/Spectral_Analyzer/Spectral_Analyzer.srcs/sources_1/bd/Audio_Interface/ip/Audio_Interface_axi_i2s_adi_0_2/synth/Audio_Interface_axi_i2s_adi_0_2.vhd:222]
INFO: [Synth 8-638] synthesizing module 'axi_i2s_adi_v1_2' [c:/Users/panze/Documents/Project/Vivado_Work/Spectral_Analyzer/Spectral_Analyzer.srcs/sources_1/bd/Audio_Interface/ipshared/596e/hdl/axi_i2s_adi_v1_2.vhd:110]
	Parameter C_SLOT_WIDTH bound to: 24 - type: integer 
	Parameter C_LRCLK_POL bound to: 0 - type: integer 
	Parameter C_BCLK_POL bound to: 0 - type: integer 
	Parameter C_DMA_TYPE bound to: 0 - type: integer 
	Parameter C_NUM_CH bound to: 1 - type: integer 
	Parameter C_HAS_TX bound to: 1 - type: integer 
	Parameter C_HAS_RX bound to: 1 - type: integer 
	Parameter C_S00_AXI_DATA_WIDTH bound to: 32 - type: integer 
	Parameter C_S00_AXI_ADDR_WIDTH bound to: 6 - type: integer 
	Parameter C_S_AXI_DATA_WIDTH bound to: 32 - type: integer 
	Parameter C_S_AXI_ADDR_WIDTH bound to: 6 - type: integer 
INFO: [Synth 8-3491] module 'axi_i2s_adi_S_AXI' declared at 'c:/Users/panze/Documents/Project/Vivado_Work/Spectral_Analyzer/Spectral_Analyzer.srcs/sources_1/bd/Audio_Interface/ipshared/596e/hdl/axi_i2s_adi_S_AXI.vhd:54' bound to instance 'axi_i2s_adi_S_AXI_inst' of component 'axi_i2s_adi_S_AXI' [c:/Users/panze/Documents/Project/Vivado_Work/Spectral_Analyzer/Spectral_Analyzer.srcs/sources_1/bd/Audio_Interface/ipshared/596e/hdl/axi_i2s_adi_v1_2.vhd:209]
INFO: [Synth 8-638] synthesizing module 'axi_i2s_adi_S_AXI' [c:/Users/panze/Documents/Project/Vivado_Work/Spectral_Analyzer/Spectral_Analyzer.srcs/sources_1/bd/Audio_Interface/ipshared/596e/hdl/axi_i2s_adi_S_AXI.vhd:140]
	Parameter C_S_AXI_DATA_WIDTH bound to: 32 - type: integer 
	Parameter C_S_AXI_ADDR_WIDTH bound to: 6 - type: integer 
INFO: [Synth 8-256] done synthesizing module 'axi_i2s_adi_S_AXI' (1#1) [c:/Users/panze/Documents/Project/Vivado_Work/Spectral_Analyzer/Spectral_Analyzer.srcs/sources_1/bd/Audio_Interface/ipshared/596e/hdl/axi_i2s_adi_S_AXI.vhd:140]
INFO: [Synth 8-638] synthesizing module 'axi_streaming_dma_tx_fifo' [c:/Users/panze/Documents/Project/Vivado_Work/Spectral_Analyzer/Spectral_Analyzer.srcs/sources_1/bd/Audio_Interface/ipshared/596e/hdl/adi_common/axi_streaming_dma_tx_fifo.vhd:34]
	Parameter RAM_ADDR_WIDTH bound to: 3 - type: integer 
	Parameter FIFO_DWIDTH bound to: 24 - type: integer 
INFO: [Synth 8-638] synthesizing module 'dma_fifo' [c:/Users/panze/Documents/Project/Vivado_Work/Spectral_Analyzer/Spectral_Analyzer.srcs/sources_1/bd/Audio_Interface/ipshared/596e/hdl/adi_common/dma_fifo.vhd:27]
	Parameter RAM_ADDR_WIDTH bound to: 3 - type: integer 
	Parameter FIFO_DWIDTH bound to: 24 - type: integer 
INFO: [Synth 8-256] done synthesizing module 'dma_fifo' (2#1) [c:/Users/panze/Documents/Project/Vivado_Work/Spectral_Analyzer/Spectral_Analyzer.srcs/sources_1/bd/Audio_Interface/ipshared/596e/hdl/adi_common/dma_fifo.vhd:27]
INFO: [Synth 8-256] done synthesizing module 'axi_streaming_dma_tx_fifo' (3#1) [c:/Users/panze/Documents/Project/Vivado_Work/Spectral_Analyzer/Spectral_Analyzer.srcs/sources_1/bd/Audio_Interface/ipshared/596e/hdl/adi_common/axi_streaming_dma_tx_fifo.vhd:34]
INFO: [Synth 8-638] synthesizing module 'axi_streaming_dma_rx_fifo' [c:/Users/panze/Documents/Project/Vivado_Work/Spectral_Analyzer/Spectral_Analyzer.srcs/sources_1/bd/Audio_Interface/ipshared/596e/hdl/adi_common/axi_streaming_dma_rx_fifo.vhd:37]
	Parameter RAM_ADDR_WIDTH bound to: 3 - type: integer 
	Parameter FIFO_DWIDTH bound to: 24 - type: integer 
WARNING: [Synth 8-614] signal 'resetn' is read in the process but is not in the sensitivity list [c:/Users/panze/Documents/Project/Vivado_Work/Spectral_Analyzer/Spectral_Analyzer.srcs/sources_1/bd/Audio_Interface/ipshared/596e/hdl/adi_common/axi_streaming_dma_rx_fifo.vhd:66]
WARNING: [Synth 8-614] signal 'period_len' is read in the process but is not in the sensitivity list [c:/Users/panze/Documents/Project/Vivado_Work/Spectral_Analyzer/Spectral_Analyzer.srcs/sources_1/bd/Audio_Interface/ipshared/596e/hdl/adi_common/axi_streaming_dma_rx_fifo.vhd:66]
WARNING: [Synth 8-614] signal 'out_stb' is read in the process but is not in the sensitivity list [c:/Users/panze/Documents/Project/Vivado_Work/Spectral_Analyzer/Spectral_Analyzer.srcs/sources_1/bd/Audio_Interface/ipshared/596e/hdl/adi_common/axi_streaming_dma_rx_fifo.vhd:66]
WARNING: [Synth 8-614] signal 'M_AXIS_TREADY' is read in the process but is not in the sensitivity list [c:/Users/panze/Documents/Project/Vivado_Work/Spectral_Analyzer/Spectral_Analyzer.srcs/sources_1/bd/Audio_Interface/ipshared/596e/hdl/adi_common/axi_streaming_dma_rx_fifo.vhd:66]
WARNING: [Synth 8-614] signal 'period_count' is read in the process but is not in the sensitivity list [c:/Users/panze/Documents/Project/Vivado_Work/Spectral_Analyzer/Spectral_Analyzer.srcs/sources_1/bd/Audio_Interface/ipshared/596e/hdl/adi_common/axi_streaming_dma_rx_fifo.vhd:66]
INFO: [Synth 8-256] done synthesizing module 'axi_streaming_dma_rx_fifo' (4#1) [c:/Users/panze/Documents/Project/Vivado_Work/Spectral_Analyzer/Spectral_Analyzer.srcs/sources_1/bd/Audio_Interface/ipshared/596e/hdl/adi_common/axi_streaming_dma_rx_fifo.vhd:37]
INFO: [Synth 8-638] synthesizing module 'i2s_controller' [c:/Users/panze/Documents/Project/Vivado_Work/Spectral_Analyzer/Spectral_Analyzer.srcs/sources_1/bd/Audio_Interface/ipshared/596e/hdl/i2s_controller.vhd:83]
	Parameter C_SLOT_WIDTH bound to: 24 - type: integer 
	Parameter C_BCLK_POL bound to: 0 - type: integer 
	Parameter C_LRCLK_POL bound to: 0 - type: integer 
	Parameter C_NUM_CH bound to: 1 - type: integer 
	Parameter C_HAS_TX bound to: 1 - type: integer 
	Parameter C_HAS_RX bound to: 1 - type: integer 
INFO: [Synth 8-638] synthesizing module 'fifo_synchronizer' [c:/Users/panze/Documents/Project/Vivado_Work/Spectral_Analyzer/Spectral_Analyzer.srcs/sources_1/bd/Audio_Interface/ipshared/596e/hdl/fifo_synchronizer.vhd:61]
	Parameter DEPTH bound to: 4 - type: integer 
	Parameter WIDTH bound to: 5 - type: integer 
INFO: [Synth 8-256] done synthesizing module 'fifo_synchronizer' (5#1) [c:/Users/panze/Documents/Project/Vivado_Work/Spectral_Analyzer/Spectral_Analyzer.srcs/sources_1/bd/Audio_Interface/ipshared/596e/hdl/fifo_synchronizer.vhd:61]
INFO: [Synth 8-638] synthesizing module 'i2s_clkgen' [c:/Users/panze/Documents/Project/Vivado_Work/Spectral_Analyzer/Spectral_Analyzer.srcs/sources_1/bd/Audio_Interface/ipshared/596e/hdl/i2s_clkgen.vhd:61]
WARNING: [Synth 8-6014] Unused sequential element prev_bclk_div_rate_reg was removed.  [c:/Users/panze/Documents/Project/Vivado_Work/Spectral_Analyzer/Spectral_Analyzer.srcs/sources_1/bd/Audio_Interface/ipshared/596e/hdl/i2s_clkgen.vhd:87]
WARNING: [Synth 8-6014] Unused sequential element prev_lrclk_div_rate_reg was removed.  [c:/Users/panze/Documents/Project/Vivado_Work/Spectral_Analyzer/Spectral_Analyzer.srcs/sources_1/bd/Audio_Interface/ipshared/596e/hdl/i2s_clkgen.vhd:115]
INFO: [Synth 8-256] done synthesizing module 'i2s_clkgen' (6#1) [c:/Users/panze/Documents/Project/Vivado_Work/Spectral_Analyzer/Spectral_Analyzer.srcs/sources_1/bd/Audio_Interface/ipshared/596e/hdl/i2s_clkgen.vhd:61]
INFO: [Synth 8-638] synthesizing module 'i2s_tx' [c:/Users/panze/Documents/Project/Vivado_Work/Spectral_Analyzer/Spectral_Analyzer.srcs/sources_1/bd/Audio_Interface/ipshared/596e/hdl/i2s_tx.vhd:63]
	Parameter C_SLOT_WIDTH bound to: 24 - type: integer 
	Parameter C_NUM bound to: 1 - type: integer 
INFO: [Synth 8-256] done synthesizing module 'i2s_tx' (7#1) [c:/Users/panze/Documents/Project/Vivado_Work/Spectral_Analyzer/Spectral_Analyzer.srcs/sources_1/bd/Audio_Interface/ipshared/596e/hdl/i2s_tx.vhd:63]
INFO: [Synth 8-638] synthesizing module 'i2s_rx' [c:/Users/panze/Documents/Project/Vivado_Work/Spectral_Analyzer/Spectral_Analyzer.srcs/sources_1/bd/Audio_Interface/ipshared/596e/hdl/i2s_rx.vhd:64]
	Parameter C_SLOT_WIDTH bound to: 24 - type: integer 
	Parameter C_NUM bound to: 1 - type: integer 
WARNING: [Synth 8-6014] Unused sequential element seq_reg was removed.  [c:/Users/panze/Documents/Project/Vivado_Work/Spectral_Analyzer/Spectral_Analyzer.srcs/sources_1/bd/Audio_Interface/ipshared/596e/hdl/i2s_rx.vhd:110]
INFO: [Synth 8-256] done synthesizing module 'i2s_rx' (8#1) [c:/Users/panze/Documents/Project/Vivado_Work/Spectral_Analyzer/Spectral_Analyzer.srcs/sources_1/bd/Audio_Interface/ipshared/596e/hdl/i2s_rx.vhd:64]
INFO: [Synth 8-256] done synthesizing module 'i2s_controller' (9#1) [c:/Users/panze/Documents/Project/Vivado_Work/Spectral_Analyzer/Spectral_Analyzer.srcs/sources_1/bd/Audio_Interface/ipshared/596e/hdl/i2s_controller.vhd:83]
WARNING: [Synth 8-614] signal 'I2S_CONTROL_REG' is read in the process but is not in the sensitivity list [c:/Users/panze/Documents/Project/Vivado_Work/Spectral_Analyzer/Spectral_Analyzer.srcs/sources_1/bd/Audio_Interface/ipshared/596e/hdl/axi_i2s_adi_v1_2.vhd:430]
WARNING: [Synth 8-614] signal 'I2S_CLK_CONTROL_REG' is read in the process but is not in the sensitivity list [c:/Users/panze/Documents/Project/Vivado_Work/Spectral_Analyzer/Spectral_Analyzer.srcs/sources_1/bd/Audio_Interface/ipshared/596e/hdl/axi_i2s_adi_v1_2.vhd:430]
WARNING: [Synth 8-614] signal 'PERIOD_LEN_REG' is read in the process but is not in the sensitivity list [c:/Users/panze/Documents/Project/Vivado_Work/Spectral_Analyzer/Spectral_Analyzer.srcs/sources_1/bd/Audio_Interface/ipshared/596e/hdl/axi_i2s_adi_v1_2.vhd:430]
WARNING: [Synth 8-614] signal 'rx_fifo_full' is read in the process but is not in the sensitivity list [c:/Users/panze/Documents/Project/Vivado_Work/Spectral_Analyzer/Spectral_Analyzer.srcs/sources_1/bd/Audio_Interface/ipshared/596e/hdl/axi_i2s_adi_v1_2.vhd:430]
WARNING: [Synth 8-614] signal 'rx_fifo_empty' is read in the process but is not in the sensitivity list [c:/Users/panze/Documents/Project/Vivado_Work/Spectral_Analyzer/Spectral_Analyzer.srcs/sources_1/bd/Audio_Interface/ipshared/596e/hdl/axi_i2s_adi_v1_2.vhd:430]
WARNING: [Synth 8-614] signal 'tx_fifo_full' is read in the process but is not in the sensitivity list [c:/Users/panze/Documents/Project/Vivado_Work/Spectral_Analyzer/Spectral_Analyzer.srcs/sources_1/bd/Audio_Interface/ipshared/596e/hdl/axi_i2s_adi_v1_2.vhd:430]
WARNING: [Synth 8-614] signal 'tx_fifo_empty' is read in the process but is not in the sensitivity list [c:/Users/panze/Documents/Project/Vivado_Work/Spectral_Analyzer/Spectral_Analyzer.srcs/sources_1/bd/Audio_Interface/ipshared/596e/hdl/axi_i2s_adi_v1_2.vhd:430]
WARNING: [Synth 8-614] signal 'rx_sample' is read in the process but is not in the sensitivity list [c:/Users/panze/Documents/Project/Vivado_Work/Spectral_Analyzer/Spectral_Analyzer.srcs/sources_1/bd/Audio_Interface/ipshared/596e/hdl/axi_i2s_adi_v1_2.vhd:430]
WARNING: [Synth 8-614] signal 'cnt' is read in the process but is not in the sensitivity list [c:/Users/panze/Documents/Project/Vivado_Work/Spectral_Analyzer/Spectral_Analyzer.srcs/sources_1/bd/Audio_Interface/ipshared/596e/hdl/axi_i2s_adi_v1_2.vhd:430]
WARNING: [Synth 8-3848] Net DMA_REQ_TX_DAREADY in module/entity axi_i2s_adi_v1_2 does not have driver. [c:/Users/panze/Documents/Project/Vivado_Work/Spectral_Analyzer/Spectral_Analyzer.srcs/sources_1/bd/Audio_Interface/ipshared/596e/hdl/axi_i2s_adi_v1_2.vhd:65]
WARNING: [Synth 8-3848] Net DMA_REQ_TX_DRVALID in module/entity axi_i2s_adi_v1_2 does not have driver. [c:/Users/panze/Documents/Project/Vivado_Work/Spectral_Analyzer/Spectral_Analyzer.srcs/sources_1/bd/Audio_Interface/ipshared/596e/hdl/axi_i2s_adi_v1_2.vhd:66]
WARNING: [Synth 8-3848] Net DMA_REQ_TX_DRTYPE in module/entity axi_i2s_adi_v1_2 does not have driver. [c:/Users/panze/Documents/Project/Vivado_Work/Spectral_Analyzer/Spectral_Analyzer.srcs/sources_1/bd/Audio_Interface/ipshared/596e/hdl/axi_i2s_adi_v1_2.vhd:67]
WARNING: [Synth 8-3848] Net DMA_REQ_TX_DRLAST in module/entity axi_i2s_adi_v1_2 does not have driver. [c:/Users/panze/Documents/Project/Vivado_Work/Spectral_Analyzer/Spectral_Analyzer.srcs/sources_1/bd/Audio_Interface/ipshared/596e/hdl/axi_i2s_adi_v1_2.vhd:68]
WARNING: [Synth 8-3848] Net DMA_REQ_RX_DAREADY in module/entity axi_i2s_adi_v1_2 does not have driver. [c:/Users/panze/Documents/Project/Vivado_Work/Spectral_Analyzer/Spectral_Analyzer.srcs/sources_1/bd/Audio_Interface/ipshared/596e/hdl/axi_i2s_adi_v1_2.vhd:76]
WARNING: [Synth 8-3848] Net DMA_REQ_RX_DRVALID in module/entity axi_i2s_adi_v1_2 does not have driver. [c:/Users/panze/Documents/Project/Vivado_Work/Spectral_Analyzer/Spectral_Analyzer.srcs/sources_1/bd/Audio_Interface/ipshared/596e/hdl/axi_i2s_adi_v1_2.vhd:77]
WARNING: [Synth 8-3848] Net DMA_REQ_RX_DRTYPE in module/entity axi_i2s_adi_v1_2 does not have driver. [c:/Users/panze/Documents/Project/Vivado_Work/Spectral_Analyzer/Spectral_Analyzer.srcs/sources_1/bd/Audio_Interface/ipshared/596e/hdl/axi_i2s_adi_v1_2.vhd:78]
WARNING: [Synth 8-3848] Net DMA_REQ_RX_DRLAST in module/entity axi_i2s_adi_v1_2 does not have driver. [c:/Users/panze/Documents/Project/Vivado_Work/Spectral_Analyzer/Spectral_Analyzer.srcs/sources_1/bd/Audio_Interface/ipshared/596e/hdl/axi_i2s_adi_v1_2.vhd:79]
WARNING: [Synth 8-3848] Net tx_in_ack in module/entity axi_i2s_adi_v1_2 does not have driver. [c:/Users/panze/Documents/Project/Vivado_Work/Spectral_Analyzer/Spectral_Analyzer.srcs/sources_1/bd/Audio_Interface/ipshared/596e/hdl/axi_i2s_adi_v1_2.vhd:158]
WARNING: [Synth 8-3848] Net rx_out_stb in module/entity axi_i2s_adi_v1_2 does not have driver. [c:/Users/panze/Documents/Project/Vivado_Work/Spectral_Analyzer/Spectral_Analyzer.srcs/sources_1/bd/Audio_Interface/ipshared/596e/hdl/axi_i2s_adi_v1_2.vhd:168]
WARNING: [Synth 8-3848] Net rx_sample in module/entity axi_i2s_adi_v1_2 does not have driver. [c:/Users/panze/Documents/Project/Vivado_Work/Spectral_Analyzer/Spectral_Analyzer.srcs/sources_1/bd/Audio_Interface/ipshared/596e/hdl/axi_i2s_adi_v1_2.vhd:194]
INFO: [Synth 8-256] done synthesizing module 'axi_i2s_adi_v1_2' (10#1) [c:/Users/panze/Documents/Project/Vivado_Work/Spectral_Analyzer/Spectral_Analyzer.srcs/sources_1/bd/Audio_Interface/ipshared/596e/hdl/axi_i2s_adi_v1_2.vhd:110]
INFO: [Synth 8-256] done synthesizing module 'Audio_Interface_axi_i2s_adi_0_2' (11#1) [c:/Users/panze/Documents/Project/Vivado_Work/Spectral_Analyzer/Spectral_Analyzer.srcs/sources_1/bd/Audio_Interface/ip/Audio_Interface_axi_i2s_adi_0_2/synth/Audio_Interface_axi_i2s_adi_0_2.vhd:102]
WARNING: [Synth 8-3331] design axi_streaming_dma_rx_fifo has unconnected port enable
WARNING: [Synth 8-3331] design axi_streaming_dma_rx_fifo has unconnected port M_AXIS_ACLK
WARNING: [Synth 8-3331] design axi_i2s_adi_S_AXI has unconnected port S_AXI_AWPROT[2]
WARNING: [Synth 8-3331] design axi_i2s_adi_S_AXI has unconnected port S_AXI_AWPROT[1]
WARNING: [Synth 8-3331] design axi_i2s_adi_S_AXI has unconnected port S_AXI_AWPROT[0]
WARNING: [Synth 8-3331] design axi_i2s_adi_S_AXI has unconnected port S_AXI_WSTRB[3]
WARNING: [Synth 8-3331] design axi_i2s_adi_S_AXI has unconnected port S_AXI_WSTRB[2]
WARNING: [Synth 8-3331] design axi_i2s_adi_S_AXI has unconnected port S_AXI_WSTRB[1]
WARNING: [Synth 8-3331] design axi_i2s_adi_S_AXI has unconnected port S_AXI_WSTRB[0]
WARNING: [Synth 8-3331] design axi_i2s_adi_S_AXI has unconnected port S_AXI_ARPROT[2]
WARNING: [Synth 8-3331] design axi_i2s_adi_S_AXI has unconnected port S_AXI_ARPROT[1]
WARNING: [Synth 8-3331] design axi_i2s_adi_S_AXI has unconnected port S_AXI_ARPROT[0]
WARNING: [Synth 8-3331] design axi_i2s_adi_v1_2 has unconnected port DMA_REQ_TX_DAREADY
WARNING: [Synth 8-3331] design axi_i2s_adi_v1_2 has unconnected port DMA_REQ_TX_DRVALID
WARNING: [Synth 8-3331] design axi_i2s_adi_v1_2 has unconnected port DMA_REQ_TX_DRTYPE[1]
WARNING: [Synth 8-3331] design axi_i2s_adi_v1_2 has unconnected port DMA_REQ_TX_DRTYPE[0]
WARNING: [Synth 8-3331] design axi_i2s_adi_v1_2 has unconnected port DMA_REQ_TX_DRLAST
WARNING: [Synth 8-3331] design axi_i2s_adi_v1_2 has unconnected port DMA_REQ_RX_DAREADY
WARNING: [Synth 8-3331] design axi_i2s_adi_v1_2 has unconnected port DMA_REQ_RX_DRVALID
WARNING: [Synth 8-3331] design axi_i2s_adi_v1_2 has unconnected port DMA_REQ_RX_DRTYPE[1]
WARNING: [Synth 8-3331] design axi_i2s_adi_v1_2 has unconnected port DMA_REQ_RX_DRTYPE[0]
WARNING: [Synth 8-3331] design axi_i2s_adi_v1_2 has unconnected port DMA_REQ_RX_DRLAST
WARNING: [Synth 8-3331] design axi_i2s_adi_v1_2 has unconnected port S_AXIS_TDATA[7]
WARNING: [Synth 8-3331] design axi_i2s_adi_v1_2 has unconnected port S_AXIS_TDATA[6]
WARNING: [Synth 8-3331] design axi_i2s_adi_v1_2 has unconnected port S_AXIS_TDATA[5]
WARNING: [Synth 8-3331] design axi_i2s_adi_v1_2 has unconnected port S_AXIS_TDATA[4]
WARNING: [Synth 8-3331] design axi_i2s_adi_v1_2 has unconnected port S_AXIS_TDATA[3]
WARNING: [Synth 8-3331] design axi_i2s_adi_v1_2 has unconnected port S_AXIS_TDATA[2]
WARNING: [Synth 8-3331] design axi_i2s_adi_v1_2 has unconnected port S_AXIS_TDATA[1]
WARNING: [Synth 8-3331] design axi_i2s_adi_v1_2 has unconnected port S_AXIS_TDATA[0]
WARNING: [Synth 8-3331] design axi_i2s_adi_v1_2 has unconnected port DMA_REQ_TX_ACLK
WARNING: [Synth 8-3331] design axi_i2s_adi_v1_2 has unconnected port DMA_REQ_TX_RSTN
WARNING: [Synth 8-3331] design axi_i2s_adi_v1_2 has unconnected port DMA_REQ_TX_DAVALID
WARNING: [Synth 8-3331] design axi_i2s_adi_v1_2 has unconnected port DMA_REQ_TX_DATYPE[1]
WARNING: [Synth 8-3331] design axi_i2s_adi_v1_2 has unconnected port DMA_REQ_TX_DATYPE[0]
WARNING: [Synth 8-3331] design axi_i2s_adi_v1_2 has unconnected port DMA_REQ_TX_DRREADY
WARNING: [Synth 8-3331] design axi_i2s_adi_v1_2 has unconnected port DMA_REQ_RX_ACLK
WARNING: [Synth 8-3331] design axi_i2s_adi_v1_2 has unconnected port DMA_REQ_RX_RSTN
WARNING: [Synth 8-3331] design axi_i2s_adi_v1_2 has unconnected port DMA_REQ_RX_DAVALID
WARNING: [Synth 8-3331] design axi_i2s_adi_v1_2 has unconnected port DMA_REQ_RX_DATYPE[1]
WARNING: [Synth 8-3331] design axi_i2s_adi_v1_2 has unconnected port DMA_REQ_RX_DATYPE[0]
WARNING: [Synth 8-3331] design axi_i2s_adi_v1_2 has unconnected port DMA_REQ_RX_DRREADY
---------------------------------------------------------------------------------
Finished RTL Elaboration : Time (s): cpu = 00:00:06 ; elapsed = 00:00:06 . Memory (MB): peak = 415.289 ; gain = 155.641
---------------------------------------------------------------------------------

Report Check Netlist: 
+------+------------------+-------+---------+-------+------------------+
|      |Item              |Errors |Warnings |Status |Description       |
+------+------------------+-------+---------+-------+------------------+
|1     |multi_driven_nets |      0|        0|Passed |Multi driven nets |
+------+------------------+-------+---------+-------+------------------+
---------------------------------------------------------------------------------
Finished RTL Optimization Phase 1 : Time (s): cpu = 00:00:06 ; elapsed = 00:00:06 . Memory (MB): peak = 415.289 ; gain = 155.641
---------------------------------------------------------------------------------
INFO: [Device 21-403] Loading part xc7z020clg400-1
INFO: [Project 1-570] Preparing netlist for logic optimization

Processing XDC Constraints
Initializing timing engine
Completed Processing XDC Constraints

INFO: [Project 1-111] Unisim Transformation Summary:
No Unisim elements were transformed.

Constraint Validation Runtime : Time (s): cpu = 00:00:00 ; elapsed = 00:00:00.029 . Memory (MB): peak = 764.496 ; gain = 0.000
---------------------------------------------------------------------------------
Finished Constraint Validation : Time (s): cpu = 00:00:18 ; elapsed = 00:00:20 . Memory (MB): peak = 764.496 ; gain = 504.848
---------------------------------------------------------------------------------
---------------------------------------------------------------------------------
Start Loading Part and Timing Information
---------------------------------------------------------------------------------
Loading part: xc7z020clg400-1
---------------------------------------------------------------------------------
Finished Loading Part and Timing Information : Time (s): cpu = 00:00:18 ; elapsed = 00:00:20 . Memory (MB): peak = 764.496 ; gain = 504.848
---------------------------------------------------------------------------------
---------------------------------------------------------------------------------
Start Applying 'set_property' XDC Constraints
---------------------------------------------------------------------------------
---------------------------------------------------------------------------------
Finished applying 'set_property' XDC Constraints : Time (s): cpu = 00:00:18 ; elapsed = 00:00:20 . Memory (MB): peak = 764.496 ; gain = 504.848
---------------------------------------------------------------------------------
INFO: [Synth 8-5546] ROM "channel_sync" won't be mapped to RAM because it is too sparse
INFO: [Synth 8-5546] ROM "M_AXIS_TLAST" won't be mapped to RAM because it is too sparse
INFO: [Synth 8-5544] ROM "I2S_RESET_REG" won't be mapped to Block RAM because address size (4) smaller than threshold (5)
INFO: [Synth 8-5544] ROM "I2S_CONTROL_REG" won't be mapped to Block RAM because address size (4) smaller than threshold (5)
INFO: [Synth 8-5544] ROM "I2S_CLK_CONTROL_REG" won't be mapped to Block RAM because address size (4) smaller than threshold (5)
INFO: [Synth 8-5544] ROM "PERIOD_LEN_REG" won't be mapped to Block RAM because address size (4) smaller than threshold (5)
WARNING: [Synth 8-6014] Unused sequential element cnt_reg was removed.  [c:/Users/panze/Documents/Project/Vivado_Work/Spectral_Analyzer/Spectral_Analyzer.srcs/sources_1/bd/Audio_Interface/ipshared/596e/hdl/axi_i2s_adi_v1_2.vhd:250]
WARNING: [Synth 8-327] inferring latch for variable 'period_count_reg' [c:/Users/panze/Documents/Project/Vivado_Work/Spectral_Analyzer/Spectral_Analyzer.srcs/sources_1/bd/Audio_Interface/ipshared/596e/hdl/adi_common/axi_streaming_dma_rx_fifo.vhd:69]
---------------------------------------------------------------------------------
Finished RTL Optimization Phase 2 : Time (s): cpu = 00:00:19 ; elapsed = 00:00:20 . Memory (MB): peak = 764.496 ; gain = 504.848
---------------------------------------------------------------------------------

Report RTL Partitions: 
+-+--------------+------------+----------+
| |RTL Partition |Replication |Instances |
+-+--------------+------------+----------+
+-+--------------+------------+----------+
---------------------------------------------------------------------------------
Start RTL Component Statistics 
---------------------------------------------------------------------------------
Detailed RTL Component Info : 
+---Adders : 
	   2 Input     16 Bit       Adders := 1     
	   2 Input      8 Bit       Adders := 2     
	   3 Input      4 Bit       Adders := 2     
	   2 Input      3 Bit       Adders := 4     
	   2 Input      2 Bit       Adders := 4     
	   2 Input      1 Bit       Adders := 1     
+---XORs : 
	   2 Input      1 Bit         XORs := 5     
+---Registers : 
	               32 Bit    Registers := 7     
	               24 Bit    Registers := 1     
	                8 Bit    Registers := 2     
	                6 Bit    Registers := 2     
	                5 Bit    Registers := 3     
	                4 Bit    Registers := 2     
	                2 Bit    Registers := 2     
	                1 Bit    Registers := 34    
+---RAMs : 
	              192 Bit         RAMs := 2     
	               20 Bit         RAMs := 2     
+---Muxes : 
	   2 Input     32 Bit        Muxes := 4     
	   6 Input     32 Bit        Muxes := 2     
	   5 Input     32 Bit        Muxes := 1     
	   2 Input     16 Bit        Muxes := 2     
	   2 Input      8 Bit        Muxes := 5     
	   6 Input      3 Bit        Muxes := 1     
	   2 Input      3 Bit        Muxes := 1     
	   2 Input      1 Bit        Muxes := 21    
	   5 Input      1 Bit        Muxes := 3     
---------------------------------------------------------------------------------
Finished RTL Component Statistics 
---------------------------------------------------------------------------------
---------------------------------------------------------------------------------
Start RTL Hierarchical Component Statistics 
---------------------------------------------------------------------------------
Hierarchical RTL Component report 
Module axi_i2s_adi_S_AXI 
Detailed RTL Component Info : 
+---Registers : 
	               32 Bit    Registers := 1     
	                6 Bit    Registers := 2     
	                2 Bit    Registers := 2     
	                1 Bit    Registers := 5     
+---Muxes : 
	   2 Input      1 Bit        Muxes := 4     
Module fifo_synchronizer 
Detailed RTL Component Info : 
+---Adders : 
	   2 Input      2 Bit       Adders := 2     
+---XORs : 
	   2 Input      1 Bit         XORs := 1     
+---Registers : 
	                5 Bit    Registers := 1     
	                1 Bit    Registers := 4     
+---RAMs : 
	               20 Bit         RAMs := 1     
Module i2s_clkgen 
Detailed RTL Component Info : 
+---Adders : 
	   2 Input      8 Bit       Adders := 2     
+---Registers : 
	                8 Bit    Registers := 2     
	                1 Bit    Registers := 2     
+---Muxes : 
	   2 Input      8 Bit        Muxes := 4     
	   2 Input      1 Bit        Muxes := 3     
Module i2s_tx 
Detailed RTL Component Info : 
+---XORs : 
	   2 Input      1 Bit         XORs := 1     
+---Registers : 
	               32 Bit    Registers := 1     
	                1 Bit    Registers := 3     
+---Muxes : 
	   2 Input     32 Bit        Muxes := 2     
	   2 Input      8 Bit        Muxes := 1     
	   2 Input      1 Bit        Muxes := 2     
Module i2s_rx 
Detailed RTL Component Info : 
+---Adders : 
	   2 Input      1 Bit       Adders := 1     
+---XORs : 
	   2 Input      1 Bit         XORs := 1     
+---Registers : 
	               32 Bit    Registers := 1     
	               24 Bit    Registers := 1     
	                1 Bit    Registers := 4     
+---Muxes : 
	   2 Input      1 Bit        Muxes := 6     
Module i2s_controller 
Detailed RTL Component Info : 
+---XORs : 
	   2 Input      1 Bit         XORs := 1     
+---Registers : 
	                5 Bit    Registers := 1     
	                1 Bit    Registers := 6     
Module dma_fifo 
Detailed RTL Component Info : 
+---Adders : 
	   3 Input      4 Bit       Adders := 1     
	   2 Input      3 Bit       Adders := 2     
+---Registers : 
	                4 Bit    Registers := 1     
	                1 Bit    Registers := 2     
+---RAMs : 
	              192 Bit         RAMs := 1     
Module axi_streaming_dma_tx_fifo 
Detailed RTL Component Info : 
+---Registers : 
	                1 Bit    Registers := 2     
+---Muxes : 
	   2 Input      1 Bit        Muxes := 1     
Module axi_streaming_dma_rx_fifo 
Detailed RTL Component Info : 
+---Adders : 
	   2 Input     16 Bit       Adders := 1     
+---Muxes : 
	   2 Input     16 Bit        Muxes := 2     
	   2 Input      1 Bit        Muxes := 2     
Module axi_i2s_adi_v1_2 
Detailed RTL Component Info : 
+---Registers : 
	               32 Bit    Registers := 4     
+---Muxes : 
	   6 Input     32 Bit        Muxes := 2     
	   2 Input     32 Bit        Muxes := 2     
	   5 Input     32 Bit        Muxes := 1     
	   6 Input      3 Bit        Muxes := 1     
	   2 Input      3 Bit        Muxes := 1     
	   2 Input      1 Bit        Muxes := 3     
	   5 Input      1 Bit        Muxes := 3     
---------------------------------------------------------------------------------
Finished RTL Hierarchical Component Statistics
---------------------------------------------------------------------------------
---------------------------------------------------------------------------------
Start Part Resource Summary
---------------------------------------------------------------------------------
Part Resources:
DSPs: 220 (col length:60)
BRAMs: 280 (col length: RAMB18 60 RAMB36 30)
---------------------------------------------------------------------------------
Finished Part Resource Summary
---------------------------------------------------------------------------------
---------------------------------------------------------------------------------
Start Cross Boundary and Area Optimization
---------------------------------------------------------------------------------
WARNING: [Synth 8-6014] Unused sequential element U0/ctrl/tx_sync/out_tick_reg was removed.  [c:/Users/panze/Documents/Project/Vivado_Work/Spectral_Analyzer/Spectral_Analyzer.srcs/sources_1/bd/Audio_Interface/ipshared/596e/hdl/fifo_synchronizer.vhd:99]
WARNING: [Synth 8-6014] Unused sequential element U0/ctrl/rx_gen.rx_sync/out_tick_reg was removed.  [c:/Users/panze/Documents/Project/Vivado_Work/Spectral_Analyzer/Spectral_Analyzer.srcs/sources_1/bd/Audio_Interface/ipshared/596e/hdl/fifo_synchronizer.vhd:99]
INFO: [Synth 8-5546] ROM "U0/ctrl/clkgen/channel_sync" won't be mapped to RAM because it is too sparse
INFO: [Synth 8-5546] ROM "U0/streaming_dma_rx_gen.rx_fifo/M_AXIS_TLAST" won't be mapped to RAM because it is too sparse
WARNING: [Synth 8-6014] Unused sequential element U0/cnt_reg was removed.  [c:/Users/panze/Documents/Project/Vivado_Work/Spectral_Analyzer/Spectral_Analyzer.srcs/sources_1/bd/Audio_Interface/ipshared/596e/hdl/axi_i2s_adi_v1_2.vhd:250]
INFO: [Synth 8-3917] design Audio_Interface_axi_i2s_adi_0_2 has port M_AXIS_TDATA[7] driven by constant 0
INFO: [Synth 8-3917] design Audio_Interface_axi_i2s_adi_0_2 has port M_AXIS_TDATA[6] driven by constant 0
INFO: [Synth 8-3917] design Audio_Interface_axi_i2s_adi_0_2 has port M_AXIS_TDATA[5] driven by constant 0
INFO: [Synth 8-3917] design Audio_Interface_axi_i2s_adi_0_2 has port M_AXIS_TDATA[4] driven by constant 0
INFO: [Synth 8-3917] design Audio_Interface_axi_i2s_adi_0_2 has port M_AXIS_TDATA[3] driven by constant 0
INFO: [Synth 8-3917] design Audio_Interface_axi_i2s_adi_0_2 has port M_AXIS_TDATA[2] driven by constant 0
INFO: [Synth 8-3917] design Audio_Interface_axi_i2s_adi_0_2 has port M_AXIS_TDATA[1] driven by constant 0
INFO: [Synth 8-3917] design Audio_Interface_axi_i2s_adi_0_2 has port M_AXIS_TDATA[0] driven by constant 0
INFO: [Synth 8-3917] design Audio_Interface_axi_i2s_adi_0_2 has port M_AXIS_TKEEP[3] driven by constant 1
INFO: [Synth 8-3917] design Audio_Interface_axi_i2s_adi_0_2 has port M_AXIS_TKEEP[2] driven by constant 1
INFO: [Synth 8-3917] design Audio_Interface_axi_i2s_adi_0_2 has port M_AXIS_TKEEP[1] driven by constant 1
INFO: [Synth 8-3917] design Audio_Interface_axi_i2s_adi_0_2 has port M_AXIS_TKEEP[0] driven by constant 1
WARNING: [Synth 8-3331] design Audio_Interface_axi_i2s_adi_0_2 has unconnected port S_AXIS_TDATA[7]
WARNING: [Synth 8-3331] design Audio_Interface_axi_i2s_adi_0_2 has unconnected port S_AXIS_TDATA[6]
WARNING: [Synth 8-3331] design Audio_Interface_axi_i2s_adi_0_2 has unconnected port S_AXIS_TDATA[5]
WARNING: [Synth 8-3331] design Audio_Interface_axi_i2s_adi_0_2 has unconnected port S_AXIS_TDATA[4]
WARNING: [Synth 8-3331] design Audio_Interface_axi_i2s_adi_0_2 has unconnected port S_AXIS_TDATA[3]
WARNING: [Synth 8-3331] design Audio_Interface_axi_i2s_adi_0_2 has unconnected port S_AXIS_TDATA[2]
WARNING: [Synth 8-3331] design Audio_Interface_axi_i2s_adi_0_2 has unconnected port S_AXIS_TDATA[1]
WARNING: [Synth 8-3331] design Audio_Interface_axi_i2s_adi_0_2 has unconnected port S_AXIS_TDATA[0]
WARNING: [Synth 8-3331] design Audio_Interface_axi_i2s_adi_0_2 has unconnected port M_AXIS_ACLK
WARNING: [Synth 8-3331] design Audio_Interface_axi_i2s_adi_0_2 has unconnected port s00_axi_awprot[2]
WARNING: [Synth 8-3331] design Audio_Interface_axi_i2s_adi_0_2 has unconnected port s00_axi_awprot[1]
WARNING: [Synth 8-3331] design Audio_Interface_axi_i2s_adi_0_2 has unconnected port s00_axi_awprot[0]
WARNING: [Synth 8-3331] design Audio_Interface_axi_i2s_adi_0_2 has unconnected port s00_axi_wstrb[3]
WARNING: [Synth 8-3331] design Audio_Interface_axi_i2s_adi_0_2 has unconnected port s00_axi_wstrb[2]
WARNING: [Synth 8-3331] design Audio_Interface_axi_i2s_adi_0_2 has unconnected port s00_axi_wstrb[1]
WARNING: [Synth 8-3331] design Audio_Interface_axi_i2s_adi_0_2 has unconnected port s00_axi_wstrb[0]
WARNING: [Synth 8-3331] design Audio_Interface_axi_i2s_adi_0_2 has unconnected port s00_axi_arprot[2]
WARNING: [Synth 8-3331] design Audio_Interface_axi_i2s_adi_0_2 has unconnected port s00_axi_arprot[1]
WARNING: [Synth 8-3331] design Audio_Interface_axi_i2s_adi_0_2 has unconnected port s00_axi_arprot[0]
INFO: [Synth 8-3333] propagating constant 0 across sequential element (\U0/ctrl/tx_gen.tx/gen[0].data_int_reg[0][0] )
INFO: [Synth 8-3886] merging instance 'U0/axi_i2s_adi_S_AXI_inst/axi_rresp_reg[0]' (FDRE) to 'U0/axi_i2s_adi_S_AXI_inst/axi_rresp_reg[1]'
INFO: [Synth 8-3333] propagating constant 0 across sequential element (\U0/axi_i2s_adi_S_AXI_inst/axi_rresp_reg[1] )
INFO: [Synth 8-3886] merging instance 'U0/axi_i2s_adi_S_AXI_inst/axi_rdata_reg[24]' (FDRE) to 'U0/axi_i2s_adi_S_AXI_inst/axi_rdata_reg[25]'
INFO: [Synth 8-3886] merging instance 'U0/axi_i2s_adi_S_AXI_inst/axi_rdata_reg[25]' (FDRE) to 'U0/axi_i2s_adi_S_AXI_inst/axi_rdata_reg[26]'
INFO: [Synth 8-3886] merging instance 'U0/axi_i2s_adi_S_AXI_inst/axi_rdata_reg[26]' (FDRE) to 'U0/axi_i2s_adi_S_AXI_inst/axi_rdata_reg[27]'
INFO: [Synth 8-3886] merging instance 'U0/axi_i2s_adi_S_AXI_inst/axi_rdata_reg[27]' (FDRE) to 'U0/axi_i2s_adi_S_AXI_inst/axi_rdata_reg[28]'
INFO: [Synth 8-3886] merging instance 'U0/axi_i2s_adi_S_AXI_inst/axi_rdata_reg[28]' (FDRE) to 'U0/axi_i2s_adi_S_AXI_inst/axi_rdata_reg[29]'
INFO: [Synth 8-3886] merging instance 'U0/axi_i2s_adi_S_AXI_inst/axi_rdata_reg[29]' (FDRE) to 'U0/axi_i2s_adi_S_AXI_inst/axi_rdata_reg[30]'
INFO: [Synth 8-3886] merging instance 'U0/axi_i2s_adi_S_AXI_inst/axi_rdata_reg[30]' (FDRE) to 'U0/axi_i2s_adi_S_AXI_inst/axi_rdata_reg[31]'
INFO: [Synth 8-3333] propagating constant 0 across sequential element (\U0/axi_i2s_adi_S_AXI_inst/axi_rdata_reg[31] )
INFO: [Synth 8-3886] merging instance 'U0/axi_i2s_adi_S_AXI_inst/axi_bresp_reg[0]' (FDRE) to 'U0/axi_i2s_adi_S_AXI_inst/axi_bresp_reg[1]'
INFO: [Synth 8-3333] propagating constant 0 across sequential element (\U0/axi_i2s_adi_S_AXI_inst/axi_bresp_reg[1] )
INFO: [Synth 8-3332] Sequential element (U0/ctrl/rx_gen.rx_sync/out_data_reg[3]) is unused and will be removed from module Audio_Interface_axi_i2s_adi_0_2.
INFO: [Synth 8-3332] Sequential element (U0/axi_i2s_adi_S_AXI_inst/axi_awaddr_reg[1]) is unused and will be removed from module Audio_Interface_axi_i2s_adi_0_2.
INFO: [Synth 8-3332] Sequential element (U0/axi_i2s_adi_S_AXI_inst/axi_awaddr_reg[0]) is unused and will be removed from module Audio_Interface_axi_i2s_adi_0_2.
INFO: [Synth 8-3332] Sequential element (U0/axi_i2s_adi_S_AXI_inst/axi_bresp_reg[1]) is unused and will be removed from module Audio_Interface_axi_i2s_adi_0_2.
INFO: [Synth 8-3332] Sequential element (U0/I2S_CONTROL_REG_reg[31]) is unused and will be removed from module Audio_Interface_axi_i2s_adi_0_2.
INFO: [Synth 8-3332] Sequential element (U0/I2S_CONTROL_REG_reg[30]) is unused and will be removed from module Audio_Interface_axi_i2s_adi_0_2.
INFO: [Synth 8-3332] Sequential element (U0/I2S_CONTROL_REG_reg[29]) is unused and will be removed from module Audio_Interface_axi_i2s_adi_0_2.
INFO: [Synth 8-3332] Sequential element (U0/I2S_CONTROL_REG_reg[28]) is unused and will be removed from module Audio_Interface_axi_i2s_adi_0_2.
INFO: [Synth 8-3332] Sequential element (U0/I2S_CONTROL_REG_reg[27]) is unused and will be removed from module Audio_Interface_axi_i2s_adi_0_2.
INFO: [Synth 8-3332] Sequential element (U0/I2S_CONTROL_REG_reg[26]) is unused and will be removed from module Audio_Interface_axi_i2s_adi_0_2.
INFO: [Synth 8-3332] Sequential element (U0/I2S_CONTROL_REG_reg[25]) is unused and will be removed from module Audio_Interface_axi_i2s_adi_0_2.
INFO: [Synth 8-3332] Sequential element (U0/I2S_CONTROL_REG_reg[24]) is unused and will be removed from module Audio_Interface_axi_i2s_adi_0_2.
INFO: [Synth 8-3332] Sequential element (U0/I2S_CONTROL_REG_reg[23]) is unused and will be removed from module Audio_Interface_axi_i2s_adi_0_2.
INFO: [Synth 8-3332] Sequential element (U0/I2S_CONTROL_REG_reg[22]) is unused and will be removed from module Audio_Interface_axi_i2s_adi_0_2.
INFO: [Synth 8-3332] Sequential element (U0/I2S_CONTROL_REG_reg[21]) is unused and will be removed from module Audio_Interface_axi_i2s_adi_0_2.
INFO: [Synth 8-3332] Sequential element (U0/I2S_CONTROL_REG_reg[20]) is unused and will be removed from module Audio_Interface_axi_i2s_adi_0_2.
INFO: [Synth 8-3332] Sequential element (U0/I2S_CONTROL_REG_reg[19]) is unused and will be removed from module Audio_Interface_axi_i2s_adi_0_2.
INFO: [Synth 8-3332] Sequential element (U0/I2S_CONTROL_REG_reg[18]) is unused and will be removed from module Audio_Interface_axi_i2s_adi_0_2.
INFO: [Synth 8-3332] Sequential element (U0/I2S_CONTROL_REG_reg[17]) is unused and will be removed from module Audio_Interface_axi_i2s_adi_0_2.
INFO: [Synth 8-3332] Sequential element (U0/I2S_CONTROL_REG_reg[16]) is unused and will be removed from module Audio_Interface_axi_i2s_adi_0_2.
INFO: [Synth 8-3332] Sequential element (U0/I2S_CONTROL_REG_reg[15]) is unused and will be removed from module Audio_Interface_axi_i2s_adi_0_2.
INFO: [Synth 8-3332] Sequential element (U0/I2S_CONTROL_REG_reg[14]) is unused and will be removed from module Audio_Interface_axi_i2s_adi_0_2.
INFO: [Synth 8-3332] Sequential element (U0/I2S_CONTROL_REG_reg[13]) is unused and will be removed from module Audio_Interface_axi_i2s_adi_0_2.
INFO: [Synth 8-3332] Sequential element (U0/I2S_CONTROL_REG_reg[12]) is unused and will be removed from module Audio_Interface_axi_i2s_adi_0_2.
INFO: [Synth 8-3332] Sequential element (U0/I2S_CONTROL_REG_reg[11]) is unused and will be removed from module Audio_Interface_axi_i2s_adi_0_2.
INFO: [Synth 8-3332] Sequential element (U0/I2S_CONTROL_REG_reg[10]) is unused and will be removed from module Audio_Interface_axi_i2s_adi_0_2.
INFO: [Synth 8-3332] Sequential element (U0/I2S_CONTROL_REG_reg[9]) is unused and will be removed from module Audio_Interface_axi_i2s_adi_0_2.
INFO: [Synth 8-3332] Sequential element (U0/I2S_CONTROL_REG_reg[8]) is unused and will be removed from module Audio_Interface_axi_i2s_adi_0_2.
INFO: [Synth 8-3332] Sequential element (U0/I2S_CONTROL_REG_reg[7]) is unused and will be removed from module Audio_Interface_axi_i2s_adi_0_2.
INFO: [Synth 8-3332] Sequential element (U0/I2S_CONTROL_REG_reg[6]) is unused and will be removed from module Audio_Interface_axi_i2s_adi_0_2.
INFO: [Synth 8-3332] Sequential element (U0/I2S_CONTROL_REG_reg[5]) is unused and will be removed from module Audio_Interface_axi_i2s_adi_0_2.
INFO: [Synth 8-3332] Sequential element (U0/I2S_CONTROL_REG_reg[4]) is unused and will be removed from module Audio_Interface_axi_i2s_adi_0_2.
INFO: [Synth 8-3332] Sequential element (U0/I2S_CONTROL_REG_reg[3]) is unused and will be removed from module Audio_Interface_axi_i2s_adi_0_2.
INFO: [Synth 8-3332] Sequential element (U0/I2S_CLK_CONTROL_REG_reg[31]) is unused and will be removed from module Audio_Interface_axi_i2s_adi_0_2.
INFO: [Synth 8-3332] Sequential element (U0/I2S_CLK_CONTROL_REG_reg[30]) is unused and will be removed from module Audio_Interface_axi_i2s_adi_0_2.
INFO: [Synth 8-3332] Sequential element (U0/I2S_CLK_CONTROL_REG_reg[29]) is unused and will be removed from module Audio_Interface_axi_i2s_adi_0_2.
INFO: [Synth 8-3332] Sequential element (U0/I2S_CLK_CONTROL_REG_reg[28]) is unused and will be removed from module Audio_Interface_axi_i2s_adi_0_2.
INFO: [Synth 8-3332] Sequential element (U0/I2S_CLK_CONTROL_REG_reg[27]) is unused and will be removed from module Audio_Interface_axi_i2s_adi_0_2.
INFO: [Synth 8-3332] Sequential element (U0/I2S_CLK_CONTROL_REG_reg[26]) is unused and will be removed from module Audio_Interface_axi_i2s_adi_0_2.
INFO: [Synth 8-3332] Sequential element (U0/I2S_CLK_CONTROL_REG_reg[25]) is unused and will be removed from module Audio_Interface_axi_i2s_adi_0_2.
INFO: [Synth 8-3332] Sequential element (U0/I2S_CLK_CONTROL_REG_reg[24]) is unused and will be removed from module Audio_Interface_axi_i2s_adi_0_2.
INFO: [Synth 8-3332] Sequential element (U0/I2S_CLK_CONTROL_REG_reg[15]) is unused and will be removed from module Audio_Interface_axi_i2s_adi_0_2.
INFO: [Synth 8-3332] Sequential element (U0/I2S_CLK_CONTROL_REG_reg[14]) is unused and will be removed from module Audio_Interface_axi_i2s_adi_0_2.
INFO: [Synth 8-3332] Sequential element (U0/I2S_CLK_CONTROL_REG_reg[13]) is unused and will be removed from module Audio_Interface_axi_i2s_adi_0_2.
INFO: [Synth 8-3332] Sequential element (U0/I2S_CLK_CONTROL_REG_reg[12]) is unused and will be removed from module Audio_Interface_axi_i2s_adi_0_2.
INFO: [Synth 8-3332] Sequential element (U0/I2S_CLK_CONTROL_REG_reg[11]) is unused and will be removed from module Audio_Interface_axi_i2s_adi_0_2.
INFO: [Synth 8-3332] Sequential element (U0/I2S_CLK_CONTROL_REG_reg[10]) is unused and will be removed from module Audio_Interface_axi_i2s_adi_0_2.
INFO: [Synth 8-3332] Sequential element (U0/I2S_CLK_CONTROL_REG_reg[9]) is unused and will be removed from module Audio_Interface_axi_i2s_adi_0_2.
INFO: [Synth 8-3332] Sequential element (U0/I2S_CLK_CONTROL_REG_reg[8]) is unused and will be removed from module Audio_Interface_axi_i2s_adi_0_2.
INFO: [Synth 8-3332] Sequential element (U0/PERIOD_LEN_REG_reg[31]) is unused and will be removed from module Audio_Interface_axi_i2s_adi_0_2.
INFO: [Synth 8-3332] Sequential element (U0/PERIOD_LEN_REG_reg[30]) is unused and will be removed from module Audio_Interface_axi_i2s_adi_0_2.
INFO: [Synth 8-3332] Sequential element (U0/PERIOD_LEN_REG_reg[29]) is unused and will be removed from module Audio_Interface_axi_i2s_adi_0_2.
INFO: [Synth 8-3332] Sequential element (U0/PERIOD_LEN_REG_reg[28]) is unused and will be removed from module Audio_Interface_axi_i2s_adi_0_2.
INFO: [Synth 8-3332] Sequential element (U0/PERIOD_LEN_REG_reg[27]) is unused and will be removed from module Audio_Interface_axi_i2s_adi_0_2.
INFO: [Synth 8-3332] Sequential element (U0/PERIOD_LEN_REG_reg[26]) is unused and will be removed from module Audio_Interface_axi_i2s_adi_0_2.
INFO: [Synth 8-3332] Sequential element (U0/PERIOD_LEN_REG_reg[25]) is unused and will be removed from module Audio_Interface_axi_i2s_adi_0_2.
INFO: [Synth 8-3332] Sequential element (U0/PERIOD_LEN_REG_reg[24]) is unused and will be removed from module Audio_Interface_axi_i2s_adi_0_2.
INFO: [Synth 8-3332] Sequential element (U0/PERIOD_LEN_REG_reg[23]) is unused and will be removed from module Audio_Interface_axi_i2s_adi_0_2.
INFO: [Synth 8-3332] Sequential element (U0/PERIOD_LEN_REG_reg[22]) is unused and will be removed from module Audio_Interface_axi_i2s_adi_0_2.
INFO: [Synth 8-3332] Sequential element (U0/PERIOD_LEN_REG_reg[21]) is unused and will be removed from module Audio_Interface_axi_i2s_adi_0_2.
INFO: [Synth 8-3332] Sequential element (U0/PERIOD_LEN_REG_reg[20]) is unused and will be removed from module Audio_Interface_axi_i2s_adi_0_2.
INFO: [Synth 8-3332] Sequential element (U0/PERIOD_LEN_REG_reg[19]) is unused and will be removed from module Audio_Interface_axi_i2s_adi_0_2.
INFO: [Synth 8-3332] Sequential element (U0/PERIOD_LEN_REG_reg[18]) is unused and will be removed from module Audio_Interface_axi_i2s_adi_0_2.
INFO: [Synth 8-3332] Sequential element (U0/PERIOD_LEN_REG_reg[17]) is unused and will be removed from module Audio_Interface_axi_i2s_adi_0_2.
INFO: [Synth 8-3332] Sequential element (U0/PERIOD_LEN_REG_reg[16]) is unused and will be removed from module Audio_Interface_axi_i2s_adi_0_2.
INFO: [Synth 8-3332] Sequential element (U0/cnt_reg[8]) is unused and will be removed from module Audio_Interface_axi_i2s_adi_0_2.
INFO: [Synth 8-3332] Sequential element (U0/cnt_reg[9]) is unused and will be removed from module Audio_Interface_axi_i2s_adi_0_2.
INFO: [Synth 8-3332] Sequential element (U0/cnt_reg[10]) is unused and will be removed from module Audio_Interface_axi_i2s_adi_0_2.
INFO: [Synth 8-3332] Sequential element (U0/cnt_reg[11]) is unused and will be removed from module Audio_Interface_axi_i2s_adi_0_2.
INFO: [Synth 8-3332] Sequential element (U0/cnt_reg[12]) is unused and will be removed from module Audio_Interface_axi_i2s_adi_0_2.
INFO: [Synth 8-3332] Sequential element (U0/cnt_reg[13]) is unused and will be removed from module Audio_Interface_axi_i2s_adi_0_2.
INFO: [Synth 8-3332] Sequential element (U0/cnt_reg[14]) is unused and will be removed from module Audio_Interface_axi_i2s_adi_0_2.
INFO: [Synth 8-3332] Sequential element (U0/cnt_reg[15]) is unused and will be removed from module Audio_Interface_axi_i2s_adi_0_2.
INFO: [Synth 8-3332] Sequential element (U0/axi_i2s_adi_S_AXI_inst/axi_araddr_reg[1]) is unused and will be removed from module Audio_Interface_axi_i2s_adi_0_2.
INFO: [Synth 8-3332] Sequential element (U0/axi_i2s_adi_S_AXI_inst/axi_araddr_reg[0]) is unused and will be removed from module Audio_Interface_axi_i2s_adi_0_2.
INFO: [Synth 8-3332] Sequential element (U0/axi_i2s_adi_S_AXI_inst/axi_rdata_reg[31]) is unused and will be removed from module Audio_Interface_axi_i2s_adi_0_2.
INFO: [Synth 8-3332] Sequential element (U0/axi_i2s_adi_S_AXI_inst/axi_rresp_reg[1]) is unused and will be removed from module Audio_Interface_axi_i2s_adi_0_2.
INFO: [Synth 8-3332] Sequential element (U0/ctrl/tx_gen.tx/gen[0].data_int_reg[0][7]) is unused and will be removed from module Audio_Interface_axi_i2s_adi_0_2.
INFO: [Synth 8-3332] Sequential element (U0/ctrl/tx_gen.tx/gen[0].data_int_reg[0][6]) is unused and will be removed from module Audio_Interface_axi_i2s_adi_0_2.
INFO: [Synth 8-3332] Sequential element (U0/ctrl/tx_gen.tx/gen[0].data_int_reg[0][5]) is unused and will be removed from module Audio_Interface_axi_i2s_adi_0_2.
INFO: [Synth 8-3332] Sequential element (U0/ctrl/tx_gen.tx/gen[0].data_int_reg[0][4]) is unused and will be removed from module Audio_Interface_axi_i2s_adi_0_2.
INFO: [Synth 8-3332] Sequential element (U0/ctrl/tx_gen.tx/gen[0].data_int_reg[0][3]) is unused and will be removed from module Audio_Interface_axi_i2s_adi_0_2.
INFO: [Synth 8-3332] Sequential element (U0/ctrl/tx_gen.tx/gen[0].data_int_reg[0][2]) is unused and will be removed from module Audio_Interface_axi_i2s_adi_0_2.
INFO: [Synth 8-3332] Sequential element (U0/ctrl/tx_gen.tx/gen[0].data_int_reg[0][1]) is unused and will be removed from module Audio_Interface_axi_i2s_adi_0_2.
INFO: [Synth 8-3332] Sequential element (U0/ctrl/tx_gen.tx/gen[0].data_int_reg[0][0]) is unused and will be removed from module Audio_Interface_axi_i2s_adi_0_2.
INFO: [Synth 8-3332] Sequential element (U0/I2S_RESET_REG_reg[31]) is unused and will be removed from module Audio_Interface_axi_i2s_adi_0_2.
INFO: [Synth 8-3332] Sequential element (U0/I2S_RESET_REG_reg[30]) is unused and will be removed from module Audio_Interface_axi_i2s_adi_0_2.
INFO: [Synth 8-3332] Sequential element (U0/I2S_RESET_REG_reg[29]) is unused and will be removed from module Audio_Interface_axi_i2s_adi_0_2.
INFO: [Synth 8-3332] Sequential element (U0/I2S_RESET_REG_reg[28]) is unused and will be removed from module Audio_Interface_axi_i2s_adi_0_2.
INFO: [Synth 8-3332] Sequential element (U0/I2S_RESET_REG_reg[27]) is unused and will be removed from module Audio_Interface_axi_i2s_adi_0_2.
INFO: [Synth 8-3332] Sequential element (U0/I2S_RESET_REG_reg[26]) is unused and will be removed from module Audio_Interface_axi_i2s_adi_0_2.
INFO: [Synth 8-3332] Sequential element (U0/I2S_RESET_REG_reg[25]) is unused and will be removed from module Audio_Interface_axi_i2s_adi_0_2.
INFO: [Synth 8-3332] Sequential element (U0/I2S_RESET_REG_reg[24]) is unused and will be removed from module Audio_Interface_axi_i2s_adi_0_2.
INFO: [Synth 8-3332] Sequential element (U0/I2S_RESET_REG_reg[23]) is unused and will be removed from module Audio_Interface_axi_i2s_adi_0_2.
INFO: [Synth 8-3332] Sequential element (U0/I2S_RESET_REG_reg[22]) is unused and will be removed from module Audio_Interface_axi_i2s_adi_0_2.
INFO: [Synth 8-3332] Sequential element (U0/I2S_RESET_REG_reg[21]) is unused and will be removed from module Audio_Interface_axi_i2s_adi_0_2.
INFO: [Synth 8-3332] Sequential element (U0/I2S_RESET_REG_reg[20]) is unused and will be removed from module Audio_Interface_axi_i2s_adi_0_2.
INFO: [Synth 8-3332] Sequential element (U0/I2S_RESET_REG_reg[19]) is unused and will be removed from module Audio_Interface_axi_i2s_adi_0_2.
INFO: [Synth 8-3332] Sequential element (U0/I2S_RESET_REG_reg[18]) is unused and will be removed from module Audio_Interface_axi_i2s_adi_0_2.
INFO: [Synth 8-3332] Sequential element (U0/I2S_RESET_REG_reg[17]) is unused and will be removed from module Audio_Interface_axi_i2s_adi_0_2.
INFO: [Common 17-14] Message 'Synth 8-3332' appears 100 times and further instances of the messages will be disabled. Use the Tcl command set_msg_config to change the current settings.
---------------------------------------------------------------------------------
Finished Cross Boundary and Area Optimization : Time (s): cpu = 00:00:20 ; elapsed = 00:00:22 . Memory (MB): peak = 764.496 ; gain = 504.848
---------------------------------------------------------------------------------
---------------------------------------------------------------------------------
Start ROM, RAM, DSP and Shift Register Reporting
---------------------------------------------------------------------------------

Distributed RAM: Preliminary Mapping  Report (see note below)
+--------------------------------+----------------------------------------------------+-----------+----------------------+--------------+
|Module Name                     | RTL Object                                         | Inference | Size (Depth x Width) | Primitives   | 
+--------------------------------+----------------------------------------------------+-----------+----------------------+--------------+
|Audio_Interface_axi_i2s_adi_0_2 | U0/ctrl/tx_sync/fifo_reg                           | Implied   | 4 x 5                | RAM32M x 1   | 
|Audio_Interface_axi_i2s_adi_0_2 | U0/ctrl/rx_gen.rx_sync/fifo_reg                    | Implied   | 4 x 5                | RAM32M x 1   | 
|Audio_Interface_axi_i2s_adi_0_2 | U0/streaming_dma_tx_gen.tx_fifo/fifo/data_fifo_reg | Implied   | 8 x 24               | RAM32M x 4   | 
|Audio_Interface_axi_i2s_adi_0_2 | U0/streaming_dma_rx_gen.rx_fifo/fifo/data_fifo_reg | Implied   | 8 x 24               | RAM32M x 4   | 
+--------------------------------+----------------------------------------------------+-----------+----------------------+--------------+

Note: The table above is a preliminary report that shows the Distributed RAMs at the current stage of the synthesis flow. Some Distributed RAMs may be reimplemented as non Distributed RAM primitives later in the synthesis flow. Multiple instantiated RAMs are reported only once.
---------------------------------------------------------------------------------
Finished ROM, RAM, DSP and Shift Register Reporting
---------------------------------------------------------------------------------

Report RTL Partitions: 
+-+--------------+------------+----------+
| |RTL Partition |Replication |Instances |
+-+--------------+------------+----------+
+-+--------------+------------+----------+
---------------------------------------------------------------------------------
Start Applying XDC Timing Constraints
---------------------------------------------------------------------------------
---------------------------------------------------------------------------------
Finished Applying XDC Timing Constraints : Time (s): cpu = 00:00:28 ; elapsed = 00:00:30 . Memory (MB): peak = 770.246 ; gain = 510.598
---------------------------------------------------------------------------------
---------------------------------------------------------------------------------
Start Timing Optimization
---------------------------------------------------------------------------------
---------------------------------------------------------------------------------
Finished Timing Optimization : Time (s): cpu = 00:00:28 ; elapsed = 00:00:30 . Memory (MB): peak = 770.617 ; gain = 510.969
---------------------------------------------------------------------------------
---------------------------------------------------------------------------------
Start ROM, RAM, DSP and Shift Register Reporting
---------------------------------------------------------------------------------

Distributed RAM: Final Mapping  Report
+--------------------------------+----------------------------------------------------+-----------+----------------------+--------------+
|Module Name                     | RTL Object                                         | Inference | Size (Depth x Width) | Primitives   | 
+--------------------------------+----------------------------------------------------+-----------+----------------------+--------------+
|Audio_Interface_axi_i2s_adi_0_2 | U0/ctrl/tx_sync/fifo_reg                           | Implied   | 4 x 5                | RAM32M x 1   | 
|Audio_Interface_axi_i2s_adi_0_2 | U0/ctrl/rx_gen.rx_sync/fifo_reg                    | Implied   | 4 x 5                | RAM32M x 1   | 
|Audio_Interface_axi_i2s_adi_0_2 | U0/streaming_dma_tx_gen.tx_fifo/fifo/data_fifo_reg | Implied   | 8 x 24               | RAM32M x 4   | 
|Audio_Interface_axi_i2s_adi_0_2 | U0/streaming_dma_rx_gen.rx_fifo/fifo/data_fifo_reg | Implied   | 8 x 24               | RAM32M x 4   | 
+--------------------------------+----------------------------------------------------+-----------+----------------------+--------------+

---------------------------------------------------------------------------------
Finished ROM, RAM, DSP and Shift Register Reporting
---------------------------------------------------------------------------------

Report RTL Partitions: 
+-+--------------+------------+----------+
| |RTL Partition |Replication |Instances |
+-+--------------+------------+----------+
+-+--------------+------------+----------+
---------------------------------------------------------------------------------
Start Technology Mapping
---------------------------------------------------------------------------------
---------------------------------------------------------------------------------
Finished Technology Mapping : Time (s): cpu = 00:00:29 ; elapsed = 00:00:30 . Memory (MB): peak = 792.707 ; gain = 533.059
---------------------------------------------------------------------------------

Report RTL Partitions: 
+-+--------------+------------+----------+
| |RTL Partition |Replication |Instances |
+-+--------------+------------+----------+
+-+--------------+------------+----------+
---------------------------------------------------------------------------------
Start IO Insertion
---------------------------------------------------------------------------------
---------------------------------------------------------------------------------
Start Flattening Before IO Insertion
---------------------------------------------------------------------------------
---------------------------------------------------------------------------------
Finished Flattening Before IO Insertion
---------------------------------------------------------------------------------
---------------------------------------------------------------------------------
Start Final Netlist Cleanup
---------------------------------------------------------------------------------
---------------------------------------------------------------------------------
Finished Final Netlist Cleanup
---------------------------------------------------------------------------------
---------------------------------------------------------------------------------
Finished IO Insertion : Time (s): cpu = 00:00:29 ; elapsed = 00:00:31 . Memory (MB): peak = 792.707 ; gain = 533.059
---------------------------------------------------------------------------------

Report Check Netlist: 
+------+------------------+-------+---------+-------+------------------+
|      |Item              |Errors |Warnings |Status |Description       |
+------+------------------+-------+---------+-------+------------------+
|1     |multi_driven_nets |      0|        0|Passed |Multi driven nets |
+------+------------------+-------+---------+-------+------------------+
---------------------------------------------------------------------------------
Start Renaming Generated Instances
---------------------------------------------------------------------------------
---------------------------------------------------------------------------------
Finished Renaming Generated Instances : Time (s): cpu = 00:00:29 ; elapsed = 00:00:31 . Memory (MB): peak = 792.707 ; gain = 533.059
---------------------------------------------------------------------------------

Report RTL Partitions: 
+-+--------------+------------+----------+
| |RTL Partition |Replication |Instances |
+-+--------------+------------+----------+
+-+--------------+------------+----------+
---------------------------------------------------------------------------------
Start Rebuilding User Hierarchy
---------------------------------------------------------------------------------
---------------------------------------------------------------------------------
Finished Rebuilding User Hierarchy : Time (s): cpu = 00:00:29 ; elapsed = 00:00:31 . Memory (MB): peak = 792.707 ; gain = 533.059
---------------------------------------------------------------------------------
---------------------------------------------------------------------------------
Start Renaming Generated Ports
---------------------------------------------------------------------------------
---------------------------------------------------------------------------------
Finished Renaming Generated Ports : Time (s): cpu = 00:00:29 ; elapsed = 00:00:31 . Memory (MB): peak = 792.707 ; gain = 533.059
---------------------------------------------------------------------------------
---------------------------------------------------------------------------------
Start Handling Custom Attributes
---------------------------------------------------------------------------------
---------------------------------------------------------------------------------
Finished Handling Custom Attributes : Time (s): cpu = 00:00:29 ; elapsed = 00:00:31 . Memory (MB): peak = 792.707 ; gain = 533.059
---------------------------------------------------------------------------------
---------------------------------------------------------------------------------
Start Renaming Generated Nets
---------------------------------------------------------------------------------
---------------------------------------------------------------------------------
Finished Renaming Generated Nets : Time (s): cpu = 00:00:29 ; elapsed = 00:00:31 . Memory (MB): peak = 792.707 ; gain = 533.059
---------------------------------------------------------------------------------
---------------------------------------------------------------------------------
Start ROM, RAM, DSP and Shift Register Reporting
---------------------------------------------------------------------------------

Static Shift Register Report:
+--------------------------------+---------------------------------------------+--------+-------+--------------+--------------------+-------------------+--------+---------+
|Module Name                     | RTL Name                                    | Length | Width | Reset Signal | Pull out first Reg | Pull out last Reg | SRL16E | SRLC32E | 
+--------------------------------+---------------------------------------------+--------+-------+--------------+--------------------+-------------------+--------+---------+
|Audio_Interface_axi_i2s_adi_0_2 | U0/ctrl/rx_gen.rx/gen[0].data_int_reg[0][8] | 9      | 1     | YES          | NO                 | YES               | 1      | 0       | 
+--------------------------------+---------------------------------------------+--------+-------+--------------+--------------------+-------------------+--------+---------+

---------------------------------------------------------------------------------
Finished ROM, RAM, DSP and Shift Register Reporting
---------------------------------------------------------------------------------
---------------------------------------------------------------------------------
Start Writing Synthesis Report
---------------------------------------------------------------------------------

Report BlackBoxes: 
+-+--------------+----------+
| |BlackBox name |Instances |
+-+--------------+----------+
+-+--------------+----------+

Report Cell Usage: 
+------+-------+------+
|      |Cell   |Count |
+------+-------+------+
|1     |CARRY4 |     6|
|2     |LUT1   |    22|
|3     |LUT2   |    16|
|4     |LUT3   |    63|
|5     |LUT4   |    26|
|6     |LUT5   |    46|
|7     |LUT6   |    44|
|8     |RAM32M |    10|
|9     |SRL16E |     1|
|10    |FDRE   |   237|
|11    |FDSE   |    10|
|12    |LD     |    16|
+------+-------+------+

Report Instance Areas: 
+------+-----------------------------------+--------------------------+------+
|      |Instance                           |Module                    |Cells |
+------+-----------------------------------+--------------------------+------+
|1     |top                                |                          |   497|
|2     |  U0                               |axi_i2s_adi_v1_2          |   497|
|3     |    axi_i2s_adi_S_AXI_inst         |axi_i2s_adi_S_AXI         |    85|
|4     |    ctrl                           |i2s_controller            |   235|
|5     |      clkgen                       |i2s_clkgen                |    82|
|6     |      \rx_gen.rx                   |i2s_rx                    |    71|
|7     |      \rx_gen.rx_sync              |fifo_synchronizer         |    19|
|8     |      \tx_gen.tx                   |i2s_tx                    |    31|
|9     |      tx_sync                      |fifo_synchronizer_1       |    20|
|10    |    \streaming_dma_rx_gen.rx_fifo  |axi_streaming_dma_rx_fifo |    89|
|11    |      fifo                         |dma_fifo_0                |    32|
|12    |    \streaming_dma_tx_gen.tx_fifo  |axi_streaming_dma_tx_fifo |    37|
|13    |      fifo                         |dma_fifo                  |    33|
+------+-----------------------------------+--------------------------+------+
---------------------------------------------------------------------------------
Finished Writing Synthesis Report : Time (s): cpu = 00:00:29 ; elapsed = 00:00:31 . Memory (MB): peak = 792.707 ; gain = 533.059
---------------------------------------------------------------------------------
Synthesis finished with 0 errors, 0 critical warnings and 24 warnings.
Synthesis Optimization Runtime : Time (s): cpu = 00:00:18 ; elapsed = 00:00:24 . Memory (MB): peak = 792.707 ; gain = 183.852
Synthesis Optimization Complete : Time (s): cpu = 00:00:30 ; elapsed = 00:00:31 . Memory (MB): peak = 792.707 ; gain = 533.059
INFO: [Project 1-571] Translating synthesized netlist
INFO: [Netlist 29-17] Analyzing 32 Unisim elements for replacement
INFO: [Netlist 29-28] Unisim Transformation completed in 0 CPU seconds
INFO: [Project 1-570] Preparing netlist for logic optimization
INFO: [Opt 31-138] Pushed 0 inverter(s) to 0 load pin(s).
INFO: [Project 1-111] Unisim Transformation Summary:
  A total of 26 instances were transformed.
  LD => LDCE: 16 instances
  RAM32M => RAM32M (RAMD32, RAMD32, RAMD32, RAMD32, RAMD32, RAMD32, RAMS32, RAMS32): 10 instances

INFO: [Common 17-83] Releasing license: Synthesis
169 Infos, 94 Warnings, 0 Critical Warnings and 0 Errors encountered.
synth_design completed successfully
synth_design: Time (s): cpu = 00:00:32 ; elapsed = 00:00:34 . Memory (MB): peak = 793.496 ; gain = 543.410
INFO: [Common 17-1381] The checkpoint 'C:/Users/panze/Documents/Project/Vivado_Work/Spectral_Analyzer/Spectral_Analyzer.runs/Audio_Interface_axi_i2s_adi_0_2_synth_1/Audio_Interface_axi_i2s_adi_0_2.dcp' has been generated.
