
*** Running vivado
    with args -log Audio_Interface_xfft_0_3.vds -m64 -product Vivado -mode batch -messageDb vivado.pb -notrace -source Audio_Interface_xfft_0_3.tcl


****** Vivado v2017.4 (64-bit)
  **** SW Build 2086221 on Fri Dec 15 20:55:39 MST 2017
  **** IP Build 2085800 on Fri Dec 15 22:25:07 MST 2017
    ** Copyright 1986-2017 Xilinx, Inc. All Rights Reserved.

source Audio_Interface_xfft_0_3.tcl -notrace
Command: synth_design -top Audio_Interface_xfft_0_3 -part xc7z020clg400-1 -mode out_of_context
Starting synth_design
Attempting to get a license for feature 'Synthesis' and/or device 'xc7z020'
INFO: [Common 17-349] Got license for feature 'Synthesis' and/or device 'xc7z020'
INFO: Launching helper process for spawning children vivado processes
INFO: Helper process launched with PID 2184 
---------------------------------------------------------------------------------
Starting RTL Elaboration : Time (s): cpu = 00:00:17 ; elapsed = 00:00:20 . Memory (MB): peak = 365.207 ; gain = 103.484
---------------------------------------------------------------------------------
INFO: [Synth 8-638] synthesizing module 'Audio_Interface_xfft_0_3' [c:/Users/panze/Documents/Project/Vivado_Work/Spectral_Analyzer/Spectral_Analyzer.srcs/sources_1/bd/Audio_Interface/ip/Audio_Interface_xfft_0_3/synth/Audio_Interface_xfft_0_3.vhd:83]
	Parameter C_XDEVICEFAMILY bound to: zynq - type: string 
	Parameter C_S_AXIS_CONFIG_TDATA_WIDTH bound to: 16 - type: integer 
	Parameter C_S_AXIS_DATA_TDATA_WIDTH bound to: 64 - type: integer 
	Parameter C_M_AXIS_DATA_TDATA_WIDTH bound to: 64 - type: integer 
	Parameter C_M_AXIS_DATA_TUSER_WIDTH bound to: 1 - type: integer 
	Parameter C_M_AXIS_STATUS_TDATA_WIDTH bound to: 1 - type: integer 
	Parameter C_THROTTLE_SCHEME bound to: 1 - type: integer 
	Parameter C_CHANNELS bound to: 1 - type: integer 
	Parameter C_NFFT_MAX bound to: 12 - type: integer 
	Parameter C_ARCH bound to: 1 - type: integer 
	Parameter C_HAS_NFFT bound to: 0 - type: integer 
	Parameter C_USE_FLT_PT bound to: 1 - type: integer 
	Parameter C_INPUT_WIDTH bound to: 32 - type: integer 
	Parameter C_TWIDDLE_WIDTH bound to: 24 - type: integer 
	Parameter C_OUTPUT_WIDTH bound to: 32 - type: integer 
	Parameter C_HAS_SCALING bound to: 1 - type: integer 
	Parameter C_HAS_BFP bound to: 0 - type: integer 
	Parameter C_HAS_ROUNDING bound to: 0 - type: integer 
	Parameter C_HAS_ACLKEN bound to: 0 - type: integer 
	Parameter C_HAS_ARESETN bound to: 1 - type: integer 
	Parameter C_HAS_OVFLO bound to: 0 - type: integer 
	Parameter C_HAS_NATURAL_INPUT bound to: 1 - type: integer 
	Parameter C_HAS_NATURAL_OUTPUT bound to: 1 - type: integer 
	Parameter C_HAS_CYCLIC_PREFIX bound to: 0 - type: integer 
	Parameter C_HAS_XK_INDEX bound to: 0 - type: integer 
	Parameter C_DATA_MEM_TYPE bound to: 1 - type: integer 
	Parameter C_TWIDDLE_MEM_TYPE bound to: 1 - type: integer 
	Parameter C_BRAM_STAGES bound to: 0 - type: integer 
	Parameter C_REORDER_MEM_TYPE bound to: 1 - type: integer 
	Parameter C_USE_HYBRID_RAM bound to: 0 - type: integer 
	Parameter C_OPTIMIZE_GOAL bound to: 0 - type: integer 
	Parameter C_CMPY_TYPE bound to: 1 - type: integer 
	Parameter C_BFLY_TYPE bound to: 0 - type: integer 
INFO: [Synth 8-3491] module 'xfft_v9_0_14' declared at 'c:/Users/panze/Documents/Project/Vivado_Work/Spectral_Analyzer/Spectral_Analyzer.srcs/sources_1/bd/Audio_Interface/ipshared/1d0d/hdl/xfft_v9_0_vh_rfs.vhd:102352' bound to instance 'U0' of component 'xfft_v9_0_14' [c:/Users/panze/Documents/Project/Vivado_Work/Spectral_Analyzer/Spectral_Analyzer.srcs/sources_1/bd/Audio_Interface/ip/Audio_Interface_xfft_0_3/synth/Audio_Interface_xfft_0_3.vhd:190]
INFO: [Synth 8-256] done synthesizing module 'Audio_Interface_xfft_0_3' (87#1) [c:/Users/panze/Documents/Project/Vivado_Work/Spectral_Analyzer/Spectral_Analyzer.srcs/sources_1/bd/Audio_Interface/ip/Audio_Interface_xfft_0_3/synth/Audio_Interface_xfft_0_3.vhd:83]
WARNING: [Synth 8-3331] design c_shift_ram_v12_0_11_legacy__parameterized18 has unconnected port a[3]
WARNING: [Synth 8-3331] design c_shift_ram_v12_0_11_legacy__parameterized18 has unconnected port a[2]
WARNING: [Synth 8-3331] design c_shift_ram_v12_0_11_legacy__parameterized18 has unconnected port a[1]
WARNING: [Synth 8-3331] design c_shift_ram_v12_0_11_legacy__parameterized18 has unconnected port a[0]
WARNING: [Synth 8-3331] design c_shift_ram_v12_0_11_legacy__parameterized18 has unconnected port aclr
WARNING: [Synth 8-3331] design c_shift_ram_v12_0_11_legacy__parameterized18 has unconnected port aset
WARNING: [Synth 8-3331] design c_shift_ram_v12_0_11_legacy__parameterized18 has unconnected port ainit
WARNING: [Synth 8-3331] design c_shift_ram_v12_0_11_legacy__parameterized18 has unconnected port sclr
WARNING: [Synth 8-3331] design c_shift_ram_v12_0_11_legacy__parameterized18 has unconnected port sset
WARNING: [Synth 8-3331] design c_shift_ram_v12_0_11_legacy__parameterized18 has unconnected port sinit
WARNING: [Synth 8-3331] design shift_ram__parameterized39 has unconnected port D[15]
WARNING: [Synth 8-3331] design shift_ram__parameterized39 has unconnected port D[14]
WARNING: [Synth 8-3331] design shift_ram__parameterized39 has unconnected port D[13]
WARNING: [Synth 8-3331] design shift_ram__parameterized39 has unconnected port D[12]
WARNING: [Synth 8-3331] design shift_ram__parameterized39 has unconnected port D[11]
WARNING: [Synth 8-3331] design shift_ram__parameterized39 has unconnected port D[10]
WARNING: [Synth 8-3331] design shift_ram__parameterized39 has unconnected port D[9]
WARNING: [Synth 8-3331] design shift_ram__parameterized39 has unconnected port D[8]
WARNING: [Synth 8-3331] design shift_ram__parameterized39 has unconnected port D[7]
WARNING: [Synth 8-3331] design shift_ram__parameterized39 has unconnected port D[6]
WARNING: [Synth 8-3331] design shift_ram__parameterized39 has unconnected port D[5]
WARNING: [Synth 8-3331] design shift_ram__parameterized39 has unconnected port D[4]
WARNING: [Synth 8-3331] design shift_ram__parameterized39 has unconnected port D[3]
WARNING: [Synth 8-3331] design shift_ram__parameterized39 has unconnected port D[2]
WARNING: [Synth 8-3331] design shift_ram__parameterized39 has unconnected port D[1]
WARNING: [Synth 8-3331] design shift_ram__parameterized39 has unconnected port D[0]
WARNING: [Synth 8-3331] design shift_ram__parameterized39 has unconnected port COMBI_SCLR
WARNING: [Synth 8-3331] design shift_ram__parameterized39 has unconnected port DEPTHx2
WARNING: [Synth 8-3331] design shift_ram__parameterized41 has unconnected port D1
WARNING: [Synth 8-3331] design shift_ram__parameterized41 has unconnected port COMBI_SCLR
WARNING: [Synth 8-3331] design shift_ram__parameterized41 has unconnected port DEPTHx2
WARNING: [Synth 8-3331] design fp_shift_ram_clr_op__parameterized0 has unconnected port EXTRA_CLR
WARNING: [Synth 8-3331] design fp_shift_ram_clr_op__parameterized0 has unconnected port EXTRA_CLR_BLANK
WARNING: [Synth 8-3331] design c_shift_ram_v12_0_11_legacy__parameterized1 has unconnected port a[4]
WARNING: [Synth 8-3331] design c_shift_ram_v12_0_11_legacy__parameterized1 has unconnected port a[3]
WARNING: [Synth 8-3331] design c_shift_ram_v12_0_11_legacy__parameterized1 has unconnected port a[2]
WARNING: [Synth 8-3331] design c_shift_ram_v12_0_11_legacy__parameterized1 has unconnected port a[1]
WARNING: [Synth 8-3331] design c_shift_ram_v12_0_11_legacy__parameterized1 has unconnected port a[0]
WARNING: [Synth 8-3331] design c_shift_ram_v12_0_11_legacy__parameterized1 has unconnected port aclr
WARNING: [Synth 8-3331] design c_shift_ram_v12_0_11_legacy__parameterized1 has unconnected port aset
WARNING: [Synth 8-3331] design c_shift_ram_v12_0_11_legacy__parameterized1 has unconnected port ainit
WARNING: [Synth 8-3331] design c_shift_ram_v12_0_11_legacy__parameterized1 has unconnected port sclr
WARNING: [Synth 8-3331] design c_shift_ram_v12_0_11_legacy__parameterized1 has unconnected port sset
WARNING: [Synth 8-3331] design c_shift_ram_v12_0_11_legacy__parameterized1 has unconnected port sinit
WARNING: [Synth 8-3331] design shift_ram__parameterized40 has unconnected port D[15]
WARNING: [Synth 8-3331] design shift_ram__parameterized40 has unconnected port D[14]
WARNING: [Synth 8-3331] design shift_ram__parameterized40 has unconnected port D[13]
WARNING: [Synth 8-3331] design shift_ram__parameterized40 has unconnected port D[12]
WARNING: [Synth 8-3331] design shift_ram__parameterized40 has unconnected port D[11]
WARNING: [Synth 8-3331] design shift_ram__parameterized40 has unconnected port D[10]
WARNING: [Synth 8-3331] design shift_ram__parameterized40 has unconnected port D[9]
WARNING: [Synth 8-3331] design shift_ram__parameterized40 has unconnected port D[8]
WARNING: [Synth 8-3331] design shift_ram__parameterized40 has unconnected port D[7]
WARNING: [Synth 8-3331] design shift_ram__parameterized40 has unconnected port D[6]
WARNING: [Synth 8-3331] design shift_ram__parameterized40 has unconnected port D[5]
WARNING: [Synth 8-3331] design shift_ram__parameterized40 has unconnected port D[4]
WARNING: [Synth 8-3331] design shift_ram__parameterized40 has unconnected port D[3]
WARNING: [Synth 8-3331] design shift_ram__parameterized40 has unconnected port D[2]
WARNING: [Synth 8-3331] design shift_ram__parameterized40 has unconnected port D[1]
WARNING: [Synth 8-3331] design shift_ram__parameterized40 has unconnected port D[0]
WARNING: [Synth 8-3331] design shift_ram__parameterized40 has unconnected port COMBI_SCLR
WARNING: [Synth 8-3331] design shift_ram__parameterized40 has unconnected port DEPTHx2
WARNING: [Synth 8-3331] design fp_shift_ram_clr_op has unconnected port EXTRA_CLR
WARNING: [Synth 8-3331] design fp_shift_ram_clr_op has unconnected port EXTRA_CLR_BLANK
WARNING: [Synth 8-3331] design c_reg_fd_v12_0_4_viv__parameterized6 has unconnected port AINIT
WARNING: [Synth 8-3331] design c_reg_fd_v12_0_4_viv__parameterized6 has unconnected port ACLR
WARNING: [Synth 8-3331] design c_reg_fd_v12_0_4_viv__parameterized6 has unconnected port ASET
WARNING: [Synth 8-3331] design c_reg_fd_v12_0_4_viv__parameterized6 has unconnected port SINIT
WARNING: [Synth 8-3331] design c_reg_fd_v12_0_4_viv__parameterized6 has unconnected port SSET
WARNING: [Synth 8-3331] design c_addsub_v12_0_11_lut6_legacy__parameterized29 has unconnected port add
WARNING: [Synth 8-3331] design c_addsub_v12_0_11_lut6_legacy__parameterized29 has unconnected port c_in
WARNING: [Synth 8-3331] design c_addsub_v12_0_11_lut6_legacy__parameterized29 has unconnected port bypass
WARNING: [Synth 8-3331] design c_addsub_v12_0_11_lut6_legacy__parameterized29 has unconnected port sset
WARNING: [Synth 8-3331] design c_addsub_v12_0_11_lut6_legacy__parameterized29 has unconnected port sinit
WARNING: [Synth 8-3331] design c_addsub_v12_0_11_legacy__parameterized29 has unconnected port c_in
WARNING: [Synth 8-3331] design c_addsub_v12_0_11_legacy__parameterized29 has unconnected port b_in
WARNING: [Synth 8-3331] design c_addsub_v12_0_11_legacy__parameterized29 has unconnected port a_signed
WARNING: [Synth 8-3331] design c_addsub_v12_0_11_legacy__parameterized29 has unconnected port b_signed
WARNING: [Synth 8-3331] design c_addsub_v12_0_11_viv__parameterized15 has unconnected port C_IN
WARNING: [Synth 8-3331] design c_reg_fd_v12_0_4_viv has unconnected port AINIT
WARNING: [Synth 8-3331] design c_reg_fd_v12_0_4_viv has unconnected port ACLR
WARNING: [Synth 8-3331] design c_reg_fd_v12_0_4_viv has unconnected port ASET
WARNING: [Synth 8-3331] design c_reg_fd_v12_0_4_viv has unconnected port SINIT
WARNING: [Synth 8-3331] design c_reg_fd_v12_0_4_viv has unconnected port SSET
WARNING: [Synth 8-3331] design c_shift_ram_v12_0_11_legacy has unconnected port a[3]
WARNING: [Synth 8-3331] design c_shift_ram_v12_0_11_legacy has unconnected port a[2]
WARNING: [Synth 8-3331] design c_shift_ram_v12_0_11_legacy has unconnected port a[1]
WARNING: [Synth 8-3331] design c_shift_ram_v12_0_11_legacy has unconnected port a[0]
WARNING: [Synth 8-3331] design shift_ram__parameterized0 has unconnected port D[15]
WARNING: [Synth 8-3331] design shift_ram__parameterized0 has unconnected port D[14]
WARNING: [Synth 8-3331] design shift_ram__parameterized0 has unconnected port D[13]
WARNING: [Synth 8-3331] design shift_ram__parameterized0 has unconnected port D[12]
WARNING: [Synth 8-3331] design shift_ram__parameterized0 has unconnected port D[11]
WARNING: [Synth 8-3331] design shift_ram__parameterized0 has unconnected port D[10]
WARNING: [Synth 8-3331] design shift_ram__parameterized0 has unconnected port D[9]
WARNING: [Synth 8-3331] design shift_ram__parameterized0 has unconnected port D[8]
WARNING: [Synth 8-3331] design shift_ram__parameterized0 has unconnected port D[7]
WARNING: [Synth 8-3331] design shift_ram__parameterized0 has unconnected port D[6]
WARNING: [Synth 8-3331] design shift_ram__parameterized0 has unconnected port D[5]
WARNING: [Synth 8-3331] design shift_ram__parameterized0 has unconnected port D[4]
INFO: [Common 17-14] Message 'Synth 8-3331' appears 100 times and further instances of the messages will be disabled. Use the Tcl command set_msg_config to change the current settings.
---------------------------------------------------------------------------------
Finished RTL Elaboration : Time (s): cpu = 00:02:57 ; elapsed = 00:03:11 . Memory (MB): peak = 1217.676 ; gain = 955.953
---------------------------------------------------------------------------------

Report Check Netlist: 
+------+------------------+-------+---------+-------+------------------+
|      |Item              |Errors |Warnings |Status |Description       |
+------+------------------+-------+---------+-------+------------------+
|1     |multi_driven_nets |      0|        0|Passed |Multi driven nets |
+------+------------------+-------+---------+-------+------------------+
---------------------------------------------------------------------------------
Finished RTL Optimization Phase 1 : Time (s): cpu = 00:02:58 ; elapsed = 00:03:12 . Memory (MB): peak = 1217.676 ; gain = 955.953
---------------------------------------------------------------------------------
INFO: [Netlist 29-17] Analyzing 2065 Unisim elements for replacement
INFO: [Netlist 29-28] Unisim Transformation completed in 0 CPU seconds
INFO: [Device 21-403] Loading part xc7z020clg400-1
INFO: [Project 1-570] Preparing netlist for logic optimization

Processing XDC Constraints
Initializing timing engine
Parsing XDC File [c:/Users/panze/Documents/Project/Vivado_Work/Spectral_Analyzer/Spectral_Analyzer.srcs/sources_1/bd/Audio_Interface/ip/Audio_Interface_xfft_0_3/Audio_Interface_xfft_0_3_ooc.xdc] for cell 'U0'
Finished Parsing XDC File [c:/Users/panze/Documents/Project/Vivado_Work/Spectral_Analyzer/Spectral_Analyzer.srcs/sources_1/bd/Audio_Interface/ip/Audio_Interface_xfft_0_3/Audio_Interface_xfft_0_3_ooc.xdc] for cell 'U0'
Parsing XDC File [C:/Users/panze/Documents/Project/Vivado_Work/Spectral_Analyzer/Spectral_Analyzer.runs/Audio_Interface_xfft_0_3_synth_1/dont_touch.xdc]
Finished Parsing XDC File [C:/Users/panze/Documents/Project/Vivado_Work/Spectral_Analyzer/Spectral_Analyzer.runs/Audio_Interface_xfft_0_3_synth_1/dont_touch.xdc]
Completed Processing XDC Constraints

INFO: [Project 1-111] Unisim Transformation Summary:
  A total of 137 instances were transformed.
  FDE => FDRE: 106 instances
  RAMB18 => RAMB18E1: 31 instances

Constraint Validation Runtime : Time (s): cpu = 00:00:01 ; elapsed = 00:00:00.253 . Memory (MB): peak = 1217.676 ; gain = 0.000
---------------------------------------------------------------------------------
Finished Constraint Validation : Time (s): cpu = 00:03:18 ; elapsed = 00:03:33 . Memory (MB): peak = 1217.676 ; gain = 955.953
---------------------------------------------------------------------------------
---------------------------------------------------------------------------------
Start Loading Part and Timing Information
---------------------------------------------------------------------------------
Loading part: xc7z020clg400-1
---------------------------------------------------------------------------------
Finished Loading Part and Timing Information : Time (s): cpu = 00:03:18 ; elapsed = 00:03:33 . Memory (MB): peak = 1217.676 ; gain = 955.953
---------------------------------------------------------------------------------
---------------------------------------------------------------------------------
Start Applying 'set_property' XDC Constraints
---------------------------------------------------------------------------------
Applied set_property DONT_TOUCH = true for U0. (constraint file  C:/Users/panze/Documents/Project/Vivado_Work/Spectral_Analyzer/Spectral_Analyzer.runs/Audio_Interface_xfft_0_3_synth_1/dont_touch.xdc, line 9).
---------------------------------------------------------------------------------
Finished applying 'set_property' XDC Constraints : Time (s): cpu = 00:03:18 ; elapsed = 00:03:33 . Memory (MB): peak = 1217.676 ; gain = 955.953
---------------------------------------------------------------------------------
INFO: [Synth 8-5546] ROM "reading_last_symbol" won't be mapped to RAM because it is too sparse
INFO: [Synth 8-5544] ROM "event_tlast_unexpected" won't be mapped to Block RAM because address size (2) smaller than threshold (5)
INFO: [Synth 8-5546] ROM "exp_all_one_ip" won't be mapped to RAM because it is too sparse
INFO: [Synth 8-5546] ROM "exp_all_zero_ip" won't be mapped to RAM because it is too sparse
INFO: [Synth 8-5547] Trying to map ROM "quarter_sin_table" into Block RAM due to explicit "ram_style" or "rom_style" specification
INFO: [Synth 8-5547] Trying to map ROM "quarter_sin_table" into Block RAM due to explicit "ram_style" or "rom_style" specification
---------------------------------------------------------------------------------
Finished RTL Optimization Phase 2 : Time (s): cpu = 00:03:25 ; elapsed = 00:03:41 . Memory (MB): peak = 1217.676 ; gain = 955.953
---------------------------------------------------------------------------------
INFO: [Synth 8-223] decloning instance 'U0/i_synth/xfft_inst/floating_point.xfft_inst/get_block_max_exp/gen_start_dly' (shift_ram__parameterized1) to 'U0/i_synth/xfft_inst/floating_point.xfft_inst/get_block_max_exp/gen_fwd_inv_we_out'
INFO: [Synth 8-223] decloning instance 'fp_convert_to_block_fp:/fpo/DELAY_DIVIDE_BY_ZERO' (delay__parameterized13) to 'fp_convert_to_block_fp:/fpo/DELAY_ACCUM_OVERFLOW'
INFO: [Synth 8-223] decloning instance 'fp_convert_to_block_fp:/fpo/DELAY_DIVIDE_BY_ZERO' (delay__parameterized13) to 'fp_convert_to_block_fp:/fpo/DELAY_ACCUM_INPUT_OVERFLOW'
INFO: [Synth 8-223] decloning instance 'U0/i_synth/xfft_inst/floating_point.xfft_inst/fft/non_floating_point.arch_b.xfft_inst/control/delay_line4_for_rfd' (shift_ram__parameterized11) to 'U0/i_synth/xfft_inst/floating_point.xfft_inst/fft/non_floating_point.arch_b.xfft_inst/control/has_bfp.delay_rfd_for_scale_select'
INFO: [Synth 8-223] decloning instance 'fp_convert_to_fp:/fpo/DELAY_INVALID_OP' (delay__parameterized13) to 'fp_convert_to_fp:/fpo/DELAY_DIVIDE_BY_ZERO'
INFO: [Synth 8-223] decloning instance 'fp_convert_to_fp:/fpo/DELAY_INVALID_OP' (delay__parameterized13) to 'fp_convert_to_fp:/fpo/DELAY_OVERFLOW'
INFO: [Synth 8-223] decloning instance 'fp_convert_to_fp:/fpo/DELAY_INVALID_OP' (delay__parameterized13) to 'fp_convert_to_fp:/fpo/DELAY_UNDERFLOW'
INFO: [Synth 8-223] decloning instance 'fp_convert_to_fp:/fpo/DELAY_INVALID_OP' (delay__parameterized13) to 'fp_convert_to_fp:/fpo/DELAY_ACCUM_OVERFLOW'
INFO: [Synth 8-223] decloning instance 'fp_convert_to_fp:/fpo/DELAY_INVALID_OP' (delay__parameterized13) to 'fp_convert_to_fp:/fpo/DELAY_ACCUM_INPUT_OVERFLOW'
INFO: [Synth 8-223] decloning instance 'fp_convert_to_fp:/fpo/FIX_TO_FLT_OP.SPD.OP/ROUND/EXTRA_LSB_BIT_DEL' (delay__parameterized13) to 'fp_convert_to_fp:/fpo/FIX_TO_FLT_OP.SPD.OP/ROUND/EXTRA_LSB_RND1_DEL'
INFO: [Synth 8-223] decloning instance 'fp_convert_to_fp:/fpo/FIX_TO_FLT_OP.SPD.OP/ROUND/EXP_INC_DELAY' (delay__parameterized13) to 'fp_convert_to_fp:/fpo/FIX_TO_FLT_OP.SPD.OP/ROUND/EXP_INC_RND1_DELAY'
INFO: [Synth 8-223] decloning instance 'fp_convert_to_fp:/fpo/FIX_TO_FLT_OP.SPD.OP/ROUND/NORMALIZE_DEL' (delay__parameterized8) to 'fp_convert_to_fp:/fpo/FIX_TO_FLT_OP.SPD.OP/ROUND/NORMALIZE_RND1_DEL'

Report RTL Partitions: 
+-+--------------+------------+----------+
| |RTL Partition |Replication |Instances |
+-+--------------+------------+----------+
+-+--------------+------------+----------+
---------------------------------------------------------------------------------
Start RTL Component Statistics 
---------------------------------------------------------------------------------
---------------------------------------------------------------------------------
Finished RTL Component Statistics 
---------------------------------------------------------------------------------
---------------------------------------------------------------------------------
Start RTL Hierarchical Component Statistics 
---------------------------------------------------------------------------------
---------------------------------------------------------------------------------
Finished RTL Hierarchical Component Statistics
---------------------------------------------------------------------------------
---------------------------------------------------------------------------------
Start Part Resource Summary
---------------------------------------------------------------------------------
Part Resources:
DSPs: 220 (col length:60)
BRAMs: 280 (col length: RAMB18 60 RAMB36 30)
---------------------------------------------------------------------------------
Finished Part Resource Summary
---------------------------------------------------------------------------------
---------------------------------------------------------------------------------
Start Cross Boundary and Area Optimization
---------------------------------------------------------------------------------
INFO: [Synth 8-5547] Trying to map ROM "p_0_out" into Block RAM due to explicit "ram_style" or "rom_style" specification
INFO: [Synth 8-5547] Trying to map ROM "p_0_out" into Block RAM due to explicit "ram_style" or "rom_style" specification
WARNING: [Synth 8-6040] Register Àô¤ü driving address of a ROM cannot be packed in BRAM/URAM because of presence of initial value.
WARNING: [Synth 8-6040] Register Àô¤ü driving address of a ROM cannot be packed in BRAM/URAM because of presence of initial value.
INFO: [Synth 8-5546] ROM "FLT_TO_FIX_OP.SPD.OP/COND_DET/exp_all_one_ip" won't be mapped to RAM because it is too sparse
INFO: [Synth 8-5546] ROM "FLT_TO_FIX_OP.SPD.OP/COND_DET/exp_all_zero_ip" won't be mapped to RAM because it is too sparse
INFO: [Synth 8-5546] ROM "FLT_TO_FIX_OP.SPD.OP/COND_DET/exp_all_one_ip" won't be mapped to RAM because it is too sparse
INFO: [Synth 8-5546] ROM "FLT_TO_FIX_OP.SPD.OP/COND_DET/exp_all_zero_ip" won't be mapped to RAM because it is too sparse
INFO: [Synth 8-5546] ROM "axi_wrapper/reading_last_symbol" won't be mapped to RAM because it is too sparse
INFO: [Synth 8-3332] Sequential element (f0.srl_sig_reg[0][0]) is unused and will be removed from module c_shift_ram_v12_0_11_legacy__parameterized13.
INFO: [Synth 8-3332] Sequential element (f0.srl_sig_reg[1][0]) is unused and will be removed from module c_shift_ram_v12_0_11_legacy__parameterized13.
INFO: [Synth 8-3332] Sequential element (f0.srl_sig_reg[2][0]) is unused and will be removed from module c_shift_ram_v12_0_11_legacy__parameterized13.
INFO: [Synth 8-3332] Sequential element (f0.srl_sig_reg[3][0]) is unused and will be removed from module c_shift_ram_v12_0_11_legacy__parameterized13.
INFO: [Synth 8-3332] Sequential element (f0.srl_sig_reg[4][0]) is unused and will be removed from module c_shift_ram_v12_0_11_legacy__parameterized13.
INFO: [Synth 8-3332] Sequential element (xfft_inst/floating_point.xfft_inst/fft/non_floating_point.arch_b.xfft_inst/single_channel.datapath/pe/scaler_gen.scaler_0r/scale_mux/four_inputs.use_lut6.no_lut_sclr.four_to_one_mux[37].latency1.reg) is unused and will be removed from module xfft_v9_0_14_viv.
INFO: [Synth 8-3332] Sequential element (xfft_inst/floating_point.xfft_inst/fft/non_floating_point.arch_b.xfft_inst/single_channel.datapath/pe/scaler_gen.scaler_0r/scale_mux/four_inputs.use_lut6.no_lut_sclr.four_to_one_mux[36].latency1.reg) is unused and will be removed from module xfft_v9_0_14_viv.
INFO: [Synth 8-3332] Sequential element (xfft_inst/floating_point.xfft_inst/fft/non_floating_point.arch_b.xfft_inst/single_channel.datapath/pe/scaler_gen.scaler_0r/scale_mux/four_inputs.use_lut6.no_lut_sclr.four_to_one_mux[35].latency1.reg) is unused and will be removed from module xfft_v9_0_14_viv.
INFO: [Synth 8-3332] Sequential element (xfft_inst/floating_point.xfft_inst/fft/non_floating_point.arch_b.xfft_inst/single_channel.datapath/pe/scaler_gen.scaler_0r/scale_mux/four_inputs.use_lut6.no_lut_sclr.four_to_one_mux[5].latency1.reg) is unused and will be removed from module xfft_v9_0_14_viv.
INFO: [Synth 8-3332] Sequential element (xfft_inst/floating_point.xfft_inst/fft/non_floating_point.arch_b.xfft_inst/single_channel.datapath/pe/scaler_gen.scaler_0r/scale_mux/four_inputs.use_lut6.no_lut_sclr.four_to_one_mux[4].latency1.reg) is unused and will be removed from module xfft_v9_0_14_viv.
INFO: [Synth 8-3332] Sequential element (xfft_inst/floating_point.xfft_inst/fft/non_floating_point.arch_b.xfft_inst/single_channel.datapath/pe/scaler_gen.scaler_0r/scale_mux/four_inputs.use_lut6.no_lut_sclr.four_to_one_mux[3].latency1.reg) is unused and will be removed from module xfft_v9_0_14_viv.
INFO: [Synth 8-3332] Sequential element (xfft_inst/floating_point.xfft_inst/fft/non_floating_point.arch_b.xfft_inst/single_channel.datapath/pe/scaler_gen.scaler_0r/scale_mux/four_inputs.use_lut6.no_lut_sclr.four_to_one_mux[2].latency1.reg) is unused and will be removed from module xfft_v9_0_14_viv.
INFO: [Synth 8-3332] Sequential element (xfft_inst/floating_point.xfft_inst/fft/non_floating_point.arch_b.xfft_inst/single_channel.datapath/pe/scaler_gen.scaler_0r/scale_mux/four_inputs.use_lut6.no_lut_sclr.four_to_one_mux[1].latency1.reg) is unused and will be removed from module xfft_v9_0_14_viv.
INFO: [Synth 8-3332] Sequential element (xfft_inst/floating_point.xfft_inst/fft/non_floating_point.arch_b.xfft_inst/single_channel.datapath/pe/scaler_gen.scaler_0r/scale_mux/four_inputs.use_lut6.no_lut_sclr.four_to_one_mux[0].latency1.reg) is unused and will be removed from module xfft_v9_0_14_viv.
INFO: [Synth 8-3332] Sequential element (xfft_inst/floating_point.xfft_inst/fft/non_floating_point.arch_b.xfft_inst/single_channel.datapath/pe/scaler_gen.scaler_0i/scale_mux/four_inputs.use_lut6.no_lut_sclr.four_to_one_mux[37].latency1.reg) is unused and will be removed from module xfft_v9_0_14_viv.
INFO: [Synth 8-3332] Sequential element (xfft_inst/floating_point.xfft_inst/fft/non_floating_point.arch_b.xfft_inst/single_channel.datapath/pe/scaler_gen.scaler_0i/scale_mux/four_inputs.use_lut6.no_lut_sclr.four_to_one_mux[36].latency1.reg) is unused and will be removed from module xfft_v9_0_14_viv.
INFO: [Synth 8-3332] Sequential element (xfft_inst/floating_point.xfft_inst/fft/non_floating_point.arch_b.xfft_inst/single_channel.datapath/pe/scaler_gen.scaler_0i/scale_mux/four_inputs.use_lut6.no_lut_sclr.four_to_one_mux[35].latency1.reg) is unused and will be removed from module xfft_v9_0_14_viv.
INFO: [Synth 8-3332] Sequential element (xfft_inst/floating_point.xfft_inst/fft/non_floating_point.arch_b.xfft_inst/single_channel.datapath/pe/scaler_gen.scaler_0i/scale_mux/four_inputs.use_lut6.no_lut_sclr.four_to_one_mux[5].latency1.reg) is unused and will be removed from module xfft_v9_0_14_viv.
INFO: [Synth 8-3332] Sequential element (xfft_inst/floating_point.xfft_inst/fft/non_floating_point.arch_b.xfft_inst/single_channel.datapath/pe/scaler_gen.scaler_0i/scale_mux/four_inputs.use_lut6.no_lut_sclr.four_to_one_mux[4].latency1.reg) is unused and will be removed from module xfft_v9_0_14_viv.
INFO: [Synth 8-3332] Sequential element (xfft_inst/floating_point.xfft_inst/fft/non_floating_point.arch_b.xfft_inst/single_channel.datapath/pe/scaler_gen.scaler_0i/scale_mux/four_inputs.use_lut6.no_lut_sclr.four_to_one_mux[3].latency1.reg) is unused and will be removed from module xfft_v9_0_14_viv.
INFO: [Synth 8-3332] Sequential element (xfft_inst/floating_point.xfft_inst/fft/non_floating_point.arch_b.xfft_inst/single_channel.datapath/pe/scaler_gen.scaler_0i/scale_mux/four_inputs.use_lut6.no_lut_sclr.four_to_one_mux[2].latency1.reg) is unused and will be removed from module xfft_v9_0_14_viv.
INFO: [Synth 8-3332] Sequential element (xfft_inst/floating_point.xfft_inst/fft/non_floating_point.arch_b.xfft_inst/single_channel.datapath/pe/scaler_gen.scaler_0i/scale_mux/four_inputs.use_lut6.no_lut_sclr.four_to_one_mux[1].latency1.reg) is unused and will be removed from module xfft_v9_0_14_viv.
INFO: [Synth 8-3332] Sequential element (xfft_inst/floating_point.xfft_inst/fft/non_floating_point.arch_b.xfft_inst/single_channel.datapath/pe/scaler_gen.scaler_0i/scale_mux/four_inputs.use_lut6.no_lut_sclr.four_to_one_mux[0].latency1.reg) is unused and will be removed from module xfft_v9_0_14_viv.
INFO: [Synth 8-3332] Sequential element (xfft_inst/floating_point.xfft_inst/fft/non_floating_point.arch_b.xfft_inst/single_channel.datapath/pe/scaler_gen.scaler_1r/scale_mux/four_inputs.use_lut6.no_lut_sclr.four_to_one_mux[37].latency1.reg) is unused and will be removed from module xfft_v9_0_14_viv.
INFO: [Synth 8-3332] Sequential element (xfft_inst/floating_point.xfft_inst/fft/non_floating_point.arch_b.xfft_inst/single_channel.datapath/pe/scaler_gen.scaler_1r/scale_mux/four_inputs.use_lut6.no_lut_sclr.four_to_one_mux[36].latency1.reg) is unused and will be removed from module xfft_v9_0_14_viv.
INFO: [Synth 8-3332] Sequential element (xfft_inst/floating_point.xfft_inst/fft/non_floating_point.arch_b.xfft_inst/single_channel.datapath/pe/scaler_gen.scaler_1r/scale_mux/four_inputs.use_lut6.no_lut_sclr.four_to_one_mux[35].latency1.reg) is unused and will be removed from module xfft_v9_0_14_viv.
INFO: [Synth 8-3332] Sequential element (xfft_inst/floating_point.xfft_inst/fft/non_floating_point.arch_b.xfft_inst/single_channel.datapath/pe/scaler_gen.scaler_1r/scale_mux/four_inputs.use_lut6.no_lut_sclr.four_to_one_mux[5].latency1.reg) is unused and will be removed from module xfft_v9_0_14_viv.
INFO: [Synth 8-3332] Sequential element (xfft_inst/floating_point.xfft_inst/fft/non_floating_point.arch_b.xfft_inst/single_channel.datapath/pe/scaler_gen.scaler_1r/scale_mux/four_inputs.use_lut6.no_lut_sclr.four_to_one_mux[4].latency1.reg) is unused and will be removed from module xfft_v9_0_14_viv.
INFO: [Synth 8-3332] Sequential element (xfft_inst/floating_point.xfft_inst/fft/non_floating_point.arch_b.xfft_inst/single_channel.datapath/pe/scaler_gen.scaler_1r/scale_mux/four_inputs.use_lut6.no_lut_sclr.four_to_one_mux[3].latency1.reg) is unused and will be removed from module xfft_v9_0_14_viv.
INFO: [Synth 8-3332] Sequential element (xfft_inst/floating_point.xfft_inst/fft/non_floating_point.arch_b.xfft_inst/single_channel.datapath/pe/scaler_gen.scaler_1r/scale_mux/four_inputs.use_lut6.no_lut_sclr.four_to_one_mux[2].latency1.reg) is unused and will be removed from module xfft_v9_0_14_viv.
INFO: [Synth 8-3332] Sequential element (xfft_inst/floating_point.xfft_inst/fft/non_floating_point.arch_b.xfft_inst/single_channel.datapath/pe/scaler_gen.scaler_1r/scale_mux/four_inputs.use_lut6.no_lut_sclr.four_to_one_mux[1].latency1.reg) is unused and will be removed from module xfft_v9_0_14_viv.
INFO: [Synth 8-3332] Sequential element (xfft_inst/floating_point.xfft_inst/fft/non_floating_point.arch_b.xfft_inst/single_channel.datapath/pe/scaler_gen.scaler_1r/scale_mux/four_inputs.use_lut6.no_lut_sclr.four_to_one_mux[0].latency1.reg) is unused and will be removed from module xfft_v9_0_14_viv.
INFO: [Synth 8-3332] Sequential element (xfft_inst/floating_point.xfft_inst/fft/non_floating_point.arch_b.xfft_inst/single_channel.datapath/pe/scaler_gen.scaler_1i/scale_mux/four_inputs.use_lut6.no_lut_sclr.four_to_one_mux[37].latency1.reg) is unused and will be removed from module xfft_v9_0_14_viv.
INFO: [Synth 8-3332] Sequential element (xfft_inst/floating_point.xfft_inst/fft/non_floating_point.arch_b.xfft_inst/single_channel.datapath/pe/scaler_gen.scaler_1i/scale_mux/four_inputs.use_lut6.no_lut_sclr.four_to_one_mux[36].latency1.reg) is unused and will be removed from module xfft_v9_0_14_viv.
INFO: [Synth 8-3332] Sequential element (xfft_inst/floating_point.xfft_inst/fft/non_floating_point.arch_b.xfft_inst/single_channel.datapath/pe/scaler_gen.scaler_1i/scale_mux/four_inputs.use_lut6.no_lut_sclr.four_to_one_mux[35].latency1.reg) is unused and will be removed from module xfft_v9_0_14_viv.
INFO: [Synth 8-3332] Sequential element (xfft_inst/floating_point.xfft_inst/fft/non_floating_point.arch_b.xfft_inst/single_channel.datapath/pe/scaler_gen.scaler_1i/scale_mux/four_inputs.use_lut6.no_lut_sclr.four_to_one_mux[5].latency1.reg) is unused and will be removed from module xfft_v9_0_14_viv.
INFO: [Synth 8-3332] Sequential element (xfft_inst/floating_point.xfft_inst/fft/non_floating_point.arch_b.xfft_inst/single_channel.datapath/pe/scaler_gen.scaler_1i/scale_mux/four_inputs.use_lut6.no_lut_sclr.four_to_one_mux[4].latency1.reg) is unused and will be removed from module xfft_v9_0_14_viv.
INFO: [Synth 8-3332] Sequential element (xfft_inst/floating_point.xfft_inst/fft/non_floating_point.arch_b.xfft_inst/single_channel.datapath/pe/scaler_gen.scaler_1i/scale_mux/four_inputs.use_lut6.no_lut_sclr.four_to_one_mux[3].latency1.reg) is unused and will be removed from module xfft_v9_0_14_viv.
INFO: [Synth 8-3332] Sequential element (xfft_inst/floating_point.xfft_inst/fft/non_floating_point.arch_b.xfft_inst/single_channel.datapath/pe/scaler_gen.scaler_1i/scale_mux/four_inputs.use_lut6.no_lut_sclr.four_to_one_mux[2].latency1.reg) is unused and will be removed from module xfft_v9_0_14_viv.
INFO: [Synth 8-3332] Sequential element (xfft_inst/floating_point.xfft_inst/fft/non_floating_point.arch_b.xfft_inst/single_channel.datapath/pe/scaler_gen.scaler_1i/scale_mux/four_inputs.use_lut6.no_lut_sclr.four_to_one_mux[1].latency1.reg) is unused and will be removed from module xfft_v9_0_14_viv.
INFO: [Synth 8-3332] Sequential element (xfft_inst/floating_point.xfft_inst/fft/non_floating_point.arch_b.xfft_inst/single_channel.datapath/pe/scaler_gen.scaler_1i/scale_mux/four_inputs.use_lut6.no_lut_sclr.four_to_one_mux[0].latency1.reg) is unused and will be removed from module xfft_v9_0_14_viv.
INFO: [Synth 8-3332] Sequential element (xfft_inst/floating_point.xfft_inst/fft/non_floating_point.arch_b.xfft_inst/single_channel.datapath/pe/scaler_gen.scaler_2r/scale_mux/four_inputs.use_lut6.no_lut_sclr.four_to_one_mux[37].latency1.reg) is unused and will be removed from module xfft_v9_0_14_viv.
INFO: [Synth 8-3332] Sequential element (xfft_inst/floating_point.xfft_inst/fft/non_floating_point.arch_b.xfft_inst/single_channel.datapath/pe/scaler_gen.scaler_2r/scale_mux/four_inputs.use_lut6.no_lut_sclr.four_to_one_mux[36].latency1.reg) is unused and will be removed from module xfft_v9_0_14_viv.
INFO: [Synth 8-3332] Sequential element (xfft_inst/floating_point.xfft_inst/fft/non_floating_point.arch_b.xfft_inst/single_channel.datapath/pe/scaler_gen.scaler_2r/scale_mux/four_inputs.use_lut6.no_lut_sclr.four_to_one_mux[35].latency1.reg) is unused and will be removed from module xfft_v9_0_14_viv.
INFO: [Synth 8-3332] Sequential element (xfft_inst/floating_point.xfft_inst/fft/non_floating_point.arch_b.xfft_inst/single_channel.datapath/pe/scaler_gen.scaler_2r/scale_mux/four_inputs.use_lut6.no_lut_sclr.four_to_one_mux[5].latency1.reg) is unused and will be removed from module xfft_v9_0_14_viv.
INFO: [Synth 8-3332] Sequential element (xfft_inst/floating_point.xfft_inst/fft/non_floating_point.arch_b.xfft_inst/single_channel.datapath/pe/scaler_gen.scaler_2r/scale_mux/four_inputs.use_lut6.no_lut_sclr.four_to_one_mux[4].latency1.reg) is unused and will be removed from module xfft_v9_0_14_viv.
INFO: [Synth 8-3332] Sequential element (xfft_inst/floating_point.xfft_inst/fft/non_floating_point.arch_b.xfft_inst/single_channel.datapath/pe/scaler_gen.scaler_2r/scale_mux/four_inputs.use_lut6.no_lut_sclr.four_to_one_mux[3].latency1.reg) is unused and will be removed from module xfft_v9_0_14_viv.
INFO: [Synth 8-3332] Sequential element (xfft_inst/floating_point.xfft_inst/fft/non_floating_point.arch_b.xfft_inst/single_channel.datapath/pe/scaler_gen.scaler_2r/scale_mux/four_inputs.use_lut6.no_lut_sclr.four_to_one_mux[2].latency1.reg) is unused and will be removed from module xfft_v9_0_14_viv.
INFO: [Synth 8-3332] Sequential element (xfft_inst/floating_point.xfft_inst/fft/non_floating_point.arch_b.xfft_inst/single_channel.datapath/pe/scaler_gen.scaler_2r/scale_mux/four_inputs.use_lut6.no_lut_sclr.four_to_one_mux[1].latency1.reg) is unused and will be removed from module xfft_v9_0_14_viv.
INFO: [Synth 8-3332] Sequential element (xfft_inst/floating_point.xfft_inst/fft/non_floating_point.arch_b.xfft_inst/single_channel.datapath/pe/scaler_gen.scaler_2r/scale_mux/four_inputs.use_lut6.no_lut_sclr.four_to_one_mux[0].latency1.reg) is unused and will be removed from module xfft_v9_0_14_viv.
INFO: [Synth 8-3332] Sequential element (xfft_inst/floating_point.xfft_inst/fft/non_floating_point.arch_b.xfft_inst/single_channel.datapath/pe/scaler_gen.scaler_2i/scale_mux/four_inputs.use_lut6.no_lut_sclr.four_to_one_mux[37].latency1.reg) is unused and will be removed from module xfft_v9_0_14_viv.
INFO: [Synth 8-3332] Sequential element (xfft_inst/floating_point.xfft_inst/fft/non_floating_point.arch_b.xfft_inst/single_channel.datapath/pe/scaler_gen.scaler_2i/scale_mux/four_inputs.use_lut6.no_lut_sclr.four_to_one_mux[36].latency1.reg) is unused and will be removed from module xfft_v9_0_14_viv.
INFO: [Synth 8-3332] Sequential element (xfft_inst/floating_point.xfft_inst/fft/non_floating_point.arch_b.xfft_inst/single_channel.datapath/pe/scaler_gen.scaler_2i/scale_mux/four_inputs.use_lut6.no_lut_sclr.four_to_one_mux[35].latency1.reg) is unused and will be removed from module xfft_v9_0_14_viv.
INFO: [Synth 8-3332] Sequential element (xfft_inst/floating_point.xfft_inst/fft/non_floating_point.arch_b.xfft_inst/single_channel.datapath/pe/scaler_gen.scaler_2i/scale_mux/four_inputs.use_lut6.no_lut_sclr.four_to_one_mux[5].latency1.reg) is unused and will be removed from module xfft_v9_0_14_viv.
INFO: [Synth 8-3332] Sequential element (xfft_inst/floating_point.xfft_inst/fft/non_floating_point.arch_b.xfft_inst/single_channel.datapath/pe/scaler_gen.scaler_2i/scale_mux/four_inputs.use_lut6.no_lut_sclr.four_to_one_mux[4].latency1.reg) is unused and will be removed from module xfft_v9_0_14_viv.
INFO: [Synth 8-3332] Sequential element (xfft_inst/floating_point.xfft_inst/fft/non_floating_point.arch_b.xfft_inst/single_channel.datapath/pe/scaler_gen.scaler_2i/scale_mux/four_inputs.use_lut6.no_lut_sclr.four_to_one_mux[3].latency1.reg) is unused and will be removed from module xfft_v9_0_14_viv.
INFO: [Synth 8-3332] Sequential element (xfft_inst/floating_point.xfft_inst/fft/non_floating_point.arch_b.xfft_inst/single_channel.datapath/pe/scaler_gen.scaler_2i/scale_mux/four_inputs.use_lut6.no_lut_sclr.four_to_one_mux[2].latency1.reg) is unused and will be removed from module xfft_v9_0_14_viv.
INFO: [Synth 8-3332] Sequential element (xfft_inst/floating_point.xfft_inst/fft/non_floating_point.arch_b.xfft_inst/single_channel.datapath/pe/scaler_gen.scaler_2i/scale_mux/four_inputs.use_lut6.no_lut_sclr.four_to_one_mux[1].latency1.reg) is unused and will be removed from module xfft_v9_0_14_viv.
INFO: [Synth 8-3332] Sequential element (xfft_inst/floating_point.xfft_inst/fft/non_floating_point.arch_b.xfft_inst/single_channel.datapath/pe/scaler_gen.scaler_2i/scale_mux/four_inputs.use_lut6.no_lut_sclr.four_to_one_mux[0].latency1.reg) is unused and will be removed from module xfft_v9_0_14_viv.
INFO: [Synth 8-3332] Sequential element (xfft_inst/floating_point.xfft_inst/fft/non_floating_point.arch_b.xfft_inst/single_channel.datapath/pe/scaler_gen.scaler_3r/scale_mux/four_inputs.use_lut6.no_lut_sclr.four_to_one_mux[37].latency1.reg) is unused and will be removed from module xfft_v9_0_14_viv.
INFO: [Synth 8-3332] Sequential element (xfft_inst/floating_point.xfft_inst/fft/non_floating_point.arch_b.xfft_inst/single_channel.datapath/pe/scaler_gen.scaler_3r/scale_mux/four_inputs.use_lut6.no_lut_sclr.four_to_one_mux[36].latency1.reg) is unused and will be removed from module xfft_v9_0_14_viv.
INFO: [Synth 8-3332] Sequential element (xfft_inst/floating_point.xfft_inst/fft/non_floating_point.arch_b.xfft_inst/single_channel.datapath/pe/scaler_gen.scaler_3r/scale_mux/four_inputs.use_lut6.no_lut_sclr.four_to_one_mux[35].latency1.reg) is unused and will be removed from module xfft_v9_0_14_viv.
INFO: [Synth 8-3332] Sequential element (xfft_inst/floating_point.xfft_inst/fft/non_floating_point.arch_b.xfft_inst/single_channel.datapath/pe/scaler_gen.scaler_3r/scale_mux/four_inputs.use_lut6.no_lut_sclr.four_to_one_mux[5].latency1.reg) is unused and will be removed from module xfft_v9_0_14_viv.
INFO: [Synth 8-3332] Sequential element (xfft_inst/floating_point.xfft_inst/fft/non_floating_point.arch_b.xfft_inst/single_channel.datapath/pe/scaler_gen.scaler_3r/scale_mux/four_inputs.use_lut6.no_lut_sclr.four_to_one_mux[4].latency1.reg) is unused and will be removed from module xfft_v9_0_14_viv.
INFO: [Synth 8-3332] Sequential element (xfft_inst/floating_point.xfft_inst/fft/non_floating_point.arch_b.xfft_inst/single_channel.datapath/pe/scaler_gen.scaler_3r/scale_mux/four_inputs.use_lut6.no_lut_sclr.four_to_one_mux[3].latency1.reg) is unused and will be removed from module xfft_v9_0_14_viv.
INFO: [Synth 8-3332] Sequential element (xfft_inst/floating_point.xfft_inst/fft/non_floating_point.arch_b.xfft_inst/single_channel.datapath/pe/scaler_gen.scaler_3r/scale_mux/four_inputs.use_lut6.no_lut_sclr.four_to_one_mux[2].latency1.reg) is unused and will be removed from module xfft_v9_0_14_viv.
INFO: [Synth 8-3332] Sequential element (xfft_inst/floating_point.xfft_inst/fft/non_floating_point.arch_b.xfft_inst/single_channel.datapath/pe/scaler_gen.scaler_3r/scale_mux/four_inputs.use_lut6.no_lut_sclr.four_to_one_mux[1].latency1.reg) is unused and will be removed from module xfft_v9_0_14_viv.
INFO: [Synth 8-3332] Sequential element (xfft_inst/floating_point.xfft_inst/fft/non_floating_point.arch_b.xfft_inst/single_channel.datapath/pe/scaler_gen.scaler_3r/scale_mux/four_inputs.use_lut6.no_lut_sclr.four_to_one_mux[0].latency1.reg) is unused and will be removed from module xfft_v9_0_14_viv.
INFO: [Synth 8-3332] Sequential element (xfft_inst/floating_point.xfft_inst/fft/non_floating_point.arch_b.xfft_inst/single_channel.datapath/pe/scaler_gen.scaler_3i/scale_mux/four_inputs.use_lut6.no_lut_sclr.four_to_one_mux[37].latency1.reg) is unused and will be removed from module xfft_v9_0_14_viv.
INFO: [Synth 8-3332] Sequential element (xfft_inst/floating_point.xfft_inst/fft/non_floating_point.arch_b.xfft_inst/single_channel.datapath/pe/scaler_gen.scaler_3i/scale_mux/four_inputs.use_lut6.no_lut_sclr.four_to_one_mux[36].latency1.reg) is unused and will be removed from module xfft_v9_0_14_viv.
INFO: [Synth 8-3332] Sequential element (xfft_inst/floating_point.xfft_inst/fft/non_floating_point.arch_b.xfft_inst/single_channel.datapath/pe/scaler_gen.scaler_3i/scale_mux/four_inputs.use_lut6.no_lut_sclr.four_to_one_mux[35].latency1.reg) is unused and will be removed from module xfft_v9_0_14_viv.
INFO: [Synth 8-3332] Sequential element (xfft_inst/floating_point.xfft_inst/fft/non_floating_point.arch_b.xfft_inst/single_channel.datapath/pe/scaler_gen.scaler_3i/scale_mux/four_inputs.use_lut6.no_lut_sclr.four_to_one_mux[5].latency1.reg) is unused and will be removed from module xfft_v9_0_14_viv.
INFO: [Synth 8-3332] Sequential element (xfft_inst/floating_point.xfft_inst/fft/non_floating_point.arch_b.xfft_inst/single_channel.datapath/pe/scaler_gen.scaler_3i/scale_mux/four_inputs.use_lut6.no_lut_sclr.four_to_one_mux[4].latency1.reg) is unused and will be removed from module xfft_v9_0_14_viv.
INFO: [Synth 8-3332] Sequential element (xfft_inst/floating_point.xfft_inst/fft/non_floating_point.arch_b.xfft_inst/single_channel.datapath/pe/scaler_gen.scaler_3i/scale_mux/four_inputs.use_lut6.no_lut_sclr.four_to_one_mux[3].latency1.reg) is unused and will be removed from module xfft_v9_0_14_viv.
INFO: [Synth 8-3332] Sequential element (xfft_inst/floating_point.xfft_inst/fft/non_floating_point.arch_b.xfft_inst/single_channel.datapath/pe/scaler_gen.scaler_3i/scale_mux/four_inputs.use_lut6.no_lut_sclr.four_to_one_mux[2].latency1.reg) is unused and will be removed from module xfft_v9_0_14_viv.
INFO: [Synth 8-3332] Sequential element (xfft_inst/floating_point.xfft_inst/fft/non_floating_point.arch_b.xfft_inst/single_channel.datapath/pe/scaler_gen.scaler_3i/scale_mux/four_inputs.use_lut6.no_lut_sclr.four_to_one_mux[1].latency1.reg) is unused and will be removed from module xfft_v9_0_14_viv.
INFO: [Synth 8-3332] Sequential element (xfft_inst/floating_point.xfft_inst/fft/non_floating_point.arch_b.xfft_inst/single_channel.datapath/pe/scaler_gen.scaler_3i/scale_mux/four_inputs.use_lut6.no_lut_sclr.four_to_one_mux[0].latency1.reg) is unused and will be removed from module xfft_v9_0_14_viv.
INFO: [Synth 8-3332] Sequential element (axi_wrapper/config_channel_fifo/gen_non_real_time.data_in_fifo_pt1/fifo_wr_data_1_reg[12]) is unused and will be removed from module xfft_v9_0_14_viv.
INFO: [Synth 8-3332] Sequential element (axi_wrapper/config_channel_fifo/gen_non_real_time.data_in_fifo_pt1/fifo_wr_data_1_reg[11]) is unused and will be removed from module xfft_v9_0_14_viv.
INFO: [Synth 8-3332] Sequential element (axi_wrapper/config_channel_fifo/gen_non_real_time.data_in_fifo_pt1/fifo_wr_data_1_reg[10]) is unused and will be removed from module xfft_v9_0_14_viv.
INFO: [Synth 8-3332] Sequential element (axi_wrapper/config_channel_fifo/gen_non_real_time.data_in_fifo_pt1/fifo_wr_data_1_reg[9]) is unused and will be removed from module xfft_v9_0_14_viv.
INFO: [Synth 8-3332] Sequential element (axi_wrapper/config_channel_fifo/gen_non_real_time.data_in_fifo_pt1/fifo_wr_data_1_reg[8]) is unused and will be removed from module xfft_v9_0_14_viv.
INFO: [Synth 8-3332] Sequential element (axi_wrapper/config_channel_fifo/gen_non_real_time.data_in_fifo_pt1/fifo_wr_data_1_reg[7]) is unused and will be removed from module xfft_v9_0_14_viv.
INFO: [Synth 8-3332] Sequential element (axi_wrapper/config_channel_fifo/gen_non_real_time.data_in_fifo_pt1/fifo_wr_data_1_reg[6]) is unused and will be removed from module xfft_v9_0_14_viv.
INFO: [Synth 8-3332] Sequential element (axi_wrapper/config_channel_fifo/gen_non_real_time.data_in_fifo_pt1/fifo_wr_data_1_reg[5]) is unused and will be removed from module xfft_v9_0_14_viv.
INFO: [Synth 8-3332] Sequential element (axi_wrapper/config_channel_fifo/gen_non_real_time.data_in_fifo_pt1/fifo_wr_data_1_reg[4]) is unused and will be removed from module xfft_v9_0_14_viv.
INFO: [Synth 8-3332] Sequential element (axi_wrapper/config_channel_fifo/gen_non_real_time.data_in_fifo_pt1/fifo_wr_data_1_reg[3]) is unused and will be removed from module xfft_v9_0_14_viv.
INFO: [Synth 8-3332] Sequential element (axi_wrapper/config_channel_fifo/gen_non_real_time.data_in_fifo_pt1/fifo_wr_data_1_reg[2]) is unused and will be removed from module xfft_v9_0_14_viv.
INFO: [Synth 8-3332] Sequential element (axi_wrapper/config_channel_fifo/gen_non_real_time.data_in_fifo_pt1/fifo_wr_data_1_reg[1]) is unused and will be removed from module xfft_v9_0_14_viv.
INFO: [Synth 8-3332] Sequential element (xfft_inst/floating_point.xfft_inst/get_block_max_exp/max_sub_curr_reg[7]) is unused and will be removed from module xfft_v9_0_14_viv.
INFO: [Synth 8-3332] Sequential element (xfft_inst/floating_point.xfft_inst/get_block_max_exp/max_sub_curr_reg[6]) is unused and will be removed from module xfft_v9_0_14_viv.
INFO: [Synth 8-3332] Sequential element (xfft_inst/floating_point.xfft_inst/get_block_max_exp/max_sub_curr_reg[5]) is unused and will be removed from module xfft_v9_0_14_viv.
INFO: [Synth 8-3332] Sequential element (xfft_inst/floating_point.xfft_inst/get_block_max_exp/max_sub_curr_reg[4]) is unused and will be removed from module xfft_v9_0_14_viv.
INFO: [Synth 8-3332] Sequential element (xfft_inst/floating_point.xfft_inst/get_block_max_exp/max_sub_curr_reg[3]) is unused and will be removed from module xfft_v9_0_14_viv.
INFO: [Synth 8-3332] Sequential element (xfft_inst/floating_point.xfft_inst/get_block_max_exp/max_sub_curr_reg[2]) is unused and will be removed from module xfft_v9_0_14_viv.
INFO: [Synth 8-3332] Sequential element (xfft_inst/floating_point.xfft_inst/get_block_max_exp/max_sub_curr_reg[1]) is unused and will be removed from module xfft_v9_0_14_viv.
INFO: [Synth 8-3332] Sequential element (xfft_inst/floating_point.xfft_inst/get_block_max_exp/max_sub_curr_reg[0]) is unused and will be removed from module xfft_v9_0_14_viv.
INFO: [Synth 8-3332] Sequential element (xfft_inst/floating_point.xfft_inst/fft/non_floating_point.arch_b.xfft_inst/control/control/has_unload.unloading_d_2_reg) is unused and will be removed from module xfft_v9_0_14_viv.
INFO: [Synth 8-3332] Sequential element (xfft_inst/floating_point.xfft_inst/fft/non_floating_point.arch_b.xfft_inst/control/control/has_unload.unloading_d_3_reg) is unused and will be removed from module xfft_v9_0_14_viv.
INFO: [Synth 8-3332] Sequential element (xfft_inst/floating_point.xfft_inst/fft/non_floating_point.arch_b.xfft_inst/control/processing_address_generator/addr_p2_last_rk_reg_reg[9]) is unused and will be removed from module xfft_v9_0_14_viv.
INFO: [Common 17-14] Message 'Synth 8-3332' appears 100 times and further instances of the messages will be disabled. Use the Tcl command set_msg_config to change the current settings.
INFO: [Synth 8-3333] propagating constant 0 across sequential element (U0/i_synth/\xfft_inst/floating_point.xfft_inst/fft/non_floating_point.arch_b.xfft_inst/control/twiddle_address_generator/N_MAX_P4.p4/greater_than_64.greater_than_256.mux_sel_reg[1] )
INFO: [Synth 8-3333] propagating constant 0 across sequential element (U0/i_synth/\xfft_inst/floating_point.xfft_inst/fft/non_floating_point.arch_b.xfft_inst/control/twiddle_address_generator/N_MAX_P4.p4/greater_than_64.greater_than_256.mux_sel_reg[0] )
INFO: [Synth 8-3333] propagating constant 0 across sequential element (U0/i_synth/\xfft_inst/floating_point.xfft_inst/fft/non_floating_point.arch_b.xfft_inst/control/twiddle_address_generator/N_MAX_P4.p4/p2_last_rk_vec_reg[0] )
INFO: [Synth 8-3333] propagating constant 0 across sequential element (U0/i_synth/\xfft_inst/floating_point.xfft_inst/fft/non_floating_point.arch_b.xfft_inst/control/twiddle_address_generator/N_MAX_P4.p4/nor_gate[0].pre_tw2_reg[0] )
INFO: [Synth 8-3886] merging instance 'U0/i_synth/xfft_inst/floating_point.xfft_inst/fft/non_floating_point.arch_b.xfft_inst/single_channel.datapath/pe/mult_gen.Mult2/i_cmpy/four_mult_structure.use_dsp.i_dsp/re_im/use_DSP48.qDSP[1].appDSP[0].bppDSP[0].u_l[0].dynamic_sub.subtract_delay_re0/d1.dout_i_reg[0]' (FDE) to 'U0/i_synth/xfft_inst/floating_point.xfft_inst/fft/non_floating_point.arch_b.xfft_inst/single_channel.datapath/pe/mult_gen.Mult2/i_cmpy/four_mult_structure.use_dsp.i_dsp/re_im/use_DSP48.qDSP[0].appDSP[0].bppDSP[0].u_l[0].dynamic_sub.subtract_delay_re0/d1.dout_i_reg[0]'
INFO: [Synth 8-3886] merging instance 'U0/i_synth/xfft_inst/floating_point.xfft_inst/fft/non_floating_point.arch_b.xfft_inst/single_channel.datapath/pe/mult_gen.Mult2/i_cmpy/four_mult_structure.use_dsp.i_dsp/re_im/use_DSP48.qDSP[1].appDSP[0].bppDSP[0].u_l[0].dynamic_sub.subtract_delay_im0/d1.dout_i_reg[0]' (FDE) to 'U0/i_synth/xfft_inst/floating_point.xfft_inst/fft/non_floating_point.arch_b.xfft_inst/single_channel.datapath/pe/mult_gen.Mult2/i_cmpy/four_mult_structure.use_dsp.i_dsp/re_im/use_DSP48.qDSP[0].appDSP[0].bppDSP[0].u_l[0].dynamic_sub.subtract_delay_im0/d1.dout_i_reg[0]'
INFO: [Synth 8-3886] merging instance 'U0/i_synth/xfft_inst/floating_point.xfft_inst/fft/non_floating_point.arch_b.xfft_inst/single_channel.datapath/pe/mult_gen.Mult1/i_cmpy/four_mult_structure.use_dsp.i_dsp/re_im/use_DSP48.qDSP[1].appDSP[0].bppDSP[0].u_l[0].dynamic_sub.subtract_delay_re0/d1.dout_i_reg[0]' (FDE) to 'U0/i_synth/xfft_inst/floating_point.xfft_inst/fft/non_floating_point.arch_b.xfft_inst/single_channel.datapath/pe/mult_gen.Mult1/i_cmpy/four_mult_structure.use_dsp.i_dsp/re_im/use_DSP48.qDSP[0].appDSP[0].bppDSP[0].u_l[0].dynamic_sub.subtract_delay_re0/d1.dout_i_reg[0]'
INFO: [Synth 8-3886] merging instance 'U0/i_synth/xfft_inst/floating_point.xfft_inst/fft/non_floating_point.arch_b.xfft_inst/single_channel.datapath/pe/mult_gen.Mult1/i_cmpy/four_mult_structure.use_dsp.i_dsp/re_im/use_DSP48.qDSP[1].appDSP[0].bppDSP[0].u_l[0].dynamic_sub.subtract_delay_im0/d1.dout_i_reg[0]' (FDE) to 'U0/i_synth/xfft_inst/floating_point.xfft_inst/fft/non_floating_point.arch_b.xfft_inst/single_channel.datapath/pe/mult_gen.Mult2/i_cmpy/four_mult_structure.use_dsp.i_dsp/re_im/use_DSP48.qDSP[0].appDSP[0].bppDSP[0].u_l[0].dynamic_sub.subtract_delay_im0/d1.dout_i_reg[0]'
INFO: [Synth 8-3886] merging instance 'U0/i_synth/xfft_inst/floating_point.xfft_inst/fft/non_floating_point.arch_b.xfft_inst/single_channel.datapath/pe/mult_gen.Mult3/i_cmpy/four_mult_structure.use_dsp.i_dsp/re_im/use_DSP48.qDSP[1].appDSP[0].bppDSP[0].u_l[0].dynamic_sub.subtract_delay_re0/d1.dout_i_reg[0]' (FDE) to 'U0/i_synth/xfft_inst/floating_point.xfft_inst/fft/non_floating_point.arch_b.xfft_inst/single_channel.datapath/pe/mult_gen.Mult3/i_cmpy/four_mult_structure.use_dsp.i_dsp/re_im/use_DSP48.qDSP[0].appDSP[0].bppDSP[0].u_l[0].dynamic_sub.subtract_delay_re0/d1.dout_i_reg[0]'
INFO: [Synth 8-3886] merging instance 'U0/i_synth/xfft_inst/floating_point.xfft_inst/fft/non_floating_point.arch_b.xfft_inst/single_channel.datapath/pe/mult_gen.Mult3/i_cmpy/four_mult_structure.use_dsp.i_dsp/re_im/use_DSP48.qDSP[1].appDSP[0].bppDSP[0].u_l[0].dynamic_sub.subtract_delay_im0/d1.dout_i_reg[0]' (FDE) to 'U0/i_synth/xfft_inst/floating_point.xfft_inst/fft/non_floating_point.arch_b.xfft_inst/single_channel.datapath/pe/mult_gen.Mult3/i_cmpy/four_mult_structure.use_dsp.i_dsp/re_im/use_DSP48.qDSP[0].appDSP[0].bppDSP[0].u_l[0].dynamic_sub.subtract_delay_im0/d1.dout_i_reg[0]'
INFO: [Synth 8-3886] merging instance 'U0/i_synth/xfft_inst/floating_point.xfft_inst/fft/non_floating_point.arch_b.xfft_inst/single_channel.datapath/pe/mult_gen.Mult2/i_cmpy/four_mult_structure.use_dsp.i_dsp/re_im/use_DSP48.qDSP[0].appDSP[0].bppDSP[0].u_l[0].dynamic_sub.subtract_delay_im0/d1.dout_i_reg[0]' (FDE) to 'U0/i_synth/xfft_inst/floating_point.xfft_inst/fft/non_floating_point.arch_b.xfft_inst/single_channel.datapath/pe/mult_gen.Mult1/i_cmpy/four_mult_structure.use_dsp.i_dsp/re_im/use_DSP48.qDSP[0].appDSP[0].bppDSP[0].u_l[0].dynamic_sub.subtract_delay_im0/d1.dout_i_reg[0]'
INFO: [Synth 8-3886] merging instance 'U0/i_synth/xfft_inst/floating_point.xfft_inst/fft/non_floating_point.arch_b.xfft_inst/single_channel.datapath/pe/mult_gen.Mult2/i_cmpy/four_mult_structure.use_dsp.i_dsp/re_im/use_DSP48.qDSP[1].appDSP[0].bppDSP[0].u_l[0].dynamic_sub.subtract_delay_re1/d1.dout_i_reg[0]' (FDE) to 'U0/i_synth/xfft_inst/floating_point.xfft_inst/fft/non_floating_point.arch_b.xfft_inst/single_channel.datapath/pe/mult_gen.Mult2/i_cmpy/four_mult_structure.use_dsp.i_dsp/re_im/use_DSP48.qDSP[0].appDSP[0].bppDSP[0].u_l[0].dynamic_sub.subtract_delay_re1/d1.dout_i_reg[0]'
INFO: [Synth 8-3886] merging instance 'U0/i_synth/xfft_inst/floating_point.xfft_inst/fft/non_floating_point.arch_b.xfft_inst/single_channel.datapath/pe/mult_gen.Mult2/i_cmpy/four_mult_structure.use_dsp.i_dsp/re_im/use_DSP48.qDSP[1].appDSP[0].bppDSP[0].u_l[0].dynamic_sub.subtract_delay_im1/d1.dout_i_reg[0]' (FDE) to 'U0/i_synth/xfft_inst/floating_point.xfft_inst/fft/non_floating_point.arch_b.xfft_inst/single_channel.datapath/pe/mult_gen.Mult2/i_cmpy/four_mult_structure.use_dsp.i_dsp/re_im/use_DSP48.qDSP[0].appDSP[0].bppDSP[0].u_l[0].dynamic_sub.subtract_delay_im1/d1.dout_i_reg[0]'
INFO: [Synth 8-3886] merging instance 'U0/i_synth/xfft_inst/floating_point.xfft_inst/fft/non_floating_point.arch_b.xfft_inst/single_channel.datapath/pe/mult_gen.Mult1/i_cmpy/four_mult_structure.use_dsp.i_dsp/re_im/use_DSP48.qDSP[1].appDSP[0].bppDSP[0].u_l[0].dynamic_sub.subtract_delay_re1/d1.dout_i_reg[0]' (FDE) to 'U0/i_synth/xfft_inst/floating_point.xfft_inst/fft/non_floating_point.arch_b.xfft_inst/single_channel.datapath/pe/mult_gen.Mult1/i_cmpy/four_mult_structure.use_dsp.i_dsp/re_im/use_DSP48.qDSP[0].appDSP[0].bppDSP[0].u_l[0].dynamic_sub.subtract_delay_re1/d1.dout_i_reg[0]'
INFO: [Synth 8-3886] merging instance 'U0/i_synth/xfft_inst/floating_point.xfft_inst/fft/non_floating_point.arch_b.xfft_inst/single_channel.datapath/pe/mult_gen.Mult1/i_cmpy/four_mult_structure.use_dsp.i_dsp/re_im/use_DSP48.qDSP[1].appDSP[0].bppDSP[0].u_l[0].dynamic_sub.subtract_delay_im1/d1.dout_i_reg[0]' (FDE) to 'U0/i_synth/xfft_inst/floating_point.xfft_inst/fft/non_floating_point.arch_b.xfft_inst/single_channel.datapath/pe/mult_gen.Mult2/i_cmpy/four_mult_structure.use_dsp.i_dsp/re_im/use_DSP48.qDSP[0].appDSP[0].bppDSP[0].u_l[0].dynamic_sub.subtract_delay_im1/d1.dout_i_reg[0]'
INFO: [Synth 8-3886] merging instance 'U0/i_synth/xfft_inst/floating_point.xfft_inst/fft/non_floating_point.arch_b.xfft_inst/single_channel.datapath/pe/mult_gen.Mult3/i_cmpy/four_mult_structure.use_dsp.i_dsp/re_im/use_DSP48.qDSP[1].appDSP[0].bppDSP[0].u_l[0].dynamic_sub.subtract_delay_re1/d1.dout_i_reg[0]' (FDE) to 'U0/i_synth/xfft_inst/floating_point.xfft_inst/fft/non_floating_point.arch_b.xfft_inst/single_channel.datapath/pe/mult_gen.Mult3/i_cmpy/four_mult_structure.use_dsp.i_dsp/re_im/use_DSP48.qDSP[0].appDSP[0].bppDSP[0].u_l[0].dynamic_sub.subtract_delay_re1/d1.dout_i_reg[0]'
INFO: [Synth 8-3886] merging instance 'U0/i_synth/xfft_inst/floating_point.xfft_inst/fft/non_floating_point.arch_b.xfft_inst/single_channel.datapath/pe/mult_gen.Mult3/i_cmpy/four_mult_structure.use_dsp.i_dsp/re_im/use_DSP48.qDSP[1].appDSP[0].bppDSP[0].u_l[0].dynamic_sub.subtract_delay_im1/d1.dout_i_reg[0]' (FDE) to 'U0/i_synth/xfft_inst/floating_point.xfft_inst/fft/non_floating_point.arch_b.xfft_inst/single_channel.datapath/pe/mult_gen.Mult3/i_cmpy/four_mult_structure.use_dsp.i_dsp/re_im/use_DSP48.qDSP[0].appDSP[0].bppDSP[0].u_l[0].dynamic_sub.subtract_delay_im1/d1.dout_i_reg[0]'
INFO: [Synth 8-3886] merging instance 'U0/i_synth/xfft_inst/floating_point.xfft_inst/fft/non_floating_point.arch_b.xfft_inst/single_channel.datapath/pe/mult_gen.Mult2/i_cmpy/four_mult_structure.use_dsp.i_dsp/re_im/use_DSP48.qDSP[0].appDSP[0].bppDSP[0].u_l[0].dynamic_sub.subtract_delay_im1/d1.dout_i_reg[0]' (FDE) to 'U0/i_synth/xfft_inst/floating_point.xfft_inst/fft/non_floating_point.arch_b.xfft_inst/single_channel.datapath/pe/mult_gen.Mult1/i_cmpy/four_mult_structure.use_dsp.i_dsp/re_im/use_DSP48.qDSP[0].appDSP[0].bppDSP[0].u_l[0].dynamic_sub.subtract_delay_im1/d1.dout_i_reg[0]'
INFO: [Synth 8-3886] merging instance 'U0/i_synth/xfft_inst/floating_point.xfft_inst/fft/non_floating_point.arch_b.xfft_inst/single_channel.datapath/pe/mult_gen.Mult2/i_cmpy/four_mult_structure.use_dsp.i_dsp/re_im/use_DSP48.qDSP[1].appDSP[0].bppDSP[1].u_l[0].dynamic_sub.subtract_delay_re0/d1.dout_i_reg[0]' (FDE) to 'U0/i_synth/xfft_inst/floating_point.xfft_inst/fft/non_floating_point.arch_b.xfft_inst/single_channel.datapath/pe/mult_gen.Mult2/i_cmpy/four_mult_structure.use_dsp.i_dsp/re_im/use_DSP48.qDSP[0].appDSP[0].bppDSP[1].u_l[0].dynamic_sub.subtract_delay_re0/d1.dout_i_reg[0]'
INFO: [Synth 8-3886] merging instance 'U0/i_synth/xfft_inst/floating_point.xfft_inst/fft/non_floating_point.arch_b.xfft_inst/single_channel.datapath/pe/mult_gen.Mult2/i_cmpy/four_mult_structure.use_dsp.i_dsp/re_im/use_DSP48.qDSP[1].appDSP[0].bppDSP[1].u_l[0].dynamic_sub.subtract_delay_im0/d1.dout_i_reg[0]' (FDE) to 'U0/i_synth/xfft_inst/floating_point.xfft_inst/fft/non_floating_point.arch_b.xfft_inst/single_channel.datapath/pe/mult_gen.Mult2/i_cmpy/four_mult_structure.use_dsp.i_dsp/re_im/use_DSP48.qDSP[0].appDSP[0].bppDSP[1].u_l[0].dynamic_sub.subtract_delay_im0/d1.dout_i_reg[0]'
INFO: [Synth 8-3333] propagating constant 0 across sequential element (U0/i_synth/\xfft_inst/floating_point.xfft_inst/fft/non_floating_point.arch_b.xfft_inst/control/twiddle_generator2/tw1.twgen1/SINE_reg[24] )
INFO: [Synth 8-3886] merging instance 'U0/i_synth/xfft_inst/floating_point.xfft_inst/fft/non_floating_point.arch_b.xfft_inst/single_channel.datapath/pe/mult_gen.Mult1/i_cmpy/four_mult_structure.use_dsp.i_dsp/re_im/use_DSP48.qDSP[1].appDSP[0].bppDSP[1].u_l[0].dynamic_sub.subtract_delay_re0/d1.dout_i_reg[0]' (FDE) to 'U0/i_synth/xfft_inst/floating_point.xfft_inst/fft/non_floating_point.arch_b.xfft_inst/single_channel.datapath/pe/mult_gen.Mult1/i_cmpy/four_mult_structure.use_dsp.i_dsp/re_im/use_DSP48.qDSP[0].appDSP[0].bppDSP[1].u_l[0].dynamic_sub.subtract_delay_re0/d1.dout_i_reg[0]'
INFO: [Synth 8-3886] merging instance 'U0/i_synth/xfft_inst/floating_point.xfft_inst/fft/non_floating_point.arch_b.xfft_inst/single_channel.datapath/pe/mult_gen.Mult1/i_cmpy/four_mult_structure.use_dsp.i_dsp/re_im/use_DSP48.qDSP[1].appDSP[0].bppDSP[1].u_l[0].dynamic_sub.subtract_delay_im0/d1.dout_i_reg[0]' (FDE) to 'U0/i_synth/xfft_inst/floating_point.xfft_inst/fft/non_floating_point.arch_b.xfft_inst/single_channel.datapath/pe/mult_gen.Mult2/i_cmpy/four_mult_structure.use_dsp.i_dsp/re_im/use_DSP48.qDSP[0].appDSP[0].bppDSP[1].u_l[0].dynamic_sub.subtract_delay_im0/d1.dout_i_reg[0]'
INFO: [Synth 8-3333] propagating constant 0 across sequential element (U0/i_synth/\xfft_inst/floating_point.xfft_inst/fft/non_floating_point.arch_b.xfft_inst/control/twiddle_generator1/tw1.twgen1/SINE_reg[24] )
INFO: [Synth 8-3886] merging instance 'U0/i_synth/xfft_inst/floating_point.xfft_inst/fft/non_floating_point.arch_b.xfft_inst/single_channel.datapath/pe/mult_gen.Mult3/i_cmpy/four_mult_structure.use_dsp.i_dsp/re_im/use_DSP48.qDSP[1].appDSP[0].bppDSP[1].u_l[0].dynamic_sub.subtract_delay_re0/d1.dout_i_reg[0]' (FDE) to 'U0/i_synth/xfft_inst/floating_point.xfft_inst/fft/non_floating_point.arch_b.xfft_inst/single_channel.datapath/pe/mult_gen.Mult3/i_cmpy/four_mult_structure.use_dsp.i_dsp/re_im/use_DSP48.qDSP[0].appDSP[0].bppDSP[1].u_l[0].dynamic_sub.subtract_delay_re0/d1.dout_i_reg[0]'
INFO: [Synth 8-3886] merging instance 'U0/i_synth/xfft_inst/floating_point.xfft_inst/fft/non_floating_point.arch_b.xfft_inst/single_channel.datapath/pe/mult_gen.Mult3/i_cmpy/four_mult_structure.use_dsp.i_dsp/re_im/use_DSP48.qDSP[1].appDSP[0].bppDSP[1].u_l[0].dynamic_sub.subtract_delay_im0/d1.dout_i_reg[0]' (FDE) to 'U0/i_synth/xfft_inst/floating_point.xfft_inst/fft/non_floating_point.arch_b.xfft_inst/single_channel.datapath/pe/mult_gen.Mult3/i_cmpy/four_mult_structure.use_dsp.i_dsp/re_im/use_DSP48.qDSP[0].appDSP[0].bppDSP[1].u_l[0].dynamic_sub.subtract_delay_im0/d1.dout_i_reg[0]'
INFO: [Synth 8-3333] propagating constant 0 across sequential element (U0/i_synth/\xfft_inst/floating_point.xfft_inst/fft/non_floating_point.arch_b.xfft_inst/control/twiddle_generator3/tw1.twgen1/SINE_reg[24] )
INFO: [Synth 8-3886] merging instance 'U0/i_synth/xfft_inst/floating_point.xfft_inst/fft/non_floating_point.arch_b.xfft_inst/single_channel.datapath/pe/mult_gen.Mult2/i_cmpy/four_mult_structure.use_dsp.i_dsp/re_im/use_DSP48.qDSP[0].appDSP[0].bppDSP[1].u_l[0].dynamic_sub.subtract_delay_im0/d1.dout_i_reg[0]' (FDE) to 'U0/i_synth/xfft_inst/floating_point.xfft_inst/fft/non_floating_point.arch_b.xfft_inst/single_channel.datapath/pe/mult_gen.Mult1/i_cmpy/four_mult_structure.use_dsp.i_dsp/re_im/use_DSP48.qDSP[0].appDSP[0].bppDSP[1].u_l[0].dynamic_sub.subtract_delay_im0/d1.dout_i_reg[0]'
INFO: [Synth 8-3333] propagating constant 0 across sequential element (U0/i_synth/\xfft_inst/floating_point.xfft_inst/fft/non_floating_point.arch_b.xfft_inst/control/twiddle_generator2/tw1.twgen1/COSINE_reg[24] )
INFO: [Synth 8-3333] propagating constant 0 across sequential element (U0/i_synth/\xfft_inst/floating_point.xfft_inst/fft/non_floating_point.arch_b.xfft_inst/control/twiddle_generator3/tw1.twgen1/COSINE_reg[24] )
INFO: [Synth 8-3333] propagating constant 0 across sequential element (U0/i_synth/\xfft_inst/floating_point.xfft_inst/fft/non_floating_point.arch_b.xfft_inst/control/twiddle_generator1/tw1.twgen1/COSINE_reg[24] )
INFO: [Synth 8-3886] merging instance 'U0/i_synth/xfft_inst/floating_point.xfft_inst/fft/non_floating_point.arch_b.xfft_inst/single_channel.datapath/pe/mult_gen.Mult2/i_cmpy/four_mult_structure.use_dsp.i_dsp/re_im/use_DSP48.qDSP[1].appDSP[0].bppDSP[1].u_l[0].dynamic_sub.subtract_delay_im1/d1.dout_i_reg[0]' (FDE) to 'U0/i_synth/xfft_inst/floating_point.xfft_inst/fft/non_floating_point.arch_b.xfft_inst/single_channel.datapath/pe/mult_gen.Mult1/i_cmpy/four_mult_structure.use_dsp.i_dsp/re_im/use_DSP48.qDSP[1].appDSP[0].bppDSP[1].u_l[0].dynamic_sub.subtract_delay_im1/d1.dout_i_reg[0]'
INFO: [Synth 8-3333] propagating constant 0 across sequential element (U0/i_synth/\xfft_inst/floating_point.xfft_inst/fft/non_floating_point.arch_b.xfft_inst/control/processing_address_generator/n1.n_128_d_reg[0] )
INFO: [Synth 8-3333] propagating constant 0 across sequential element (U0/i_synth/\xfft_inst/floating_point.xfft_inst/fft/non_floating_point.arch_b.xfft_inst/control/processing_address_generator/n2.n_512_d_reg[0] )
INFO: [Synth 8-3333] propagating constant 0 across sequential element (U0/i_synth/\xfft_inst/floating_point.xfft_inst/fft/non_floating_point.arch_b.xfft_inst/control/processing_address_generator/n3.n_2048_d_reg[0] )
INFO: [Synth 8-3333] propagating constant 0 across sequential element (U0/i_synth/\xfft_inst/floating_point.xfft_inst/fft/non_floating_point.arch_b.xfft_inst/control/processing_address_generator/bypass_reg[0] )
INFO: [Synth 8-3886] merging instance 'U0/i_synth/xfft_inst/floating_point.xfft_inst/fft/non_floating_point.arch_b.xfft_inst/control/control/IN_WR_ADDR_reg[0]' (FDE) to 'U0/i_synth/xfft_inst/floating_point.xfft_inst/fft/non_floating_point.arch_b.xfft_inst/control/control/dig_rev_reg[0]'
INFO: [Synth 8-3886] merging instance 'U0/i_synth/xfft_inst/floating_point.xfft_inst/fft/non_floating_point.arch_b.xfft_inst/control/control/IN_WR_ADDR_reg[1]' (FDE) to 'U0/i_synth/xfft_inst/floating_point.xfft_inst/fft/non_floating_point.arch_b.xfft_inst/control/control/dig_rev_reg[1]'
INFO: [Synth 8-3886] merging instance 'U0/i_synth/xfft_inst/floating_point.xfft_inst/fft/non_floating_point.arch_b.xfft_inst/control/control/IN_WR_ADDR_reg[2]' (FDE) to 'U0/i_synth/xfft_inst/floating_point.xfft_inst/fft/non_floating_point.arch_b.xfft_inst/control/control/dig_rev_reg[2]'
INFO: [Synth 8-3886] merging instance 'U0/i_synth/xfft_inst/floating_point.xfft_inst/fft/non_floating_point.arch_b.xfft_inst/control/control/IN_WR_ADDR_reg[3]' (FDE) to 'U0/i_synth/xfft_inst/floating_point.xfft_inst/fft/non_floating_point.arch_b.xfft_inst/control/control/dig_rev_reg[3]'
INFO: [Synth 8-3886] merging instance 'U0/i_synth/xfft_inst/floating_point.xfft_inst/fft/non_floating_point.arch_b.xfft_inst/control/control/IN_WR_ADDR_reg[4]' (FDE) to 'U0/i_synth/xfft_inst/floating_point.xfft_inst/fft/non_floating_point.arch_b.xfft_inst/control/control/dig_rev_reg[4]'
INFO: [Synth 8-3886] merging instance 'U0/i_synth/xfft_inst/floating_point.xfft_inst/fft/non_floating_point.arch_b.xfft_inst/control/control/IN_WR_ADDR_reg[5]' (FDE) to 'U0/i_synth/xfft_inst/floating_point.xfft_inst/fft/non_floating_point.arch_b.xfft_inst/control/control/dig_rev_reg[5]'
INFO: [Synth 8-3886] merging instance 'U0/i_synth/xfft_inst/floating_point.xfft_inst/fft/non_floating_point.arch_b.xfft_inst/control/control/IN_WR_ADDR_reg[6]' (FDE) to 'U0/i_synth/xfft_inst/floating_point.xfft_inst/fft/non_floating_point.arch_b.xfft_inst/control/control/dig_rev_reg[6]'
INFO: [Synth 8-3886] merging instance 'U0/i_synth/xfft_inst/floating_point.xfft_inst/fft/non_floating_point.arch_b.xfft_inst/control/control/IN_WR_ADDR_reg[7]' (FDE) to 'U0/i_synth/xfft_inst/floating_point.xfft_inst/fft/non_floating_point.arch_b.xfft_inst/control/control/dig_rev_reg[7]'
INFO: [Synth 8-3886] merging instance 'U0/i_synth/xfft_inst/floating_point.xfft_inst/fft/non_floating_point.arch_b.xfft_inst/control/control/IN_WR_ADDR_reg[8]' (FDE) to 'U0/i_synth/xfft_inst/floating_point.xfft_inst/fft/non_floating_point.arch_b.xfft_inst/control/control/dig_rev_reg[8]'
INFO: [Synth 8-3886] merging instance 'U0/i_synth/xfft_inst/floating_point.xfft_inst/fft/non_floating_point.arch_b.xfft_inst/control/control/IN_WR_ADDR_reg[9]' (FDE) to 'U0/i_synth/xfft_inst/floating_point.xfft_inst/fft/non_floating_point.arch_b.xfft_inst/control/control/dig_rev_reg[9]'
INFO: [Synth 8-3886] merging instance 'U0/i_synth/xfft_inst/floating_point.xfft_inst/imag_to_bfp/fpo/FLT_TO_FIX_OP.SPD.OP/ALIGN_Z_D/MUX_LOOP[0].DEL_Z_D/i_pipe/opt_has_pipe.first_q_reg[6]' (FDE) to 'U0/i_synth/xfft_inst/floating_point.xfft_inst/imag_to_bfp/fpo/FLT_TO_FIX_OP.SPD.OP/ALIGN_Z_D/MUX_LOOP[0].DEL_Z_D/i_pipe/opt_has_pipe.first_q_reg[7]'
INFO: [Synth 8-3886] merging instance 'U0/i_synth/xfft_inst/floating_point.xfft_inst/imag_to_bfp/fpo/FLT_TO_FIX_OP.SPD.OP/ALIGN_Z_D/MUX_LOOP[0].DEL_Z_D/i_pipe/opt_has_pipe.first_q_reg[7]' (FDE) to 'U0/i_synth/xfft_inst/floating_point.xfft_inst/imag_to_bfp/fpo/FLT_TO_FIX_OP.SPD.OP/ALIGN_Z_D/MUX_LOOP[1].DEL_Z_D/i_pipe/opt_has_pipe.first_q_reg[3]'
INFO: [Synth 8-3886] merging instance 'U0/i_synth/xfft_inst/floating_point.xfft_inst/real_to_bfp/fpo/FLT_TO_FIX_OP.SPD.OP/ALIGN_Z_D/MUX_LOOP[0].DEL_Z_D/i_pipe/opt_has_pipe.first_q_reg[6]' (FDE) to 'U0/i_synth/xfft_inst/floating_point.xfft_inst/real_to_bfp/fpo/FLT_TO_FIX_OP.SPD.OP/ALIGN_Z_D/MUX_LOOP[0].DEL_Z_D/i_pipe/opt_has_pipe.first_q_reg[7]'
INFO: [Synth 8-3886] merging instance 'U0/i_synth/xfft_inst/floating_point.xfft_inst/real_to_bfp/fpo/FLT_TO_FIX_OP.SPD.OP/ALIGN_Z_D/MUX_LOOP[0].DEL_Z_D/i_pipe/opt_has_pipe.first_q_reg[7]' (FDE) to 'U0/i_synth/xfft_inst/floating_point.xfft_inst/real_to_bfp/fpo/FLT_TO_FIX_OP.SPD.OP/ALIGN_Z_D/MUX_LOOP[1].DEL_Z_D/i_pipe/opt_has_pipe.first_q_reg[3]'
INFO: [Synth 8-3886] merging instance 'U0/i_synth/xfft_inst/floating_point.xfft_inst/imag_to_bfp/fpo/FLT_TO_FIX_OP.SPD.OP/ALIGN_Z_D/MUX_LOOP[1].DEL_Z_D/i_pipe/opt_has_pipe.first_q_reg[3]' (FDE) to 'U0/i_synth/xfft_inst/floating_point.xfft_inst/imag_to_bfp/fpo/FLT_TO_FIX_OP.SPD.OP/ALIGN_Z_D/MUX_LOOP[1].DEL_Z_D/i_pipe/opt_has_pipe.first_q_reg[2]'
INFO: [Synth 8-3886] merging instance 'U0/i_synth/xfft_inst/floating_point.xfft_inst/real_to_bfp/fpo/FLT_TO_FIX_OP.SPD.OP/ALIGN_Z_D/MUX_LOOP[1].DEL_Z_D/i_pipe/opt_has_pipe.first_q_reg[3]' (FDE) to 'U0/i_synth/xfft_inst/floating_point.xfft_inst/real_to_bfp/fpo/FLT_TO_FIX_OP.SPD.OP/ALIGN_Z_D/MUX_LOOP[1].DEL_Z_D/i_pipe/opt_has_pipe.first_q_reg[2]'
INFO: [Synth 8-3886] merging instance 'U0/i_synth/xfft_inst/floating_point.xfft_inst/fft/non_floating_point.arch_b.xfft_inst/control/control/out_addr_actual_reg[1]' (FDE) to 'U0/i_synth/xfft_inst/floating_point.xfft_inst/fft/non_floating_point.arch_b.xfft_inst/control/control/nat_out.out_addr_reg_reg[1]'
INFO: [Synth 8-3886] merging instance 'U0/i_synth/xfft_inst/floating_point.xfft_inst/fft/non_floating_point.arch_b.xfft_inst/control/control/out_addr_actual_reg[3]' (FDE) to 'U0/i_synth/xfft_inst/floating_point.xfft_inst/fft/non_floating_point.arch_b.xfft_inst/control/control/nat_out.out_addr_reg_reg[3]'
INFO: [Synth 8-3886] merging instance 'U0/i_synth/xfft_inst/floating_point.xfft_inst/fft/non_floating_point.arch_b.xfft_inst/control/control/out_addr_actual_reg[5]' (FDE) to 'U0/i_synth/xfft_inst/floating_point.xfft_inst/fft/non_floating_point.arch_b.xfft_inst/control/control/nat_out.out_addr_reg_reg[5]'
INFO: [Synth 8-3886] merging instance 'U0/i_synth/xfft_inst/floating_point.xfft_inst/fft/non_floating_point.arch_b.xfft_inst/control/control/out_addr_actual_reg[7]' (FDE) to 'U0/i_synth/xfft_inst/floating_point.xfft_inst/fft/non_floating_point.arch_b.xfft_inst/control/control/nat_out.out_addr_reg_reg[7]'
INFO: [Synth 8-3886] merging instance 'U0/i_synth/xfft_inst/floating_point.xfft_inst/fft/non_floating_point.arch_b.xfft_inst/control/control/out_addr_actual_reg[9]' (FDE) to 'U0/i_synth/xfft_inst/floating_point.xfft_inst/fft/non_floating_point.arch_b.xfft_inst/control/control/nat_out.out_addr_reg_reg[9]'
INFO: [Synth 8-3886] merging instance 'U0/i_synth/xfft_inst/floating_point.xfft_inst/fft/non_floating_point.arch_b.xfft_inst/control/control/out_addr_actual_reg[11]' (FDE) to 'U0/i_synth/xfft_inst/floating_point.xfft_inst/fft/non_floating_point.arch_b.xfft_inst/control/control/nat_out.out_addr_reg_reg[11]'
INFO: [Synth 8-3886] merging instance 'U0/i_synth/xfft_inst/floating_point.xfft_inst/fft/non_floating_point.arch_b.xfft_inst/control/control/out_addr_actual_reg[0]' (FDE) to 'U0/i_synth/xfft_inst/floating_point.xfft_inst/fft/non_floating_point.arch_b.xfft_inst/control/control/nat_out.out_addr_reg_reg[0]'
INFO: [Synth 8-3886] merging instance 'U0/i_synth/xfft_inst/floating_point.xfft_inst/fft/non_floating_point.arch_b.xfft_inst/control/control/out_addr_actual_reg[2]' (FDE) to 'U0/i_synth/xfft_inst/floating_point.xfft_inst/fft/non_floating_point.arch_b.xfft_inst/control/control/nat_out.out_addr_reg_reg[2]'
INFO: [Synth 8-3886] merging instance 'U0/i_synth/xfft_inst/floating_point.xfft_inst/fft/non_floating_point.arch_b.xfft_inst/control/control/out_addr_actual_reg[4]' (FDE) to 'U0/i_synth/xfft_inst/floating_point.xfft_inst/fft/non_floating_point.arch_b.xfft_inst/control/control/nat_out.out_addr_reg_reg[4]'
INFO: [Synth 8-3886] merging instance 'U0/i_synth/xfft_inst/floating_point.xfft_inst/fft/non_floating_point.arch_b.xfft_inst/control/control/out_addr_actual_reg[6]' (FDE) to 'U0/i_synth/xfft_inst/floating_point.xfft_inst/fft/non_floating_point.arch_b.xfft_inst/control/control/nat_out.out_addr_reg_reg[6]'
INFO: [Synth 8-3886] merging instance 'U0/i_synth/xfft_inst/floating_point.xfft_inst/fft/non_floating_point.arch_b.xfft_inst/control/control/out_addr_actual_reg[8]' (FDE) to 'U0/i_synth/xfft_inst/floating_point.xfft_inst/fft/non_floating_point.arch_b.xfft_inst/control/control/nat_out.out_addr_reg_reg[8]'
INFO: [Synth 8-3886] merging instance 'U0/i_synth/xfft_inst/floating_point.xfft_inst/fft/non_floating_point.arch_b.xfft_inst/control/control/out_addr_actual_reg[10]' (FDE) to 'U0/i_synth/xfft_inst/floating_point.xfft_inst/fft/non_floating_point.arch_b.xfft_inst/control/control/nat_out.out_addr_reg_reg[10]'
INFO: [Synth 8-3886] merging instance 'U0/i_synth/xfft_inst/floating_point.xfft_inst/convert_real_to_fp/fpo/FIX_TO_FLT_OP.SPD.OP/EXP/EXP_MOD_DEL/i_pipe/opt_has_pipe.first_q_reg[6]' (FDE) to 'U0/i_synth/xfft_inst/floating_point.xfft_inst/convert_real_to_fp/fpo/FIX_TO_FLT_OP.SPD.OP/EXP/EXP_MOD_DEL/i_pipe/opt_has_pipe.first_q_reg[5]'
INFO: [Synth 8-3333] propagating constant 0 across sequential element (U0/i_synth/\xfft_inst/floating_point.xfft_inst/convert_real_to_fp/fpo /\FIX_TO_FLT_OP.SPD.OP/EXP/EXP_MOD_DEL/i_pipe/opt_has_pipe.first_q_reg[7] )
INFO: [Synth 8-3886] merging instance 'U0/i_synth/xfft_inst/floating_point.xfft_inst/convert_imag_to_fp/fpo/FIX_TO_FLT_OP.SPD.OP/EXP/EXP_MOD_DEL/i_pipe/opt_has_pipe.first_q_reg[6]' (FDE) to 'U0/i_synth/xfft_inst/floating_point.xfft_inst/convert_imag_to_fp/fpo/FIX_TO_FLT_OP.SPD.OP/EXP/EXP_MOD_DEL/i_pipe/opt_has_pipe.first_q_reg[5]'
INFO: [Synth 8-3333] propagating constant 0 across sequential element (U0/i_synth/\xfft_inst/floating_point.xfft_inst/convert_imag_to_fp/fpo /\FIX_TO_FLT_OP.SPD.OP/EXP/EXP_MOD_DEL/i_pipe/opt_has_pipe.first_q_reg[7] )
INFO: [Synth 8-3333] propagating constant 0 across sequential element (U0/i_synth/\xfft_inst/floating_point.xfft_inst/fft/non_floating_point.arch_b.xfft_inst/control/control/max_rank_flops[0].max_rank_ff )
INFO: [Synth 8-3333] propagating constant 0 across sequential element (U0/i_synth/\xfft_inst/floating_point.xfft_inst/fft/non_floating_point.arch_b.xfft_inst/control/control/max_rank_flops[1].max_rank_ff )
INFO: [Synth 8-3333] propagating constant 0 across sequential element (U0/i_synth/\axi_wrapper/gen_nrt_events.event_status_channel_halt_int_reg )
INFO: [Synth 8-3333] propagating constant 0 across sequential element (U0/i_synth/\xfft_inst/floating_point.xfft_inst/fft/non_floating_point.arch_b.xfft_inst/control/twiddle_address_generator/N_MAX_P4.p4/greater_than_64.p2_last_rk_vec_delay_reg[0] )
INFO: [Synth 8-3333] propagating constant 0 across sequential element (U0/i_synth/\xfft_inst/floating_point.xfft_inst/fft/non_floating_point.arch_b.xfft_inst/control/twiddle_address_generator/N_MAX_P4.p4/pre_tw2_d_reg[0] )
INFO: [Synth 8-3333] propagating constant 0 across sequential element (U0/i_synth/\xfft_inst/floating_point.xfft_inst/fft/non_floating_point.arch_b.xfft_inst/single_channel.datapath/pe/mult_gen.Mult2/i_cmpy/four_mult_structure.use_dsp.i_dsp/re_im/use_DSP48.iAdelx[0].iAdely[1].u_l[1].need_dsp_delay.Aidelay0/d1.dout_i_reg[24] )
INFO: [Synth 8-3333] propagating constant 0 across sequential element (U0/i_synth/\xfft_inst/floating_point.xfft_inst/fft/non_floating_point.arch_b.xfft_inst/single_channel.datapath/pe/mult_gen.Mult1/i_cmpy/four_mult_structure.use_dsp.i_dsp/re_im/use_DSP48.iAdelx[0].iAdely[1].u_l[1].need_dsp_delay.Aidelay0/d1.dout_i_reg[24] )
INFO: [Synth 8-3333] propagating constant 0 across sequential element (U0/i_synth/\xfft_inst/floating_point.xfft_inst/fft/non_floating_point.arch_b.xfft_inst/single_channel.datapath/pe/mult_gen.Mult3/i_cmpy/four_mult_structure.use_dsp.i_dsp/re_im/use_DSP48.iAdelx[0].iAdely[1].u_l[1].need_dsp_delay.Aidelay0/d1.dout_i_reg[24] )
INFO: [Synth 8-3333] propagating constant 0 across sequential element (U0/i_synth/\xfft_inst/floating_point.xfft_inst/fft/non_floating_point.arch_b.xfft_inst/single_channel.datapath/pe/mult_gen.Mult2/i_cmpy/four_mult_structure.use_dsp.i_dsp/re_im/use_DSP48.iAdelx[0].iAdely[1].u_l[1].need_dsp_delay.Ardelay0/d1.dout_i_reg[24] )
INFO: [Synth 8-3333] propagating constant 0 across sequential element (U0/i_synth/\xfft_inst/floating_point.xfft_inst/fft/non_floating_point.arch_b.xfft_inst/single_channel.datapath/pe/mult_gen.Mult3/i_cmpy/four_mult_structure.use_dsp.i_dsp/re_im/use_DSP48.iAdelx[0].iAdely[1].u_l[1].need_dsp_delay.Ardelay0/d1.dout_i_reg[24] )
INFO: [Synth 8-3333] propagating constant 0 across sequential element (U0/i_synth/\xfft_inst/floating_point.xfft_inst/fft/non_floating_point.arch_b.xfft_inst/single_channel.datapath/pe/mult_gen.Mult1/i_cmpy/four_mult_structure.use_dsp.i_dsp/re_im/use_DSP48.iAdelx[0].iAdely[1].u_l[1].need_dsp_delay.Ardelay0/d1.dout_i_reg[24] )
INFO: [Synth 8-3333] propagating constant 0 across sequential element (U0/i_synth/\xfft_inst/floating_point.xfft_inst/fft/non_floating_point.arch_b.xfft_inst/control/processing_address_generator/n1.n_128_reg_reg[0] )
INFO: [Synth 8-3333] propagating constant 0 across sequential element (U0/i_synth/\xfft_inst/floating_point.xfft_inst/fft/non_floating_point.arch_b.xfft_inst/control/processing_address_generator/n2.n_512_reg_reg[0] )
INFO: [Synth 8-3333] propagating constant 0 across sequential element (U0/i_synth/\xfft_inst/floating_point.xfft_inst/fft/non_floating_point.arch_b.xfft_inst/control/processing_address_generator/n3.n_2048_reg_reg[0] )
INFO: [Synth 8-3333] propagating constant 0 across sequential element (U0/i_synth/\xfft_inst/floating_point.xfft_inst/fft/non_floating_point.arch_b.xfft_inst/control/processing_address_generator/bypass_d_reg[0] )
INFO: [Synth 8-3886] merging instance 'U0/i_synth/axi_wrapper/current_state_reg[6]' (FDRE) to 'U0/i_synth/axi_wrapper/current_state_reg[8]'
INFO: [Synth 8-3886] merging instance 'U0/i_synth/axi_wrapper/current_state_reg[7]' (FDRE) to 'U0/i_synth/axi_wrapper/current_state_reg[8]'
INFO: [Synth 8-3886] merging instance 'U0/i_synth/axi_wrapper/current_state_reg[10]' (FDRE) to 'U0/i_synth/axi_wrapper/current_state_reg[8]'
INFO: [Synth 8-3333] propagating constant 0 across sequential element (U0/i_synth/\axi_wrapper/current_state_reg[8] )
INFO: [Synth 8-3886] merging instance 'U0/i_synth/axi_wrapper/current_state_reg[9]' (FDRE) to 'U0/i_synth/axi_wrapper/current_state_reg[8]'
INFO: [Synth 8-3886] merging instance 'U0/i_synth/xfft_inst/floating_point.xfft_inst/fft/non_floating_point.arch_b.xfft_inst/control/twiddle_address_generator/N_MAX_P4.p4/N_MAX_4096_MUX_FOR_P2.tw3_tmp_reg[2]' (FDE) to 'U0/i_synth/xfft_inst/floating_point.xfft_inst/fft/non_floating_point.arch_b.xfft_inst/control/twiddle_address_generator/N_MAX_P4.p4/N_MAX_4096_MUX_FOR_P2.pre_tw1_d_reg[2]'
INFO: [Synth 8-3886] merging instance 'U0/i_synth/xfft_inst/floating_point.xfft_inst/fft/non_floating_point.arch_b.xfft_inst/control/twiddle_address_generator/N_MAX_P4.p4/N_MAX_4096_MUX_FOR_P2.tw3_tmp_reg[4]' (FDE) to 'U0/i_synth/xfft_inst/floating_point.xfft_inst/fft/non_floating_point.arch_b.xfft_inst/control/twiddle_address_generator/N_MAX_P4.p4/N_MAX_4096_MUX_FOR_P2.pre_tw1_d_reg[4]'
INFO: [Synth 8-3886] merging instance 'U0/i_synth/xfft_inst/floating_point.xfft_inst/fft/non_floating_point.arch_b.xfft_inst/control/twiddle_address_generator/N_MAX_P4.p4/N_MAX_4096_MUX_FOR_P2.tw3_tmp_reg[6]' (FDE) to 'U0/i_synth/xfft_inst/floating_point.xfft_inst/fft/non_floating_point.arch_b.xfft_inst/control/twiddle_address_generator/N_MAX_P4.p4/N_MAX_4096_MUX_FOR_P2.pre_tw1_d_reg[6]'
INFO: [Synth 8-3333] propagating constant 0 across sequential element (U0/i_synth/\xfft_inst/floating_point.xfft_inst/fft/non_floating_point.arch_b.xfft_inst/control/twiddle_address_generator/N_MAX_P4.p4/tw2_reg_loop[0].tw2_reg )
INFO: [Synth 8-3333] propagating constant 0 across sequential element (U0/i_synth/\xfft_inst/floating_point.xfft_inst/fft/non_floating_point.arch_b.xfft_inst/control/processing_address_generator/n1.n_128_reg2_reg[0] )
INFO: [Synth 8-3333] propagating constant 0 across sequential element (U0/i_synth/\xfft_inst/floating_point.xfft_inst/fft/non_floating_point.arch_b.xfft_inst/control/processing_address_generator/n2.n_512_reg2_reg[0] )
INFO: [Synth 8-3333] propagating constant 0 across sequential element (U0/i_synth/\xfft_inst/floating_point.xfft_inst/fft/non_floating_point.arch_b.xfft_inst/control/processing_address_generator/n3.n_2048_reg2_reg[0] )
INFO: [Synth 8-3333] propagating constant 0 across sequential element (U0/i_synth/\xfft_inst/floating_point.xfft_inst/fft/non_floating_point.arch_b.xfft_inst/control/processing_address_generator/bypass_reg_reg[0] )
INFO: [Synth 8-3333] propagating constant 0 across sequential element (U0/i_synth/\axi_wrapper/current_state_reg[8] )
INFO: [Synth 8-3333] propagating constant 0 across sequential element (U0/i_synth/\xfft_inst/floating_point.xfft_inst/fft/non_floating_point.arch_b.xfft_inst/control/twiddle_generator2/tw1.twgen1/pos_addr_reg_reg[0] )
INFO: [Synth 8-3333] propagating constant 0 across sequential element (U0/i_synth/\xfft_inst/floating_point.xfft_inst/fft/non_floating_point.arch_b.xfft_inst/control/twiddle_generator2/tw1.twgen1/sin_addr_2s_comp/use_output_reg.D_OUT_reg[0] )
INFO: [Synth 8-3333] propagating constant 0 across sequential element (U0/i_synth/\xfft_inst/floating_point.xfft_inst/fft/non_floating_point.arch_b.xfft_inst/control/twiddle_generator2/tw1.twgen1/cos_addr_2s_comp/use_output_reg.D_OUT_reg[0] )
INFO: [Synth 8-3886] merging instance 'U0/i_synth/xfft_inst/floating_point.xfft_inst/fft/non_floating_point.arch_b.xfft_inst/single_channel.datapath/o_switch_re/sel3_reg[1]' (FDE) to 'U0/i_synth/xfft_inst/floating_point.xfft_inst/fft/non_floating_point.arch_b.xfft_inst/single_channel.datapath/o_switch_im/sel3_reg[1]'
INFO: [Synth 8-3886] merging instance 'U0/i_synth/xfft_inst/floating_point.xfft_inst/fft/non_floating_point.arch_b.xfft_inst/single_channel.datapath/o_switch_re/sel3_reg[0]' (FDE) to 'U0/i_synth/xfft_inst/floating_point.xfft_inst/fft/non_floating_point.arch_b.xfft_inst/single_channel.datapath/o_switch_im/sel3_reg[0]'
INFO: [Synth 8-3886] merging instance 'U0/i_synth/xfft_inst/floating_point.xfft_inst/fft/non_floating_point.arch_b.xfft_inst/single_channel.datapath/o_switch_re/sel2_reg[1]' (FDE) to 'U0/i_synth/xfft_inst/floating_point.xfft_inst/fft/non_floating_point.arch_b.xfft_inst/single_channel.datapath/o_switch_im/sel2_reg[1]'
INFO: [Synth 8-3886] merging instance 'U0/i_synth/xfft_inst/floating_point.xfft_inst/fft/non_floating_point.arch_b.xfft_inst/single_channel.datapath/o_switch_re/sel2_reg[0]' (FDE) to 'U0/i_synth/xfft_inst/floating_point.xfft_inst/fft/non_floating_point.arch_b.xfft_inst/single_channel.datapath/o_switch_im/sel2_reg[0]'
INFO: [Synth 8-3886] merging instance 'U0/i_synth/xfft_inst/floating_point.xfft_inst/fft/non_floating_point.arch_b.xfft_inst/single_channel.datapath/o_switch_re/sel1_reg[1]' (FDE) to 'U0/i_synth/xfft_inst/floating_point.xfft_inst/fft/non_floating_point.arch_b.xfft_inst/single_channel.datapath/o_switch_im/sel1_reg[1]'
INFO: [Synth 8-3886] merging instance 'U0/i_synth/xfft_inst/floating_point.xfft_inst/fft/non_floating_point.arch_b.xfft_inst/single_channel.datapath/o_switch_re/sel1_reg[0]' (FDE) to 'U0/i_synth/xfft_inst/floating_point.xfft_inst/fft/non_floating_point.arch_b.xfft_inst/single_channel.datapath/o_switch_im/sel1_reg[0]'
INFO: [Synth 8-3886] merging instance 'U0/i_synth/xfft_inst/floating_point.xfft_inst/fft/non_floating_point.arch_b.xfft_inst/single_channel.datapath/o_switch_re/sel0_reg[1]' (FDE) to 'U0/i_synth/xfft_inst/floating_point.xfft_inst/fft/non_floating_point.arch_b.xfft_inst/single_channel.datapath/o_switch_im/sel0_reg[1]'
INFO: [Synth 8-3886] merging instance 'U0/i_synth/xfft_inst/floating_point.xfft_inst/fft/non_floating_point.arch_b.xfft_inst/single_channel.datapath/o_switch_re/sel0_reg[0]' (FDE) to 'U0/i_synth/xfft_inst/floating_point.xfft_inst/fft/non_floating_point.arch_b.xfft_inst/single_channel.datapath/o_switch_im/sel0_reg[0]'
INFO: [Synth 8-3886] merging instance 'U0/i_synth/xfft_inst/floating_point.xfft_inst/fft/non_floating_point.arch_b.xfft_inst/control/twiddle_generator1/tw1.twgen1/sin_addr_2s_comp/use_output_reg.D_OUT_reg[0]' (FDE) to 'U0/i_synth/xfft_inst/floating_point.xfft_inst/fft/non_floating_point.arch_b.xfft_inst/control/twiddle_generator1/tw1.twgen1/cos_addr_2s_comp/use_output_reg.D_OUT_reg[0]'
INFO: [Synth 8-3886] merging instance 'U0/i_synth/xfft_inst/floating_point.xfft_inst/fft/non_floating_point.arch_b.xfft_inst/control/twiddle_generator3/tw1.twgen1/cos_addr_2s_comp/use_output_reg.D_OUT_reg[0]' (FDE) to 'U0/i_synth/xfft_inst/floating_point.xfft_inst/fft/non_floating_point.arch_b.xfft_inst/control/twiddle_generator3/tw1.twgen1/sin_addr_2s_comp/use_output_reg.D_OUT_reg[0]'
---------------------------------------------------------------------------------
Finished Cross Boundary and Area Optimization : Time (s): cpu = 00:03:37 ; elapsed = 00:03:54 . Memory (MB): peak = 1217.676 ; gain = 955.953
---------------------------------------------------------------------------------

Report RTL Partitions: 
+-+--------------+------------+----------+
| |RTL Partition |Replication |Instances |
+-+--------------+------------+----------+
+-+--------------+------------+----------+
---------------------------------------------------------------------------------
Start Applying XDC Timing Constraints
---------------------------------------------------------------------------------
---------------------------------------------------------------------------------
Finished Applying XDC Timing Constraints : Time (s): cpu = 00:03:52 ; elapsed = 00:04:10 . Memory (MB): peak = 1217.676 ; gain = 955.953
---------------------------------------------------------------------------------
---------------------------------------------------------------------------------
Start Timing Optimization
---------------------------------------------------------------------------------
---------------------------------------------------------------------------------
Finished Timing Optimization : Time (s): cpu = 00:03:55 ; elapsed = 00:04:13 . Memory (MB): peak = 1217.676 ; gain = 955.953
---------------------------------------------------------------------------------

Report RTL Partitions: 
+-+--------------+------------+----------+
| |RTL Partition |Replication |Instances |
+-+--------------+------------+----------+
+-+--------------+------------+----------+
---------------------------------------------------------------------------------
Start Technology Mapping
---------------------------------------------------------------------------------
INFO: [Synth 8-3886] merging instance 'U0/i_synth/xfft_inst/floating_point.xfft_inst/fft/non_floating_point.arch_b.xfft_inst/control/twiddle_generator1/tw1.twgen1/pos_addr_reg_reg[0]' (FDE) to 'U0/i_synth/xfft_inst/floating_point.xfft_inst/fft/non_floating_point.arch_b.xfft_inst/control/twiddle_generator1/tw1.twgen1/cos_addr_2s_comp/use_output_reg.D_OUT_reg[0]'
INFO: [Synth 8-3886] merging instance 'U0/i_synth/xfft_inst/floating_point.xfft_inst/fft/non_floating_point.arch_b.xfft_inst/control/twiddle_generator3/tw1.twgen1/pos_addr_reg_reg[0]' (FDE) to 'U0/i_synth/xfft_inst/floating_point.xfft_inst/fft/non_floating_point.arch_b.xfft_inst/control/twiddle_generator3/tw1.twgen1/sin_addr_2s_comp/use_output_reg.D_OUT_reg[0]'
INFO: [Synth 8-3886] merging instance 'U0/i_synth/xfft_inst/floating_point.xfft_inst/fft/non_floating_point.arch_b.xfft_inst/control/twiddle_generator2/tw1.twgen1/cos_addr_2s_comp/use_output_reg.D_OUT_reg[1]' (FDE) to 'U0/i_synth/xfft_inst/floating_point.xfft_inst/fft/non_floating_point.arch_b.xfft_inst/control/twiddle_generator2/tw1.twgen1/sin_addr_2s_comp/use_output_reg.D_OUT_reg[1]'
---------------------------------------------------------------------------------
Finished Technology Mapping : Time (s): cpu = 00:04:00 ; elapsed = 00:04:19 . Memory (MB): peak = 1217.676 ; gain = 955.953
---------------------------------------------------------------------------------

Report RTL Partitions: 
+-+--------------+------------+----------+
| |RTL Partition |Replication |Instances |
+-+--------------+------------+----------+
+-+--------------+------------+----------+
---------------------------------------------------------------------------------
Start IO Insertion
---------------------------------------------------------------------------------
---------------------------------------------------------------------------------
Start Flattening Before IO Insertion
---------------------------------------------------------------------------------
---------------------------------------------------------------------------------
Finished Flattening Before IO Insertion
---------------------------------------------------------------------------------
---------------------------------------------------------------------------------
Start Final Netlist Cleanup
---------------------------------------------------------------------------------
INFO: [Synth 8-5778] max_fanout handling on net ce_w2c is sub-optimal because some of its loads are not in same hierarchy as its driver   
---------------------------------------------------------------------------------
Finished Final Netlist Cleanup
---------------------------------------------------------------------------------
---------------------------------------------------------------------------------
Finished IO Insertion : Time (s): cpu = 00:04:02 ; elapsed = 00:04:20 . Memory (MB): peak = 1217.676 ; gain = 955.953
---------------------------------------------------------------------------------

Report Check Netlist: 
+------+------------------+-------+---------+-------+------------------+
|      |Item              |Errors |Warnings |Status |Description       |
+------+------------------+-------+---------+-------+------------------+
|1     |multi_driven_nets |      0|        0|Passed |Multi driven nets |
+------+------------------+-------+---------+-------+------------------+
---------------------------------------------------------------------------------
Start Renaming Generated Instances
---------------------------------------------------------------------------------
---------------------------------------------------------------------------------
Finished Renaming Generated Instances : Time (s): cpu = 00:04:02 ; elapsed = 00:04:21 . Memory (MB): peak = 1217.676 ; gain = 955.953
---------------------------------------------------------------------------------

Report RTL Partitions: 
+-+--------------+------------+----------+
| |RTL Partition |Replication |Instances |
+-+--------------+------------+----------+
+-+--------------+------------+----------+
---------------------------------------------------------------------------------
Start Rebuilding User Hierarchy
---------------------------------------------------------------------------------
---------------------------------------------------------------------------------
Finished Rebuilding User Hierarchy : Time (s): cpu = 00:04:04 ; elapsed = 00:04:23 . Memory (MB): peak = 1217.676 ; gain = 955.953
---------------------------------------------------------------------------------
---------------------------------------------------------------------------------
Start Renaming Generated Ports
---------------------------------------------------------------------------------
---------------------------------------------------------------------------------
Finished Renaming Generated Ports : Time (s): cpu = 00:04:04 ; elapsed = 00:04:23 . Memory (MB): peak = 1217.676 ; gain = 955.953
---------------------------------------------------------------------------------
---------------------------------------------------------------------------------
Start Handling Custom Attributes
---------------------------------------------------------------------------------
---------------------------------------------------------------------------------
Finished Handling Custom Attributes : Time (s): cpu = 00:04:04 ; elapsed = 00:04:23 . Memory (MB): peak = 1217.676 ; gain = 955.953
---------------------------------------------------------------------------------
---------------------------------------------------------------------------------
Start Renaming Generated Nets
---------------------------------------------------------------------------------
---------------------------------------------------------------------------------
Finished Renaming Generated Nets : Time (s): cpu = 00:04:04 ; elapsed = 00:04:23 . Memory (MB): peak = 1217.676 ; gain = 955.953
---------------------------------------------------------------------------------
---------------------------------------------------------------------------------
Start Writing Synthesis Report
---------------------------------------------------------------------------------

Report BlackBoxes: 
+-+--------------+----------+
| |BlackBox name |Instances |
+-+--------------+----------+
+-+--------------+----------+

Report Cell Usage: 
+------+-----------+------+
|      |Cell       |Count |
+------+-----------+------+
|1     |CARRY4     |     8|
|2     |DSP48E1    |     6|
|3     |DSP48E1_1  |     6|
|4     |DSP48E1_2  |     6|
|5     |DSP48E1_3  |     6|
|6     |LUT1       |   143|
|7     |LUT2       |   769|
|8     |LUT3       |  1092|
|9     |LUT4       |   199|
|10    |LUT5       |   184|
|11    |LUT6       |  1144|
|12    |MUXCY      |   951|
|13    |MUXF7      |    24|
|14    |MUXF8      |     2|
|15    |RAMB18     |    31|
|16    |RAMB36E1_1 |     3|
|17    |SRL16E     |   549|
|18    |SRLC32E    |     8|
|19    |XORCY      |   885|
|20    |FDE        |   101|
|21    |FDRE       |  4992|
|22    |FDSE       |    41|
+------+-----------+------+
---------------------------------------------------------------------------------
Finished Writing Synthesis Report : Time (s): cpu = 00:04:04 ; elapsed = 00:04:23 . Memory (MB): peak = 1217.676 ; gain = 955.953
---------------------------------------------------------------------------------
Synthesis finished with 0 errors, 0 critical warnings and 956 warnings.
Synthesis Optimization Runtime : Time (s): cpu = 00:00:54 ; elapsed = 00:04:10 . Memory (MB): peak = 1217.676 ; gain = 955.953
Synthesis Optimization Complete : Time (s): cpu = 00:04:05 ; elapsed = 00:04:23 . Memory (MB): peak = 1217.676 ; gain = 955.953
INFO: [Project 1-571] Translating synthesized netlist
INFO: [Netlist 29-17] Analyzing 2029 Unisim elements for replacement
INFO: [Netlist 29-28] Unisim Transformation completed in 0 CPU seconds
INFO: [Project 1-570] Preparing netlist for logic optimization
INFO: [Opt 31-138] Pushed 0 inverter(s) to 0 load pin(s).
INFO: [Project 1-111] Unisim Transformation Summary:
  A total of 421 instances were transformed.
  (MUXCY,XORCY) => CARRY4: 289 instances
  FDE => FDRE: 101 instances
  RAMB18 => RAMB18E1: 31 instances

INFO: [Common 17-83] Releasing license: Synthesis
257 Infos, 102 Warnings, 0 Critical Warnings and 0 Errors encountered.
synth_design completed successfully
synth_design: Time (s): cpu = 00:04:12 ; elapsed = 00:04:32 . Memory (MB): peak = 1217.676 ; gain = 966.465
INFO: [Common 17-1381] The checkpoint 'C:/Users/panze/Documents/Project/Vivado_Work/Spectral_Analyzer/Spectral_Analyzer.runs/Audio_Interface_xfft_0_3_synth_1/Audio_Interface_xfft_0_3.dcp' has been generated.
